2025-07-21 16:51:54,364 - DEBUG - Output directory: /Users/dhruvmenon/Documents/optics-framework-1/optics_framework/samples/playwright_sample/execution_output, writable=True
2025-07-21 16:51:54,365 - DEBUG - Added internal log file: /Users/dhruvmenon/Documents/optics-framework-1/optics_framework/samples/playwright_sample/execution_output/internal_logs.log
2025-07-21 16:51:54,365 - DEBUG - Added execution log file: /Users/dhruvmenon/Documents/optics-framework-1/optics_framework/samples/playwright_sample/execution_output/execution_logs.log
2025-07-21 16:51:54,372 - DEBUG - Logging handlers initialized
2025-07-21 16:51:54,773 - DEBUG - Lazily loaded module: optics_framework.engines.drivers.playwright
2025-07-21 16:51:54,773 - DEBUG - Instantiated PlaywrightDriver from optics_framework.engines.drivers.playwright
2025-07-21 16:51:54,776 - DEBUG - EventManager initialized: 4911940000
2025-07-21 16:51:54,778 - DEBUG - Executing with runner_type: test_runner, use_printer: False
2025-07-21 16:51:54,779 - DEBUG - Event loop running: True
2025-07-21 16:51:54,779 - DEBUG - EventManager started, process_task: <Task pending name='Task-2' coro=<EventManager._process_events() running at /Users/dhruvmenon/Documents/optics-framework-1/optics_framework/common/events.py:113>>
2025-07-21 16:51:54,780 - DEBUG - Starting event processing loop
2025-07-21 16:51:54,780 - DEBUG - Using printer: NullResultPrinter for runner: test_runner
2025-07-21 16:51:54,780 - DEBUG - Returning cached instance for: playwright
2025-07-21 16:51:54,785 - DEBUG - Lazily loaded module: optics_framework.engines.elementsources.playwright_find_element
2025-07-21 16:51:54,785 - DEBUG - Instantiated PlaywrightFindElement from optics_framework.engines.elementsources.playwright_find_element
2025-07-21 16:51:54,787 - DEBUG - Lazily loaded module: optics_framework.engines.elementsources.playwright_page_source
2025-07-21 16:51:54,787 - DEBUG - Instantiated PlaywrightPageSource from optics_framework.engines.elementsources.playwright_page_source
2025-07-21 16:51:54,789 - DEBUG - Lazily loaded module: optics_framework.engines.elementsources.playwright_screenshot
2025-07-21 16:51:54,789 - DEBUG - Instantiated PlaywrightScreenshot from optics_framework.engines.elementsources.playwright_screenshot
2025-07-21 16:51:54,789 - DEBUG - Returning cached instance for: playwright_find_element
2025-07-21 16:51:54,789 - DEBUG - Returning cached instance for: playwright_page_source
2025-07-21 16:51:54,789 - DEBUG - Returning cached instance for: playwright_screenshot
2025-07-21 16:51:54,797 - DEBUG - Returning cached instance for: playwright
2025-07-21 16:51:54,797 - DEBUG - Returning cached instance for: playwright_find_element
2025-07-21 16:51:54,797 - DEBUG - Returning cached instance for: playwright_page_source
2025-07-21 16:51:54,797 - DEBUG - Returning cached instance for: playwright_screenshot
2025-07-21 16:51:54,804 - DEBUG - Publishing event: {'entity_type': 'execution', 'entity_id': 'fbde61bc-0c11-4e47-88e3-af3abc4fddc2', 'name': 'Execution', 'status': <EventStatus.RUNNING: 'RUNNING'>, 'message': 'Starting batch execution', 'parent_id': None, 'extra': {'session_id': 'fbde61bc-0c11-4e47-88e3-af3abc4fddc2'}, 'timestamp': 1753096914.803539, 'args': None, 'start_time': None, 'end_time': None, 'elapsed': None, 'logs': None}
2025-07-21 16:51:54,805 - DEBUG - Processing event: {'entity_type': 'execution', 'entity_id': 'fbde61bc-0c11-4e47-88e3-af3abc4fddc2', 'name': 'Execution', 'status': <EventStatus.RUNNING: 'RUNNING'>, 'message': 'Starting batch execution', 'parent_id': None, 'extra': {'session_id': 'fbde61bc-0c11-4e47-88e3-af3abc4fddc2'}, 'timestamp': 1753096914.803539, 'args': None, 'start_time': None, 'end_time': None, 'elapsed': None, 'logs': None}
2025-07-21 16:51:54,807 - DEBUG - Queueing event (sync): {'entity_type': 'test_case', 'entity_id': '6c2e0041-2ce5-4523-88db-49fab2970fb8', 'name': 'Attempt login with incorrect password', 'status': <EventStatus.RUNNING: 'RUNNING'>, 'message': '', 'parent_id': None, 'extra': {'session_id': 'fbde61bc-0c11-4e47-88e3-af3abc4fddc2'}, 'timestamp': 1753096914.807502, 'args': None, 'start_time': 1753096914.807384, 'end_time': None, 'elapsed': None, 'logs': None}
2025-07-21 16:51:54,808 - DEBUG - Updating status for TestCaseResult: Attempt login with incorrect password -> RUNNING
2025-07-21 16:51:54,810 - DEBUG - Executing keyword: Launch other App (id: ee8181ed-d346-42fd-a9a7-b1381156f1c7)
2025-07-21 16:51:54,809 - DEBUG - Queueing event (sync): {'entity_type': 'module', 'entity_id': 'a69cef4f-bfba-4308-b6b6-c6a989c7e249', 'name': 'Login with invalid credentials', 'status': <EventStatus.RUNNING: 'RUNNING'>, 'message': '', 'parent_id': '6c2e0041-2ce5-4523-88db-49fab2970fb8', 'extra': {'session_id': 'fbde61bc-0c11-4e47-88e3-af3abc4fddc2'}, 'timestamp': 1753096914.809152, 'args': None, 'start_time': 1753096914.809124, 'end_time': None, 'elapsed': None, 'logs': None}
2025-07-21 16:51:54,810 - DEBUG - Updating status for ModuleResult: Login with invalid credentials -> RUNNING
2025-07-21 16:51:54,810 - DEBUG - Found keyword: Launch other App (id: ee8181ed-d346-42fd-a9a7-b1381156f1c7)
2025-07-21 16:51:54,810 - DEBUG - Queueing event (sync): {'entity_type': 'keyword', 'entity_id': 'ee8181ed-d346-42fd-a9a7-b1381156f1c7', 'name': 'Launch other App', 'status': <EventStatus.RUNNING: 'RUNNING'>, 'message': '', 'parent_id': 'a69cef4f-bfba-4308-b6b6-c6a989c7e249', 'extra': {'session_id': 'fbde61bc-0c11-4e47-88e3-af3abc4fddc2'}, 'timestamp': 1753096914.8103738, 'args': None, 'start_time': 1753096914.810346, 'end_time': None, 'elapsed': None, 'logs': None}
2025-07-21 16:51:54,811 - DEBUG - Updating status for KeywordResult: Launch other App -> RUNNING
2025-07-21 16:51:55,021 - INFO - Launching local Playwright browser: chromium
2025-07-21 16:51:55,194 - DEBUG - Started Playwright session with browser: chromium
2025-07-21 16:51:57,691 - DEBUG - Launched other web app at https://infinitynxt.icicibank.com/in/login-page with event: None
2025-07-21 16:51:57,693 - DEBUG - Executing keyword: sleep {small_delay} (id: 357bd81a-c47b-4538-969c-1da4cbc22297)
2025-07-21 16:51:57,692 - DEBUG - Queueing event (sync): {'entity_type': 'keyword', 'entity_id': 'ee8181ed-d346-42fd-a9a7-b1381156f1c7', 'name': 'Launch other App', 'status': <EventStatus.PASS: 'PASS'>, 'message': '', 'parent_id': 'a69cef4f-bfba-4308-b6b6-c6a989c7e249', 'extra': {'session_id': 'fbde61bc-0c11-4e47-88e3-af3abc4fddc2'}, 'timestamp': 1753096917.6920698, 'args': {}, 'start_time': 1753096914.810346, 'end_time': 1753096917.692039, 'elapsed': 2.881693124771118, 'logs': ['Executing keyword: Launch other App (id: ee8181ed-d346-42fd-a9a7-b1381156f1c7)', 'PARAMS: https://infinitynxt.icicibank.com/in/login-page']}
2025-07-21 16:51:57,693 - DEBUG - Updating status for KeywordResult: Launch other App -> PASS
2025-07-21 16:51:57,693 - DEBUG - Found keyword: sleep {small_delay} (id: 357bd81a-c47b-4538-969c-1da4cbc22297)
2025-07-21 16:51:57,693 - DEBUG - Queueing event (sync): {'entity_type': 'keyword', 'entity_id': '357bd81a-c47b-4538-969c-1da4cbc22297', 'name': 'sleep {small_delay}', 'status': <EventStatus.RUNNING: 'RUNNING'>, 'message': '', 'parent_id': 'a69cef4f-bfba-4308-b6b6-c6a989c7e249', 'extra': {'session_id': 'fbde61bc-0c11-4e47-88e3-af3abc4fddc2'}, 'timestamp': 1753096917.6935449, 'args': None, 'start_time': 1753096917.693538, 'end_time': None, 'elapsed': None, 'logs': None}
2025-07-21 16:51:57,695 - DEBUG - Updating status for KeywordResult: sleep {small_delay} -> RUNNING
2025-07-21 16:51:57,695 - DEBUG - Queueing event (sync): {'entity_type': 'keyword', 'entity_id': '357bd81a-c47b-4538-969c-1da4cbc22297', 'name': 'sleep {small_delay}', 'status': <EventStatus.FAIL: 'FAIL'>, 'message': 'Keyword not found', 'parent_id': 'a69cef4f-bfba-4308-b6b6-c6a989c7e249', 'extra': {'session_id': 'fbde61bc-0c11-4e47-88e3-af3abc4fddc2'}, 'timestamp': 1753096917.695599, 'args': None, 'start_time': 1753096917.693538, 'end_time': 1753096917.695594, 'elapsed': 0.002056121826171875, 'logs': None}
2025-07-21 16:51:57,697 - DEBUG - Updating status for KeywordResult: sleep {small_delay} -> FAIL
2025-07-21 16:51:57,697 - DEBUG - Queueing event (sync): {'entity_type': 'module', 'entity_id': 'a69cef4f-bfba-4308-b6b6-c6a989c7e249', 'name': 'Login with invalid credentials', 'status': <EventStatus.FAIL: 'FAIL'>, 'message': '', 'parent_id': '6c2e0041-2ce5-4523-88db-49fab2970fb8', 'extra': {'session_id': 'fbde61bc-0c11-4e47-88e3-af3abc4fddc2'}, 'timestamp': 1753096917.6973991, 'args': None, 'start_time': 1753096914.809124, 'end_time': 1753096917.697393, 'elapsed': 2.8882689476013184, 'logs': None}
2025-07-21 16:51:57,698 - DEBUG - Updating status for ModuleResult: Login with invalid credentials -> FAIL
2025-07-21 16:51:57,698 - DEBUG - Queueing event (sync): {'entity_type': 'test_case', 'entity_id': '6c2e0041-2ce5-4523-88db-49fab2970fb8', 'name': 'Attempt login with incorrect password', 'status': <EventStatus.FAIL: 'FAIL'>, 'message': '', 'parent_id': None, 'extra': {'session_id': 'fbde61bc-0c11-4e47-88e3-af3abc4fddc2'}, 'timestamp': 1753096917.698658, 'args': None, 'start_time': 1753096914.807384, 'end_time': 1753096917.6985989, 'elapsed': 2.8912148475646973, 'logs': None}
2025-07-21 16:51:57,700 - DEBUG - Updating status for TestCaseResult: Attempt login with incorrect password -> FAIL
2025-07-21 16:51:57,702 - DEBUG - Publishing event: {'entity_type': 'execution', 'entity_id': 'fbde61bc-0c11-4e47-88e3-af3abc4fddc2', 'name': 'Execution', 'status': <EventStatus.FAIL: 'FAIL'>, 'message': 'Some test cases failed', 'parent_id': None, 'extra': {'session_id': 'fbde61bc-0c11-4e47-88e3-af3abc4fddc2'}, 'timestamp': 1753096917.700717, 'args': None, 'start_time': None, 'end_time': None, 'elapsed': None, 'logs': None}
2025-07-21 16:51:57,731 - DEBUG - Playwright session ended
2025-07-21 16:52:14,665 - DEBUG - Output directory: /Users/dhruvmenon/Documents/optics-framework-1/optics_framework/samples/playwright_sample/execution_output, writable=True
2025-07-21 16:52:14,665 - DEBUG - Added internal log file: /Users/dhruvmenon/Documents/optics-framework-1/optics_framework/samples/playwright_sample/execution_output/internal_logs.log
2025-07-21 16:52:14,665 - DEBUG - Added execution log file: /Users/dhruvmenon/Documents/optics-framework-1/optics_framework/samples/playwright_sample/execution_output/execution_logs.log
2025-07-21 16:52:14,673 - DEBUG - Logging handlers initialized
2025-07-21 16:52:15,084 - DEBUG - Lazily loaded module: optics_framework.engines.drivers.playwright
2025-07-21 16:52:15,084 - DEBUG - Instantiated PlaywrightDriver from optics_framework.engines.drivers.playwright
2025-07-21 16:52:15,087 - DEBUG - EventManager initialized: 5172810080
2025-07-21 16:52:15,087 - DEBUG - Executing with runner_type: test_runner, use_printer: False
2025-07-21 16:52:15,089 - DEBUG - Event loop running: True
2025-07-21 16:52:15,089 - DEBUG - EventManager started, process_task: <Task pending name='Task-2' coro=<EventManager._process_events() running at /Users/dhruvmenon/Documents/optics-framework-1/optics_framework/common/events.py:113>>
2025-07-21 16:52:15,089 - DEBUG - Starting event processing loop
2025-07-21 16:52:15,090 - DEBUG - Using printer: NullResultPrinter for runner: test_runner
2025-07-21 16:52:15,091 - DEBUG - Returning cached instance for: playwright
2025-07-21 16:52:15,095 - DEBUG - Lazily loaded module: optics_framework.engines.elementsources.playwright_find_element
2025-07-21 16:52:15,095 - DEBUG - Instantiated PlaywrightFindElement from optics_framework.engines.elementsources.playwright_find_element
2025-07-21 16:52:15,097 - DEBUG - Lazily loaded module: optics_framework.engines.elementsources.playwright_page_source
2025-07-21 16:52:15,097 - DEBUG - Instantiated PlaywrightPageSource from optics_framework.engines.elementsources.playwright_page_source
2025-07-21 16:52:15,099 - DEBUG - Lazily loaded module: optics_framework.engines.elementsources.playwright_screenshot
2025-07-21 16:52:15,099 - DEBUG - Instantiated PlaywrightScreenshot from optics_framework.engines.elementsources.playwright_screenshot
2025-07-21 16:52:15,099 - DEBUG - Returning cached instance for: playwright_find_element
2025-07-21 16:52:15,099 - DEBUG - Returning cached instance for: playwright_page_source
2025-07-21 16:52:15,099 - DEBUG - Returning cached instance for: playwright_screenshot
2025-07-21 16:52:15,108 - DEBUG - Returning cached instance for: playwright
2025-07-21 16:52:15,108 - DEBUG - Returning cached instance for: playwright_find_element
2025-07-21 16:52:15,108 - DEBUG - Returning cached instance for: playwright_page_source
2025-07-21 16:52:15,108 - DEBUG - Returning cached instance for: playwright_screenshot
2025-07-21 16:52:15,113 - DEBUG - Initialized test_state: ['Attempt login with incorrect password'] with 2 modules
2025-07-21 16:52:15,115 - DEBUG - Publishing event: {'entity_type': 'execution', 'entity_id': '34fb9d95-2e73-4d65-b957-d65815dc8f20', 'name': 'Execution', 'status': <EventStatus.RUNNING: 'RUNNING'>, 'message': 'Starting batch execution', 'parent_id': None, 'extra': {'session_id': '34fb9d95-2e73-4d65-b957-d65815dc8f20'}, 'timestamp': 1753096935.113201, 'args': None, 'start_time': None, 'end_time': None, 'elapsed': None, 'logs': None}
2025-07-21 16:52:15,115 - DEBUG - Processing event: {'entity_type': 'execution', 'entity_id': '34fb9d95-2e73-4d65-b957-d65815dc8f20', 'name': 'Execution', 'status': <EventStatus.RUNNING: 'RUNNING'>, 'message': 'Starting batch execution', 'parent_id': None, 'extra': {'session_id': '34fb9d95-2e73-4d65-b957-d65815dc8f20'}, 'timestamp': 1753096935.113201, 'args': None, 'start_time': None, 'end_time': None, 'elapsed': None, 'logs': None}
2025-07-21 16:52:15,118 - DEBUG - Queueing event (sync): {'entity_type': 'test_case', 'entity_id': '3174f14e-52e2-486f-a509-af099170802d', 'name': 'Attempt login with incorrect password', 'status': <EventStatus.RUNNING: 'RUNNING'>, 'message': '', 'parent_id': None, 'extra': {'session_id': '34fb9d95-2e73-4d65-b957-d65815dc8f20'}, 'timestamp': 1753096935.1183, 'args': None, 'start_time': 1753096935.118166, 'end_time': None, 'elapsed': None, 'logs': None}
2025-07-21 16:52:15,119 - DEBUG - Updating status for TestCaseResult: Attempt login with incorrect password -> RUNNING
2025-07-21 16:52:15,120 - DEBUG - Queueing event (sync): {'entity_type': 'module', 'entity_id': 'ecda7997-5e46-40ed-8aa7-d8b0d664a635', 'name': 'Login with invalid credentials', 'status': <EventStatus.RUNNING: 'RUNNING'>, 'message': '', 'parent_id': '3174f14e-52e2-486f-a509-af099170802d', 'extra': {'session_id': '34fb9d95-2e73-4d65-b957-d65815dc8f20'}, 'timestamp': 1753096935.1199858, 'args': None, 'start_time': 1753096935.119955, 'end_time': None, 'elapsed': None, 'logs': None}
2025-07-21 16:52:15,121 - DEBUG - Updating status for ModuleResult: Login with invalid credentials -> RUNNING
2025-07-21 16:52:15,124 - DEBUG - PARAMS: https://infinitynxt.icicibank.com/in/login-page
2025-07-21 16:52:15,121 - DEBUG - Found keyword: Launch other App (id: 59937c61-12cb-4c67-a229-eb023a27f87e)
2025-07-21 16:52:15,121 - DEBUG - Queueing event (sync): {'entity_type': 'keyword', 'entity_id': '59937c61-12cb-4c67-a229-eb023a27f87e', 'name': 'Launch other App', 'status': <EventStatus.RUNNING: 'RUNNING'>, 'message': '', 'parent_id': 'ecda7997-5e46-40ed-8aa7-d8b0d664a635', 'extra': {'session_id': '34fb9d95-2e73-4d65-b957-d65815dc8f20'}, 'timestamp': 1753096935.121301, 'args': None, 'start_time': 1753096935.121274, 'end_time': None, 'elapsed': None, 'logs': None}
2025-07-21 16:52:15,124 - DEBUG - Updating status for KeywordResult: Launch other App -> RUNNING
2025-07-21 16:52:15,337 - INFO - Launching local Playwright browser: chromium
2025-07-21 16:52:15,517 - DEBUG - Started Playwright session with browser: chromium
2025-07-21 16:52:22,636 - DEBUG - Launched other web app at https://infinitynxt.icicibank.com/in/login-page with event: None
2025-07-21 16:52:22,636 - DEBUG - Queueing event (sync): {'entity_type': 'keyword', 'entity_id': '59937c61-12cb-4c67-a229-eb023a27f87e', 'name': 'Launch other App', 'status': <EventStatus.PASS: 'PASS'>, 'message': '', 'parent_id': 'ecda7997-5e46-40ed-8aa7-d8b0d664a635', 'extra': {'session_id': '34fb9d95-2e73-4d65-b957-d65815dc8f20'}, 'timestamp': 1753096942.6366122, 'args': {}, 'start_time': 1753096935.121274, 'end_time': 1753096942.636578, 'elapsed': 7.515304088592529, 'logs': ['Executing keyword: Launch other App (id: 59937c61-12cb-4c67-a229-eb023a27f87e)', 'PARAMS: https://infinitynxt.icicibank.com/in/login-page']}
2025-07-21 16:52:22,638 - DEBUG - Updating status for KeywordResult: Launch other App -> PASS
2025-07-21 16:52:22,638 - DEBUG - Found keyword: sleep {small_delay} (id: 90714d4d-0278-4a55-a6e4-324fee3e8754)
2025-07-21 16:52:22,638 - DEBUG - Queueing event (sync): {'entity_type': 'keyword', 'entity_id': '90714d4d-0278-4a55-a6e4-324fee3e8754', 'name': 'sleep {small_delay}', 'status': <EventStatus.RUNNING: 'RUNNING'>, 'message': '', 'parent_id': 'ecda7997-5e46-40ed-8aa7-d8b0d664a635', 'extra': {'session_id': '34fb9d95-2e73-4d65-b957-d65815dc8f20'}, 'timestamp': 1753096942.638258, 'args': None, 'start_time': 1753096942.6382499, 'end_time': None, 'elapsed': None, 'logs': None}
2025-07-21 16:52:22,640 - DEBUG - Updating status for KeywordResult: sleep {small_delay} -> RUNNING
2025-07-21 16:52:22,640 - DEBUG - Queueing event (sync): {'entity_type': 'keyword', 'entity_id': '90714d4d-0278-4a55-a6e4-324fee3e8754', 'name': 'sleep {small_delay}', 'status': <EventStatus.FAIL: 'FAIL'>, 'message': 'Keyword not found', 'parent_id': 'ecda7997-5e46-40ed-8aa7-d8b0d664a635', 'extra': {'session_id': '34fb9d95-2e73-4d65-b957-d65815dc8f20'}, 'timestamp': 1753096942.640509, 'args': None, 'start_time': 1753096942.6382499, 'end_time': 1753096942.640502, 'elapsed': 0.0022521018981933594, 'logs': None}
2025-07-21 16:52:22,641 - DEBUG - Updating status for KeywordResult: sleep {small_delay} -> FAIL
2025-07-21 16:52:22,641 - DEBUG - Queueing event (sync): {'entity_type': 'module', 'entity_id': 'ecda7997-5e46-40ed-8aa7-d8b0d664a635', 'name': 'Login with invalid credentials', 'status': <EventStatus.FAIL: 'FAIL'>, 'message': '', 'parent_id': '3174f14e-52e2-486f-a509-af099170802d', 'extra': {'session_id': '34fb9d95-2e73-4d65-b957-d65815dc8f20'}, 'timestamp': 1753096942.641765, 'args': None, 'start_time': 1753096935.119955, 'end_time': 1753096942.641758, 'elapsed': 7.52180290222168, 'logs': None}
2025-07-21 16:52:22,642 - DEBUG - Updating status for ModuleResult: Login with invalid credentials -> FAIL
2025-07-21 16:52:22,642 - DEBUG - Queueing event (sync): {'entity_type': 'test_case', 'entity_id': '3174f14e-52e2-486f-a509-af099170802d', 'name': 'Attempt login with incorrect password', 'status': <EventStatus.FAIL: 'FAIL'>, 'message': '', 'parent_id': None, 'extra': {'session_id': '34fb9d95-2e73-4d65-b957-d65815dc8f20'}, 'timestamp': 1753096942.642339, 'args': None, 'start_time': 1753096935.118166, 'end_time': 1753096942.642336, 'elapsed': 7.524169921875, 'logs': None}
2025-07-21 16:52:22,644 - DEBUG - Updating status for TestCaseResult: Attempt login with incorrect password -> FAIL
2025-07-21 16:52:22,645 - DEBUG - Publishing event: {'entity_type': 'execution', 'entity_id': '34fb9d95-2e73-4d65-b957-d65815dc8f20', 'name': 'Execution', 'status': <EventStatus.FAIL: 'FAIL'>, 'message': 'Some test cases failed', 'parent_id': None, 'extra': {'session_id': '34fb9d95-2e73-4d65-b957-d65815dc8f20'}, 'timestamp': 1753096942.644921, 'args': None, 'start_time': None, 'end_time': None, 'elapsed': None, 'logs': None}
2025-07-21 16:52:22,680 - DEBUG - Playwright session ended
2025-07-21 16:52:41,877 - DEBUG - Output directory: /Users/dhruvmenon/Documents/optics-framework-1/optics_framework/samples/playwright_sample/execution_output, writable=True
2025-07-21 16:52:41,878 - DEBUG - Added internal log file: /Users/dhruvmenon/Documents/optics-framework-1/optics_framework/samples/playwright_sample/execution_output/internal_logs.log
2025-07-21 16:52:41,878 - DEBUG - Added execution log file: /Users/dhruvmenon/Documents/optics-framework-1/optics_framework/samples/playwright_sample/execution_output/execution_logs.log
2025-07-21 16:52:41,888 - DEBUG - Logging handlers initialized
2025-07-21 16:52:42,337 - DEBUG - Lazily loaded module: optics_framework.engines.drivers.playwright
2025-07-21 16:52:42,337 - DEBUG - Instantiated PlaywrightDriver from optics_framework.engines.drivers.playwright
2025-07-21 16:52:42,340 - DEBUG - EventManager initialized: 4911189360
2025-07-21 16:52:42,341 - DEBUG - Executing with runner_type: test_runner, use_printer: False
2025-07-21 16:52:42,343 - DEBUG - Event loop running: True
2025-07-21 16:52:42,343 - DEBUG - EventManager started, process_task: <Task pending name='Task-2' coro=<EventManager._process_events() running at /Users/dhruvmenon/Documents/optics-framework-1/optics_framework/common/events.py:113>>
2025-07-21 16:52:42,344 - DEBUG - Starting event processing loop
2025-07-21 16:52:42,344 - DEBUG - Using printer: NullResultPrinter for runner: test_runner
2025-07-21 16:52:42,344 - DEBUG - Returning cached instance for: playwright
2025-07-21 16:52:42,348 - DEBUG - Lazily loaded module: optics_framework.engines.elementsources.playwright_find_element
2025-07-21 16:52:42,348 - DEBUG - Instantiated PlaywrightFindElement from optics_framework.engines.elementsources.playwright_find_element
2025-07-21 16:52:42,350 - DEBUG - Lazily loaded module: optics_framework.engines.elementsources.playwright_page_source
2025-07-21 16:52:42,351 - DEBUG - Instantiated PlaywrightPageSource from optics_framework.engines.elementsources.playwright_page_source
2025-07-21 16:52:42,353 - DEBUG - Lazily loaded module: optics_framework.engines.elementsources.playwright_screenshot
2025-07-21 16:52:42,353 - DEBUG - Instantiated PlaywrightScreenshot from optics_framework.engines.elementsources.playwright_screenshot
2025-07-21 16:52:42,353 - DEBUG - Returning cached instance for: playwright_find_element
2025-07-21 16:52:42,353 - DEBUG - Returning cached instance for: playwright_page_source
2025-07-21 16:52:42,353 - DEBUG - Returning cached instance for: playwright_screenshot
2025-07-21 16:52:42,361 - DEBUG - Returning cached instance for: playwright
2025-07-21 16:52:42,361 - DEBUG - Returning cached instance for: playwright_find_element
2025-07-21 16:52:42,361 - DEBUG - Returning cached instance for: playwright_page_source
2025-07-21 16:52:42,361 - DEBUG - Returning cached instance for: playwright_screenshot
2025-07-21 16:52:42,368 - DEBUG - Publishing event: {'entity_type': 'execution', 'entity_id': 'ca7dddf4-86da-4035-8f69-560575da2660', 'name': 'Execution', 'status': <EventStatus.RUNNING: 'RUNNING'>, 'message': 'Starting batch execution', 'parent_id': None, 'extra': {'session_id': 'ca7dddf4-86da-4035-8f69-560575da2660'}, 'timestamp': 1753096962.3679419, 'args': None, 'start_time': None, 'end_time': None, 'elapsed': None, 'logs': None}
2025-07-21 16:52:42,370 - DEBUG - Processing event: {'entity_type': 'execution', 'entity_id': 'ca7dddf4-86da-4035-8f69-560575da2660', 'name': 'Execution', 'status': <EventStatus.RUNNING: 'RUNNING'>, 'message': 'Starting batch execution', 'parent_id': None, 'extra': {'session_id': 'ca7dddf4-86da-4035-8f69-560575da2660'}, 'timestamp': 1753096962.3679419, 'args': None, 'start_time': None, 'end_time': None, 'elapsed': None, 'logs': None}
2025-07-21 16:52:42,371 - DEBUG - Queueing event (sync): {'entity_type': 'test_case', 'entity_id': '906419d8-5693-4378-a5f8-579863c8b7fc', 'name': 'Attempt login with incorrect password', 'status': <EventStatus.RUNNING: 'RUNNING'>, 'message': '', 'parent_id': None, 'extra': {'session_id': 'ca7dddf4-86da-4035-8f69-560575da2660'}, 'timestamp': 1753096962.371865, 'args': None, 'start_time': 1753096962.371737, 'end_time': None, 'elapsed': None, 'logs': None}
2025-07-21 16:52:42,373 - DEBUG - Updating status for TestCaseResult: Attempt login with incorrect password -> RUNNING
2025-07-21 16:52:42,373 - DEBUG - Queueing event (sync): {'entity_type': 'module', 'entity_id': '9a9ca0a7-91c6-41ee-9003-0fde273b2bac', 'name': 'Login with invalid credentials', 'status': <EventStatus.RUNNING: 'RUNNING'>, 'message': '', 'parent_id': '906419d8-5693-4378-a5f8-579863c8b7fc', 'extra': {'session_id': 'ca7dddf4-86da-4035-8f69-560575da2660'}, 'timestamp': 1753096962.373933, 'args': None, 'start_time': 1753096962.373805, 'end_time': None, 'elapsed': None, 'logs': None}
2025-07-21 16:52:42,377 - DEBUG - Updating status for ModuleResult: Login with invalid credentials -> RUNNING
2025-07-21 16:52:42,377 - DEBUG - Executing keyword: Launch other App (id: e30f07d7-9906-4c37-a69d-e3102e6121c0)
2025-07-21 16:52:42,377 - DEBUG - Found keyword: Launch other App (id: e30f07d7-9906-4c37-a69d-e3102e6121c0)
2025-07-21 16:52:42,377 - DEBUG - Queueing event (sync): {'entity_type': 'keyword', 'entity_id': 'e30f07d7-9906-4c37-a69d-e3102e6121c0', 'name': 'Launch other App', 'status': <EventStatus.RUNNING: 'RUNNING'>, 'message': '', 'parent_id': '9a9ca0a7-91c6-41ee-9003-0fde273b2bac', 'extra': {'session_id': 'ca7dddf4-86da-4035-8f69-560575da2660'}, 'timestamp': 1753096962.3778849, 'args': None, 'start_time': 1753096962.3778281, 'end_time': None, 'elapsed': None, 'logs': None}
2025-07-21 16:52:42,383 - DEBUG - Updating status for KeywordResult: Launch other App -> RUNNING
2025-07-21 16:52:45,249 - INFO - Launching local Playwright browser: chromium
2025-07-21 16:52:45,449 - DEBUG - Started Playwright session with browser: chromium
2025-07-21 16:52:50,272 - DEBUG - Launched other web app at https://infinitynxt.icicibank.com/in/login-page with event: None
2025-07-21 16:52:50,273 - DEBUG - Queueing event (sync): {'entity_type': 'keyword', 'entity_id': 'e30f07d7-9906-4c37-a69d-e3102e6121c0', 'name': 'Launch other App', 'status': <EventStatus.PASS: 'PASS'>, 'message': '', 'parent_id': '9a9ca0a7-91c6-41ee-9003-0fde273b2bac', 'extra': {'session_id': 'ca7dddf4-86da-4035-8f69-560575da2660'}, 'timestamp': 1753096970.272886, 'args': {}, 'start_time': 1753096962.3778281, 'end_time': 1753096970.272628, 'elapsed': 7.8947999477386475, 'logs': ['Executing keyword: Launch other App (id: e30f07d7-9906-4c37-a69d-e3102e6121c0)', 'PARAMS: https://infinitynxt.icicibank.com/in/login-page']}
2025-07-21 16:52:50,277 - DEBUG - Updating status for KeywordResult: Launch other App -> PASS
2025-07-21 16:52:50,277 - DEBUG - Found keyword: sleep {small_delay} (id: 751185b5-7afc-41aa-95b5-96454b47822f)
2025-07-21 16:52:50,277 - DEBUG - Queueing event (sync): {'entity_type': 'keyword', 'entity_id': '751185b5-7afc-41aa-95b5-96454b47822f', 'name': 'sleep {small_delay}', 'status': <EventStatus.RUNNING: 'RUNNING'>, 'message': '', 'parent_id': '9a9ca0a7-91c6-41ee-9003-0fde273b2bac', 'extra': {'session_id': 'ca7dddf4-86da-4035-8f69-560575da2660'}, 'timestamp': 1753096970.277909, 'args': None, 'start_time': 1753096970.277868, 'end_time': None, 'elapsed': None, 'logs': None}
2025-07-21 16:52:50,279 - DEBUG - Updating status for KeywordResult: sleep {small_delay} -> RUNNING
2025-07-21 16:52:50,280 - DEBUG - Queueing event (sync): {'entity_type': 'keyword', 'entity_id': '751185b5-7afc-41aa-95b5-96454b47822f', 'name': 'sleep {small_delay}', 'status': <EventStatus.FAIL: 'FAIL'>, 'message': 'Keyword not found', 'parent_id': '9a9ca0a7-91c6-41ee-9003-0fde273b2bac', 'extra': {'session_id': 'ca7dddf4-86da-4035-8f69-560575da2660'}, 'timestamp': 1753096970.280409, 'args': None, 'start_time': 1753096970.277868, 'end_time': 1753096970.280385, 'elapsed': 0.002521038055419922, 'logs': None}
2025-07-21 16:52:50,280 - DEBUG - Updating status for KeywordResult: sleep {small_delay} -> FAIL
2025-07-21 16:52:50,280 - DEBUG - Queueing event (sync): {'entity_type': 'module', 'entity_id': '9a9ca0a7-91c6-41ee-9003-0fde273b2bac', 'name': 'Login with invalid credentials', 'status': <EventStatus.FAIL: 'FAIL'>, 'message': '', 'parent_id': '906419d8-5693-4378-a5f8-579863c8b7fc', 'extra': {'session_id': 'ca7dddf4-86da-4035-8f69-560575da2660'}, 'timestamp': 1753096970.2809112, 'args': None, 'start_time': 1753096962.373805, 'end_time': 1753096970.2808871, 'elapsed': 7.907083034515381, 'logs': None}
2025-07-21 16:52:50,281 - DEBUG - Updating status for ModuleResult: Login with invalid credentials -> FAIL
2025-07-21 16:52:50,281 - DEBUG - Queueing event (sync): {'entity_type': 'test_case', 'entity_id': '906419d8-5693-4378-a5f8-579863c8b7fc', 'name': 'Attempt login with incorrect password', 'status': <EventStatus.FAIL: 'FAIL'>, 'message': '', 'parent_id': None, 'extra': {'session_id': 'ca7dddf4-86da-4035-8f69-560575da2660'}, 'timestamp': 1753096970.281445, 'args': None, 'start_time': 1753096962.371737, 'end_time': 1753096970.2814221, 'elapsed': 7.909685134887695, 'logs': None}
2025-07-21 16:52:50,281 - DEBUG - Updating status for TestCaseResult: Attempt login with incorrect password -> FAIL
2025-07-21 16:52:50,282 - DEBUG - Publishing event: {'entity_type': 'execution', 'entity_id': 'ca7dddf4-86da-4035-8f69-560575da2660', 'name': 'Execution', 'status': <EventStatus.FAIL: 'FAIL'>, 'message': 'Some test cases failed', 'parent_id': None, 'extra': {'session_id': 'ca7dddf4-86da-4035-8f69-560575da2660'}, 'timestamp': 1753096970.282071, 'args': None, 'start_time': None, 'end_time': None, 'elapsed': None, 'logs': None}
2025-07-21 16:52:50,358 - DEBUG - Playwright session ended
2025-07-21 16:55:24,464 - DEBUG - Output directory: /Users/dhruvmenon/Documents/optics-framework-1/optics_framework/samples/playwright_sample/execution_output, writable=True
2025-07-21 16:55:24,465 - DEBUG - Added internal log file: /Users/dhruvmenon/Documents/optics-framework-1/optics_framework/samples/playwright_sample/execution_output/internal_logs.log
2025-07-21 16:55:24,465 - DEBUG - Added execution log file: /Users/dhruvmenon/Documents/optics-framework-1/optics_framework/samples/playwright_sample/execution_output/execution_logs.log
2025-07-21 16:55:24,471 - DEBUG - Logging handlers initialized
2025-07-21 16:55:24,900 - DEBUG - Lazily loaded module: optics_framework.engines.drivers.playwright
2025-07-21 16:55:24,900 - DEBUG - Instantiated PlaywrightDriver from optics_framework.engines.drivers.playwright
2025-07-21 16:55:24,904 - DEBUG - EventManager initialized: 4810394656
2025-07-21 16:55:24,905 - DEBUG - Executing with runner_type: test_runner, use_printer: False
2025-07-21 16:55:24,906 - DEBUG - Event loop running: True
2025-07-21 16:55:24,906 - DEBUG - EventManager started, process_task: <Task pending name='Task-2' coro=<EventManager._process_events() running at /Users/dhruvmenon/Documents/optics-framework-1/optics_framework/common/events.py:113>>
2025-07-21 16:55:24,907 - DEBUG - Starting event processing loop
2025-07-21 16:55:24,907 - DEBUG - Using printer: NullResultPrinter for runner: test_runner
2025-07-21 16:55:24,908 - DEBUG - Returning cached instance for: playwright
2025-07-21 16:55:24,912 - DEBUG - Lazily loaded module: optics_framework.engines.elementsources.playwright_find_element
2025-07-21 16:55:24,912 - DEBUG - Instantiated PlaywrightFindElement from optics_framework.engines.elementsources.playwright_find_element
2025-07-21 16:55:24,914 - DEBUG - Lazily loaded module: optics_framework.engines.elementsources.playwright_page_source
2025-07-21 16:55:24,915 - DEBUG - Instantiated PlaywrightPageSource from optics_framework.engines.elementsources.playwright_page_source
2025-07-21 16:55:24,917 - DEBUG - Lazily loaded module: optics_framework.engines.elementsources.playwright_screenshot
2025-07-21 16:55:24,917 - DEBUG - Instantiated PlaywrightScreenshot from optics_framework.engines.elementsources.playwright_screenshot
2025-07-21 16:55:24,917 - DEBUG - Returning cached instance for: playwright_find_element
2025-07-21 16:55:24,917 - DEBUG - Returning cached instance for: playwright_page_source
2025-07-21 16:55:24,917 - DEBUG - Returning cached instance for: playwright_screenshot
2025-07-21 16:55:24,925 - DEBUG - Returning cached instance for: playwright
2025-07-21 16:55:24,925 - DEBUG - Returning cached instance for: playwright_find_element
2025-07-21 16:55:24,925 - DEBUG - Returning cached instance for: playwright_page_source
2025-07-21 16:55:24,925 - DEBUG - Returning cached instance for: playwright_screenshot
2025-07-21 16:55:24,930 - DEBUG - Initialized test_state: ['Attempt login with incorrect password'] with 2 modules
2025-07-21 16:55:24,932 - DEBUG - Publishing event: {'entity_type': 'execution', 'entity_id': '53ebb47e-7ffd-49f1-943f-21bacea0889a', 'name': 'Execution', 'status': <EventStatus.RUNNING: 'RUNNING'>, 'message': 'Starting batch execution', 'parent_id': None, 'extra': {'session_id': '53ebb47e-7ffd-49f1-943f-21bacea0889a'}, 'timestamp': 1753097124.930711, 'args': None, 'start_time': None, 'end_time': None, 'elapsed': None, 'logs': None}
2025-07-21 16:55:24,934 - DEBUG - Processing event: {'entity_type': 'execution', 'entity_id': '53ebb47e-7ffd-49f1-943f-21bacea0889a', 'name': 'Execution', 'status': <EventStatus.RUNNING: 'RUNNING'>, 'message': 'Starting batch execution', 'parent_id': None, 'extra': {'session_id': '53ebb47e-7ffd-49f1-943f-21bacea0889a'}, 'timestamp': 1753097124.930711, 'args': None, 'start_time': None, 'end_time': None, 'elapsed': None, 'logs': None}
2025-07-21 16:55:24,935 - DEBUG - Queueing event (sync): {'entity_type': 'test_case', 'entity_id': '4db41c65-cea3-4bcb-8e19-4466903c51cb', 'name': 'Attempt login with incorrect password', 'status': <EventStatus.RUNNING: 'RUNNING'>, 'message': '', 'parent_id': None, 'extra': {'session_id': '53ebb47e-7ffd-49f1-943f-21bacea0889a'}, 'timestamp': 1753097124.935851, 'args': None, 'start_time': 1753097124.9357061, 'end_time': None, 'elapsed': None, 'logs': None}
2025-07-21 16:55:24,937 - DEBUG - Updating status for TestCaseResult: Attempt login with incorrect password -> RUNNING
2025-07-21 16:55:24,937 - DEBUG - Queueing event (sync): {'entity_type': 'module', 'entity_id': '4981f046-8194-4d07-acc6-54393554ef1e', 'name': 'Login with invalid credentials', 'status': <EventStatus.RUNNING: 'RUNNING'>, 'message': '', 'parent_id': '4db41c65-cea3-4bcb-8e19-4466903c51cb', 'extra': {'session_id': '53ebb47e-7ffd-49f1-943f-21bacea0889a'}, 'timestamp': 1753097124.93743, 'args': None, 'start_time': 1753097124.937402, 'end_time': None, 'elapsed': None, 'logs': None}
2025-07-21 16:55:24,939 - DEBUG - Updating status for ModuleResult: Login with invalid credentials -> RUNNING
2025-07-21 16:55:24,940 - DEBUG - Found keyword: Launch other App (id: 0f573ca0-6f7c-424b-b8d3-a457a23c4104)
2025-07-21 16:55:24,940 - DEBUG - Queueing event (sync): {'entity_type': 'keyword', 'entity_id': '0f573ca0-6f7c-424b-b8d3-a457a23c4104', 'name': 'Launch other App', 'status': <EventStatus.RUNNING: 'RUNNING'>, 'message': '', 'parent_id': '4981f046-8194-4d07-acc6-54393554ef1e', 'extra': {'session_id': '53ebb47e-7ffd-49f1-943f-21bacea0889a'}, 'timestamp': 1753097124.9401999, 'args': None, 'start_time': 1753097124.940146, 'end_time': None, 'elapsed': None, 'logs': None}
2025-07-21 16:55:24,942 - DEBUG - Updating status for KeywordResult: Launch other App -> RUNNING
2025-07-21 16:55:24,942 - DEBUG - PARAMS: https://infinitynxt.icicibank.com/in/login-page
2025-07-21 16:55:39,423 - INFO - Launching local Playwright browser: chromium
2025-07-21 16:55:40,256 - DEBUG - Started Playwright session with browser: chromium
2025-07-21 16:55:43,059 - DEBUG - Launched other web app at https://infinitynxt.icicibank.com/in/login-page with event: None
2025-07-21 16:55:59,209 - DEBUG - Queueing event (sync): {'entity_type': 'keyword', 'entity_id': '0f573ca0-6f7c-424b-b8d3-a457a23c4104', 'name': 'Launch other App', 'status': <EventStatus.PASS: 'PASS'>, 'message': '', 'parent_id': '4981f046-8194-4d07-acc6-54393554ef1e', 'extra': {'session_id': '53ebb47e-7ffd-49f1-943f-21bacea0889a'}, 'timestamp': 1753097159.209188, 'args': {}, 'start_time': 1753097124.940146, 'end_time': 1753097148.566088, 'elapsed': 23.62594199180603, 'logs': ['Executing keyword: Launch other App (id: 0f573ca0-6f7c-424b-b8d3-a457a23c4104)', 'PARAMS: https://infinitynxt.icicibank.com/in/login-page']}
2025-07-21 16:56:04,040 - DEBUG - Updating status for KeywordResult: Launch other App -> PASS
2025-07-21 16:56:36,809 - DEBUG - Found keyword: sleep {small_delay} (id: 3b99f960-3f2b-44bf-9707-3b239b8a2131)
2025-07-21 16:56:56,218 - DEBUG - Queueing event (sync): {'entity_type': 'keyword', 'entity_id': '3b99f960-3f2b-44bf-9707-3b239b8a2131', 'name': 'sleep {small_delay}', 'status': <EventStatus.RUNNING: 'RUNNING'>, 'message': '', 'parent_id': '4981f046-8194-4d07-acc6-54393554ef1e', 'extra': {'session_id': '53ebb47e-7ffd-49f1-943f-21bacea0889a'}, 'timestamp': 1753097214.604938, 'args': None, 'start_time': 1753097204.157985, 'end_time': None, 'elapsed': None, 'logs': None}
2025-07-21 16:57:13,346 - DEBUG - Updating status for KeywordResult: sleep {small_delay} -> RUNNING
2025-07-21 17:22:40,092 - DEBUG - Output directory: /Users/dhruvmenon/Documents/optics-framework-1/optics_framework/samples/playwright_sample/execution_output, writable=True
2025-07-21 17:22:40,092 - DEBUG - Added internal log file: /Users/dhruvmenon/Documents/optics-framework-1/optics_framework/samples/playwright_sample/execution_output/internal_logs.log
2025-07-21 17:22:40,092 - DEBUG - Added execution log file: /Users/dhruvmenon/Documents/optics-framework-1/optics_framework/samples/playwright_sample/execution_output/execution_logs.log
2025-07-21 17:22:40,100 - DEBUG - Logging handlers initialized
2025-07-21 17:22:40,524 - DEBUG - Lazily loaded module: optics_framework.engines.drivers.playwright
2025-07-21 17:22:40,524 - DEBUG - Instantiated PlaywrightDriver from optics_framework.engines.drivers.playwright
2025-07-21 17:22:40,527 - DEBUG - EventManager initialized: 5093376416
2025-07-21 17:22:40,529 - DEBUG - Executing with runner_type: test_runner, use_printer: False
2025-07-21 17:22:40,530 - DEBUG - Event loop running: True
2025-07-21 17:22:40,530 - DEBUG - EventManager started, process_task: <Task pending name='Task-2' coro=<EventManager._process_events() running at /Users/dhruvmenon/Documents/optics-framework-1/optics_framework/common/events.py:113>>
2025-07-21 17:22:40,530 - DEBUG - Starting event processing loop
2025-07-21 17:22:40,531 - DEBUG - Using printer: NullResultPrinter for runner: test_runner
2025-07-21 17:22:40,531 - DEBUG - Returning cached instance for: playwright
2025-07-21 17:22:40,537 - DEBUG - Lazily loaded module: optics_framework.engines.elementsources.playwright_find_element
2025-07-21 17:22:40,537 - DEBUG - Instantiated PlaywrightFindElement from optics_framework.engines.elementsources.playwright_find_element
2025-07-21 17:22:40,539 - DEBUG - Lazily loaded module: optics_framework.engines.elementsources.playwright_page_source
2025-07-21 17:22:40,540 - DEBUG - Instantiated PlaywrightPageSource from optics_framework.engines.elementsources.playwright_page_source
2025-07-21 17:22:40,541 - DEBUG - Lazily loaded module: optics_framework.engines.elementsources.playwright_screenshot
2025-07-21 17:22:40,541 - DEBUG - Instantiated PlaywrightScreenshot from optics_framework.engines.elementsources.playwright_screenshot
2025-07-21 17:22:40,542 - DEBUG - Returning cached instance for: playwright_find_element
2025-07-21 17:22:40,542 - DEBUG - Returning cached instance for: playwright_page_source
2025-07-21 17:22:40,542 - DEBUG - Returning cached instance for: playwright_screenshot
2025-07-21 17:22:40,550 - DEBUG - Returning cached instance for: playwright
2025-07-21 17:22:40,550 - DEBUG - Returning cached instance for: playwright_find_element
2025-07-21 17:22:40,550 - DEBUG - Returning cached instance for: playwright_page_source
2025-07-21 17:22:40,550 - DEBUG - Returning cached instance for: playwright_screenshot
2025-07-21 17:22:40,557 - DEBUG - Publishing event: {'entity_type': 'execution', 'entity_id': '92fc2df6-9073-49f5-b4ea-bb3b0eb41694', 'name': 'Execution', 'status': <EventStatus.RUNNING: 'RUNNING'>, 'message': 'Starting batch execution', 'parent_id': None, 'extra': {'session_id': '92fc2df6-9073-49f5-b4ea-bb3b0eb41694'}, 'timestamp': 1753098760.556593, 'args': None, 'start_time': None, 'end_time': None, 'elapsed': None, 'logs': None}
2025-07-21 17:22:40,558 - DEBUG - Processing event: {'entity_type': 'execution', 'entity_id': '92fc2df6-9073-49f5-b4ea-bb3b0eb41694', 'name': 'Execution', 'status': <EventStatus.RUNNING: 'RUNNING'>, 'message': 'Starting batch execution', 'parent_id': None, 'extra': {'session_id': '92fc2df6-9073-49f5-b4ea-bb3b0eb41694'}, 'timestamp': 1753098760.556593, 'args': None, 'start_time': None, 'end_time': None, 'elapsed': None, 'logs': None}
2025-07-21 17:22:40,560 - DEBUG - Queueing event (sync): {'entity_type': 'test_case', 'entity_id': '57f65a11-30d9-4adf-9035-7a30c14796b6', 'name': 'Attempt login with incorrect password', 'status': <EventStatus.RUNNING: 'RUNNING'>, 'message': '', 'parent_id': None, 'extra': {'session_id': '92fc2df6-9073-49f5-b4ea-bb3b0eb41694'}, 'timestamp': 1753098760.560459, 'args': None, 'start_time': 1753098760.56034, 'end_time': None, 'elapsed': None, 'logs': None}
2025-07-21 17:22:40,561 - DEBUG - Updating status for TestCaseResult: Attempt login with incorrect password -> RUNNING
2025-07-21 17:22:40,562 - DEBUG - Queueing event (sync): {'entity_type': 'module', 'entity_id': 'd824442b-7c88-4e88-adc5-483756bb6531', 'name': 'Login with invalid credentials', 'status': <EventStatus.RUNNING: 'RUNNING'>, 'message': '', 'parent_id': '57f65a11-30d9-4adf-9035-7a30c14796b6', 'extra': {'session_id': '92fc2df6-9073-49f5-b4ea-bb3b0eb41694'}, 'timestamp': 1753098760.5621, 'args': None, 'start_time': 1753098760.562061, 'end_time': None, 'elapsed': None, 'logs': None}
2025-07-21 17:23:00,414 - DEBUG - Output directory: /Users/dhruvmenon/Documents/optics-framework-1/optics_framework/samples/playwright_sample/execution_output, writable=True
2025-07-21 17:23:00,414 - DEBUG - Added internal log file: /Users/dhruvmenon/Documents/optics-framework-1/optics_framework/samples/playwright_sample/execution_output/internal_logs.log
2025-07-21 17:23:00,414 - DEBUG - Added execution log file: /Users/dhruvmenon/Documents/optics-framework-1/optics_framework/samples/playwright_sample/execution_output/execution_logs.log
2025-07-21 17:23:00,420 - DEBUG - Logging handlers initialized
2025-07-21 17:23:00,850 - DEBUG - Lazily loaded module: optics_framework.engines.drivers.playwright
2025-07-21 17:23:00,850 - DEBUG - Instantiated PlaywrightDriver from optics_framework.engines.drivers.playwright
2025-07-21 17:23:00,852 - DEBUG - EventManager initialized: 4724692304
2025-07-21 17:23:00,852 - DEBUG - Executing with runner_type: test_runner, use_printer: False
2025-07-21 17:23:00,854 - DEBUG - Event loop running: True
2025-07-21 17:23:00,854 - DEBUG - EventManager started, process_task: <Task pending name='Task-2' coro=<EventManager._process_events() running at /Users/dhruvmenon/Documents/optics-framework-1/optics_framework/common/events.py:113>>
2025-07-21 17:23:00,855 - DEBUG - Starting event processing loop
2025-07-21 17:23:00,855 - DEBUG - Using printer: NullResultPrinter for runner: test_runner
2025-07-21 17:23:00,855 - DEBUG - Returning cached instance for: playwright
2025-07-21 17:23:00,859 - DEBUG - Lazily loaded module: optics_framework.engines.elementsources.playwright_find_element
2025-07-21 17:23:00,859 - DEBUG - Instantiated PlaywrightFindElement from optics_framework.engines.elementsources.playwright_find_element
2025-07-21 17:23:00,861 - DEBUG - Lazily loaded module: optics_framework.engines.elementsources.playwright_page_source
2025-07-21 17:23:00,861 - DEBUG - Instantiated PlaywrightPageSource from optics_framework.engines.elementsources.playwright_page_source
2025-07-21 17:23:00,863 - DEBUG - Lazily loaded module: optics_framework.engines.elementsources.playwright_screenshot
2025-07-21 17:23:00,863 - DEBUG - Instantiated PlaywrightScreenshot from optics_framework.engines.elementsources.playwright_screenshot
2025-07-21 17:23:00,863 - DEBUG - Returning cached instance for: playwright_find_element
2025-07-21 17:23:00,863 - DEBUG - Returning cached instance for: playwright_page_source
2025-07-21 17:23:00,863 - DEBUG - Returning cached instance for: playwright_screenshot
2025-07-21 17:23:00,870 - DEBUG - Returning cached instance for: playwright
2025-07-21 17:23:00,870 - DEBUG - Returning cached instance for: playwright_find_element
2025-07-21 17:23:00,870 - DEBUG - Returning cached instance for: playwright_page_source
2025-07-21 17:23:00,871 - DEBUG - Returning cached instance for: playwright_screenshot
2025-07-21 17:23:00,877 - DEBUG - Publishing event: {'entity_type': 'execution', 'entity_id': '7c21cd36-c2c2-4f11-8740-6af9f422fbc1', 'name': 'Execution', 'status': <EventStatus.RUNNING: 'RUNNING'>, 'message': 'Starting batch execution', 'parent_id': None, 'extra': {'session_id': '7c21cd36-c2c2-4f11-8740-6af9f422fbc1'}, 'timestamp': 1753098780.876399, 'args': None, 'start_time': None, 'end_time': None, 'elapsed': None, 'logs': None}
2025-07-21 17:23:00,878 - DEBUG - Processing event: {'entity_type': 'execution', 'entity_id': '7c21cd36-c2c2-4f11-8740-6af9f422fbc1', 'name': 'Execution', 'status': <EventStatus.RUNNING: 'RUNNING'>, 'message': 'Starting batch execution', 'parent_id': None, 'extra': {'session_id': '7c21cd36-c2c2-4f11-8740-6af9f422fbc1'}, 'timestamp': 1753098780.876399, 'args': None, 'start_time': None, 'end_time': None, 'elapsed': None, 'logs': None}
2025-07-21 17:23:00,880 - DEBUG - Queueing event (sync): {'entity_type': 'test_case', 'entity_id': '6ba27c7b-1405-4f7a-8280-dd6dbbaac37c', 'name': 'Attempt login with incorrect password', 'status': <EventStatus.RUNNING: 'RUNNING'>, 'message': '', 'parent_id': None, 'extra': {'session_id': '7c21cd36-c2c2-4f11-8740-6af9f422fbc1'}, 'timestamp': 1753098780.880418, 'args': None, 'start_time': 1753098780.880331, 'end_time': None, 'elapsed': None, 'logs': None}
2025-07-21 17:23:00,881 - DEBUG - Updating status for TestCaseResult: Attempt login with incorrect password -> RUNNING
2025-07-21 17:23:00,881 - DEBUG - Queueing event (sync): {'entity_type': 'module', 'entity_id': '7effd5c5-7388-4966-a358-1196a17d7af5', 'name': 'Login with invalid credentials', 'status': <EventStatus.RUNNING: 'RUNNING'>, 'message': '', 'parent_id': '6ba27c7b-1405-4f7a-8280-dd6dbbaac37c', 'extra': {'session_id': '7c21cd36-c2c2-4f11-8740-6af9f422fbc1'}, 'timestamp': 1753098780.881889, 'args': None, 'start_time': 1753098780.8818629, 'end_time': None, 'elapsed': None, 'logs': None}
2025-07-21 17:23:00,883 - DEBUG - Updating status for ModuleResult: Login with invalid credentials -> RUNNING
2025-07-21 17:23:00,884 - DEBUG - Executing keyword: Launch other App (id: 8f7d8d39-7cd2-44e1-83d3-90126b68c4ba)
2025-07-21 17:23:00,883 - DEBUG - Found keyword: Launch other App (id: 8f7d8d39-7cd2-44e1-83d3-90126b68c4ba)
2025-07-21 17:23:00,884 - DEBUG - Queueing event (sync): {'entity_type': 'keyword', 'entity_id': '8f7d8d39-7cd2-44e1-83d3-90126b68c4ba', 'name': 'Launch other App', 'status': <EventStatus.RUNNING: 'RUNNING'>, 'message': '', 'parent_id': '7effd5c5-7388-4966-a358-1196a17d7af5', 'extra': {'session_id': '7c21cd36-c2c2-4f11-8740-6af9f422fbc1'}, 'timestamp': 1753098780.8842618, 'args': None, 'start_time': 1753098780.8842292, 'end_time': None, 'elapsed': None, 'logs': None}
2025-07-21 17:23:00,886 - DEBUG - Updating status for KeywordResult: Launch other App -> RUNNING
2025-07-21 17:23:01,233 - INFO - Launching local Playwright browser: chromium
2025-07-21 17:23:01,602 - DEBUG - Started Playwright session with browser: chromium
2025-07-21 17:23:09,464 - DEBUG - Launched other web app at https://infinitynxt.icicibank.com/in/login-page with event: None
2025-07-21 17:23:09,465 - DEBUG - Queueing event (sync): {'entity_type': 'keyword', 'entity_id': '8f7d8d39-7cd2-44e1-83d3-90126b68c4ba', 'name': 'Launch other App', 'status': <EventStatus.PASS: 'PASS'>, 'message': '', 'parent_id': '7effd5c5-7388-4966-a358-1196a17d7af5', 'extra': {'session_id': '7c21cd36-c2c2-4f11-8740-6af9f422fbc1'}, 'timestamp': 1753098789.4654982, 'args': {}, 'start_time': 1753098780.8842292, 'end_time': 1753098789.465137, 'elapsed': 8.580907821655273, 'logs': ['Executing keyword: Launch other App (id: 8f7d8d39-7cd2-44e1-83d3-90126b68c4ba)', 'PARAMS: https://infinitynxt.icicibank.com/in/login-page']}
2025-07-21 17:23:09,468 - DEBUG - Updating status for KeywordResult: Launch other App -> PASS
2025-07-21 17:23:09,471 - INFO - Capturing screenshot using available strategies.
2025-07-21 17:23:09,469 - DEBUG - Found keyword: Enter Text (id: 4e8f790a-db48-419f-9e01-726731bc7472)
2025-07-21 17:23:09,469 - DEBUG - Queueing event (sync): {'entity_type': 'keyword', 'entity_id': '4e8f790a-db48-419f-9e01-726731bc7472', 'name': 'Enter Text', 'status': <EventStatus.RUNNING: 'RUNNING'>, 'message': '', 'parent_id': '7effd5c5-7388-4966-a358-1196a17d7af5', 'extra': {'session_id': '7c21cd36-c2c2-4f11-8740-6af9f422fbc1'}, 'timestamp': 1753098789.469156, 'args': None, 'start_time': 1753098789.469142, 'end_time': None, 'elapsed': None, 'logs': None}
2025-07-21 17:23:09,471 - DEBUG - Updating status for KeywordResult: Enter Text -> RUNNING
2025-07-21 17:23:09,636 - DEBUG - Screenshot saved as : 2025-07-21T17-23-09-630352-enter_text.jpg
2025-07-21 17:23:09,636 - INFO - Locating element: role=textbox, name=User ID of type: Text...
2025-07-21 17:23:09,636 - DEBUG - Screenshot saved to :/Users/dhruvmenon/Documents/optics-framework-1/optics_framework/samples/playwright_sample/execution_output/2025-07-21T17-23-09-630352-enter_text.jpg
2025-07-21 17:23:09,663 - WARNING - Could not locate element using any Playwright strategy for: role=textbox, name=User ID
2025-07-21 17:23:09,747 - DEBUG - Created new HTML page source log file at: 2025-07-21T17:23:09.664064+05:30
2025-07-21 17:23:09,747 - DEBUG - HTML page source saved to: /Users/dhruvmenon/Documents/optics-framework-1/optics_framework/samples/playwright_sample/execution_output/page_sources_log.html
2025-07-21 17:23:09,747 - DEBUG - 

========== PAGE SOURCE FETCHED ==========

2025-07-21 17:23:09,747 - DEBUG - Page source fetched at: 2025-07-21T17:23:09.664064+05:30
2025-07-21 17:23:09,747 - DEBUG - 
==========================================

2025-07-21 17:23:15,182 - ERROR - Error locating element 'role=textbox, name=User ID': No element found with text: role=textbox, name=User ID
Traceback (most recent call last):
  File "/Users/dhruvmenon/Documents/optics-framework-1/optics_framework/engines/elementsources/playwright_page_source.py", line 70, in locate
    match = self.ui_helper.find_html_element_by_text(element, index)
  File "/Users/dhruvmenon/Documents/optics-framework-1/optics_framework/engines/drivers/playwright_UI_helper.py", line 49, in find_html_element_by_text
    raise ValueError(f"No element found with text: {text}")
ValueError: No element found with text: role=textbox, name=User ID
2025-07-21 17:23:18,248 - ERROR - Strategy TextElementStrategy failed: Error locating element 'role=textbox, name=User ID': No element found with text: role=textbox, name=User ID
2025-07-21 17:23:19,999 - ERROR - Strategy TextDetectionStrategy failed: 'NoneType' object has no attribute 'find_element'
2025-07-21 17:23:19,999 - INFO - Trying TextDetectionStrategy on 'role=textbox, name=User ID' ... FAIL (error: 'NoneType' object has no attribute 'find_element')
2025-07-21 17:23:22,462 - DEBUG - Queueing event (sync): {'entity_type': 'keyword', 'entity_id': '4e8f790a-db48-419f-9e01-726731bc7472', 'name': 'Enter Text', 'status': <EventStatus.FAIL: 'FAIL'>, 'message': "No valid strategies found for detecting 'role=textbox, name=User ID'", 'parent_id': '7effd5c5-7388-4966-a358-1196a17d7af5', 'extra': {'session_id': '7c21cd36-c2c2-4f11-8740-6af9f422fbc1'}, 'timestamp': 1753098802.461948, 'args': {}, 'start_time': 1753098789.469142, 'end_time': 1753098802.461815, 'elapsed': 12.99267315864563, 'logs': ['Executing keyword: Enter Text (id: 4e8f790a-db48-419f-9e01-726731bc7472)', 'PARAMS: role=textbox, name=User ID, 598592678', 'Capturing screenshot using available strategies.', "Trying ScreenshotStrategy on 'screenshot' ... SUCCESS", 'Locating element: role=textbox, name=User ID of type: Text...', "Trying TextElementStrategy on 'role=textbox, name=User ID' ... FAIL (error: Error locating element 'role=textbox, name=User ID': No element found with text: role=textbox, name=User ID)", "Trying TextDetectionStrategy on 'role=textbox, name=User ID' ... FAIL (error: 'NoneType' object has no attribute 'find_element')"]}
2025-07-21 17:23:22,469 - DEBUG - Updating status for KeywordResult: Enter Text -> FAIL
2025-07-21 17:23:22,473 - DEBUG - Queueing event (sync): {'entity_type': 'module', 'entity_id': '7effd5c5-7388-4966-a358-1196a17d7af5', 'name': 'Login with invalid credentials', 'status': <EventStatus.FAIL: 'FAIL'>, 'message': '', 'parent_id': '6ba27c7b-1405-4f7a-8280-dd6dbbaac37c', 'extra': {'session_id': '7c21cd36-c2c2-4f11-8740-6af9f422fbc1'}, 'timestamp': 1753098802.473635, 'args': None, 'start_time': 1753098780.8818629, 'end_time': 1753098802.473616, 'elapsed': 21.591753005981445, 'logs': None}
2025-07-21 17:23:22,476 - DEBUG - Updating status for ModuleResult: Login with invalid credentials -> FAIL
2025-07-21 17:23:22,476 - DEBUG - Queueing event (sync): {'entity_type': 'test_case', 'entity_id': '6ba27c7b-1405-4f7a-8280-dd6dbbaac37c', 'name': 'Attempt login with incorrect password', 'status': <EventStatus.FAIL: 'FAIL'>, 'message': '', 'parent_id': None, 'extra': {'session_id': '7c21cd36-c2c2-4f11-8740-6af9f422fbc1'}, 'timestamp': 1753098802.4767191, 'args': None, 'start_time': 1753098780.880331, 'end_time': 1753098802.476704, 'elapsed': 21.596372842788696, 'logs': None}
2025-07-21 17:23:22,480 - DEBUG - Updating status for TestCaseResult: Attempt login with incorrect password -> FAIL
2025-07-21 17:23:22,481 - DEBUG - Publishing event: {'entity_type': 'execution', 'entity_id': '7c21cd36-c2c2-4f11-8740-6af9f422fbc1', 'name': 'Execution', 'status': <EventStatus.FAIL: 'FAIL'>, 'message': 'Some test cases failed', 'parent_id': None, 'extra': {'session_id': '7c21cd36-c2c2-4f11-8740-6af9f422fbc1'}, 'timestamp': 1753098802.480238, 'args': None, 'start_time': None, 'end_time': None, 'elapsed': None, 'logs': None}
2025-07-21 17:23:22,532 - DEBUG - Playwright session ended
