-0.00411195 -0.00320051
0.00226651 0.00171523
-0.0047065 -0.00344122
0.0239954 0.0213604
0.00424043 0.00302693
0.0159862 0.0141987
0.0112586 0.00935514
0.00700428 0.00679719
0.0306951 0.0278003
-0.00040083 -0.0011486
0.00348157 0.00281699
0.00287469 0.00370264
0.0107827 0.0091294
0.0135558 0.0119038
0.00520177 0.00439696
0.0156091 0.0143474
-0.00279664 -0.00236845
0.00674912 0.00565247
0.00901537 0.0074958
0.00875604 0.00681069
-0.00229451 -0.00225549
0.0132506 0.0109026
0.0316873 0.028964
0.00843161 0.00698599
0.00938684 0.00769264
-0.000803743 -0.000389493
0.0102954 0.00824239
0.0529028 0.0550943
-0.00379926 -0.00230995
0.020553 0.0183606
0.0120741 0.0143561
0.0147098 0.0138282
0.00633714 0.00884587
0.0116115 0.0116415
0.00387831 0.00418859
0.0142072 0.0125847
0.0113452 0.00753492
0.0223751 0.0235678
0.0050849 0.00440942
0.0220466 0.0216121
0.00776053 0.00717187
0.0488487 0.0496369
0.0129498 0.0106331
0.0187353 0.0202581
0.0225198 0.0220215
0.0172941 0.0167223
0.0104278 0.010734
0.017878 0.01863
0.0161944 0.0155122
0.0172656 0.0173325
0.00758749 0.00800688
0.0123247 0.0124917
0.00364598 0.00368309
0.0363044 0.0382981
0.0311474 0.0335683
0.023391 0.0236993
0.00446735 0.00724246
0.0114703 0.00998133
0.00511226 0.00396976
0.0276827 0.0292604
0.00381896 0.00552149
0.0271021 0.0252487
0.00190601 0.00722222
0.037178 0.0380201
0.00613796 0.0106575
0.0197906 0.0185602
0.00412154 -3.54244e-05
0.0170071 0.0164916
0.00252673 0.00900299
0.0255443 0.0241712
0.00164965 0.00913889
0.019408 0.0190452
0.0219954 0.023699
0.0187183 0.0188747
-0.00168303 -0.00665604
0.00195371 0.00560067
0.00696911 0.00512434
0.0244196 0.022067
0.00283328 0.00810305
0.0140863 0.0158684
0.00347999 -0.000493484
-0.000355348 0.000534736
0.0189464 0.0184954
0.0241995 0.0215888
0.00715066 0.00504522
0.0274361 0.0287576
0.0042394 -0.00177184
0.0101071 0.0127084
-0.0027744 -0.00291904
0.0320191 0.0328686
0.633389 0.632974
0.634685 0.635318
0.637532 0.637672
0.65241 0.653003
0.630276 0.630049
0.64011 0.640291
0.636049 0.635633
0.638939 0.638768
0.637445 0.637676
0.641487 0.641687
0.634494 0.633755
0.645736 0.646161
0.632424 0.631585
0.634258 0.6331
0.633143 0.632013
0.636352 0.635624
0.63226 0.631671
0.639834 0.639161
0.635023 0.634939
0.639279 0.638223
0.635764 0.635669
0.642994 0.642673
0.631008 0.630722
0.633084 0.632608
0.631597 0.631014
0.638039 0.638016
0.636239 0.63645
0.635404 0.635506
0.631953 0.631163
0.644946 0.645034
0.113859 0.112435
0.133831 0.131311
0.175919 0.173642
0.177894 0.17494
0.174526 0.173071
0.13619 0.134359
0.143487 0.142535
0.140004 0.138536
0.14492 0.143837
0.14688 0.14533
0.153032 0.151837
0.168825 0.170568
0.147928 0.146062
0.138335 0.137575
0.152215 0.151312
0.227216 0.228405
0.108013 0.109909
0.16237 0.164021
0.112125 0.112965
0.145242 0.146642
0.174603 0.175635
0.18735 0.187415
0.167127 0.169573
0.144237 0.148488
0.203993 0.204071
0.143759 0.145989
0.168045 0.168275
0.157959 0.159485
0.179572 0.179765
0.143455 0.14319
0.140183 0.140951
0.148259 0.150286
0.239175 0.239963
0.147138 0.148684
0.230677 0.233802
0.170549 0.172436
0.16376 0.163893
0.192516 0.192769
0.175681 0.175347
0.186154 0.186366
0.191156 0.192036
0.160091 0.161229
0.175218 0.174509
0.160634 0.161176
0.162688 0.164132
0.702043 0.703429
0.68457 0.685175
0.710994 0.712096
0.682728 0.683596
0.687028 0.687885
0.698257 0.698889
0.708497 0.708808
0.711825 0.711772
0.685178 0.687426
0.702795 0.702942
