0.807421 0.0147221 -0.34527 -7.16527e-07 -2.00755e-08 -5.3516e-08 0.99918 0.507511 -0.0382774 -2.77012e-15 -6.1008e-16 1.18758e-15
-1.6401 -1.52792 -1.02906 0.00407058 -1.661 0.160013 -1.33882 -1.26883 -0.696297 0.00952063 -1.63229 0.158076
-0.136372 0.802691 0.439871 -9.86619e-08 1.53637e-07 1.32129e-07 0.193417 1.05469 0.822457 1.15121e-15 2.82312e-15 7.37679e-16
1.36754 0.56516 -1.16103 -4.04941 0.830607 2.20793 0.996793 0.267781 -1.38804 -3.54816 0.923123 2.2358
-2.28545 -2.30621 -2.80246 5.55052e-07 -2.16803e-08 1.11136e-07 -1.85433 -1.89163 -2.69754 -1.84022e-15 -2.5152e-16 3.27704e-15
-3.23182 -2.7608 -3.10804 -0.883025 1.30822 0.159514 -3.12218 -2.39389 -2.98268 -0.924998 1.36987 0.207956
-3.29224 -2.80385 -3.26728 -2.53888e-09 -2.12243e-07 9.75939e-09 -3.12707 -2.49053 -3.08921 1.22676e-15 3.12297e-17 -7.63114e-16
1.03094 -0.63067 1.38777 0.358589 -1.70812 -1.88592 0.657815 -0.629708 0.964405 0.351549 -1.67292 -1.1702
-4.24157 -4.31345 -4.45094 1.29198e-08 2.7121e-07 1.48372e-09 -4.1952 -4.29378 -4.48633 -1.55164e-16 -4.03032e-16 -3.278e-16
-1.63229 -1.66331 -1.53625 0.11449 -0.371096 -0.90223 -1.28208 -1.32891 -1.11206 0.107926 -0.36783 -0.893545
-2.78331 -2.07204 -1.91038 -3.84567e-07 -1.46827e-07 -6.92945e-08 -2.73434 -1.59093 -1.49959 3.8747e-15 -2.04491e-15 -5.2646e-16
1.24516 0.580174 0.574926 0.265459 0.405698 2.48877 1.20052 0.910425 0.628287 0.25993 0.41499 2.05531
-3.48666 -2.94143 -2.82225 1.18537e-09 -2.49557e-09 1.32433e-08 -3.44399 -2.61006 -2.41514 1.0793e-15 -2.12535e-15 -1.36875e-15
-1.64693 -3.17862 -2.89732 -0.93555 0.0652793 -0.861545 -1.67848 -3.05362 -2.61359 -1.00804 0.0253907 -0.936028
-1.33549 -2.89286 -2.10358 9.76215e-08 1.09884e-07 -3.52907e-07 -1.21866 -2.84255 -1.61949 2.00943e-16 -3.5931e-16 1.1925e-15
-1.15799 -1.58316 -1.50715 1.57217 2.53747 -0.0137649 -1.03753 -1.44105 -1.25063 1.6531 2.45344 -0.131842
-0.731427 -0.39199 -1.51338 1.85525e-06 -9.25905e-07 3.76044e-07 -0.269838 -0.102209 -1.39111 -1.17911e-15 -2.67555e-15 2.86285e-15
1.88525 1.82802 0.158679 2.90301 0.614953 0.568283 1.43589 1.41019 0.406342 2.11403 0.632552 0.591454
-2.73805 -3.34573 -2.70264 -1.93603e-07 -2.73696e-09 1.23704e-09 -2.35672 -3.30175 -2.2967 3.35265e-16 5.99411e-16 2.68078e-15
-2.81035 -3.14774 -2.81594 0.245847 -0.205807 0.268011 -2.50927 -3.01289 -2.49826 0.239306 -0.200413 0.279216
-0.502212 -1.60668 -1.09252 -5.46338e-08 -1.50905e-07 -4.65618e-07 -0.257913 -1.44634 -0.597523 -8.12289e-16 8.10176e-16 2.58452e-15
-3.22438 -3.23921 -3.37839 0.388014 0.212427 -0.326241 -2.97877 -3.02307 -3.24392 0.402176 0.215444 -0.333908
-4.53389 -4.12838 -4.44099 4.20968e-08 -7.28996e-08 4.78151e-09 -4.59589 -4.03047 -4.46136 5.20923e-16 -2.30142e-16 2.44206e-18
-2.57174 -2.24712 -2.28009 -0.124197 -0.636894 -1.39557 -2.43503 -1.86987 -1.9192 -0.14981 -0.665974 -1.35181
-3.26179 -2.62871 -2.95928 -3.16702e-07 -4.87964e-07 1.01083e-07 -3.15214 -2.29535 -2.68706 -5.33003e-15 5.95339e-17 4.24622e-16
-0.46627 -0.0758132 -0.77951 0.885839 1.18801 0.738608 -0.0363691 0.235401 -0.485324 0.849499 1.15229 0.703792
-3.01647 -3.31348 -2.94704 -4.4929e-07 7.10631e-08 -1.49912e-07 -2.73984 -3.19987 -2.62742 9.67885e-16 6.37528e-16 -4.20881e-15
-4.5735 -4.49436 -4.44294 -0.479085 -1.29325 -1.80229 -5.49522 -5.26809 -5.11169 -1.13044 -1.8744 -2.49122
0.220841 0.79785 1.35896 -1.60711e-08 7.50714e-08 -1.00152e-08 0.573522 1.16608 1.53823 -5.08666e-15 -3.60681e-15 2.55515e-15
-1.37455 1.06242 1.23548 -1.26767 3.87053 1.56764 -1.66061 0.712476 0.997555 -1.38962 3.42458 1.64372
-2.64939 -1.21319 -2.74726 -3.93643e-08 -1.17427e-06 4.75008e-07 -4.30634 -0.722 -3.79379 -1.95348e-16 7.71737e-15 -3.42358e-16
0.6745 2.27103 0.382786 1.67353 2.37368 -0.339274 0.783781 1.9553 0.0257033 1.75598 2.72696 -0.0272661
1.11071 -0.751584 -0.921076 -1.1528e-07 2.14142e-08 -1.01132e-06 0.56343 -0.558923 -3.48401 -6.14177e-15 8.59175e-15 8.16175e-17
0.824056 0.753772 1.25749 -3.23036 -1.1317 0.354654 1.47072 1.27771 1.81072 -3.11232 -1.24852 0.571276
0.164777 1.39323 1.03707 -8.61762e-07 -7.54399e-07 6.12269e-07 -0.613883 0.828943 0.64031 -8.79704e-16 9.55457e-16 -1.25905e-15
-1.95701 -1.49808 -1.65088 -1.93522 -1.11397 1.51586 -2.3164 -0.882907 -1.12656 -2.16098 -1.13122 1.5801
-2.69092 -2.8941 -2.85081 -4.89399e-07 -1.00544e-06 3.68014e-07 -1.82963 -3.12252 -2.59071 1.87807e-15 1.18197e-15 3.60861e-15
-2.69763 -1.54037 -2.69509 0.870034 0.699001 -2.04701 -2.99136 -1.37152 -2.91472 0.807355 0.683699 -1.76671
-1.73696 -1.12426 -1.94177 4.99283e-08 1.73811e-07 2.75174e-08 -0.835255 -0.27688 -2.21335 -3.1728e-15 -7.19794e-16 5.7355e-16
-2.06025 -2.26472 -1.41498 2.47453 1.90634 1.14304 -2.40737 -2.29668 -0.870484 2.85436 1.95719 1.12809
1.80707 3.27357 2.26767 1.98953e-06 1.97404e-07 1.36285e-07 2.12159 2.77093 2.29491 -3.62831e-15 2.40309e-15 5.61557e-15
3.82857 2.71022 2.55912 4.36566 -6.20585 -4.08888 3.47307 2.3098 1.63452 4.4043 -5.91219 -3.98867
-2.63745 -3.01196 -3.04299 -4.97579e-07 -4.19976e-07 5.74681e-07 -1.75241 -3.19803 -4.41448 1.52755e-15 2.14549e-17 -8.30612e-16
1.98605 2.26098 2.1592 3.3212 2.71773 2.1053 2.16978 2.3322 2.20676 3.13951 2.57223 2.48953
-3.72972 -3.63855 -3.55188 -5.77006e-07 -5.66968e-07 5.53397e-07 -5.08345 -4.76824 -3.46224 -2.16748e-15 3.74289e-16 2.36733e-15
1.8487 0.721769 0.0877709 0.198521 1.21883 3.32863 1.96984 1.06926 0.0589338 0.157068 1.54973 3.58241
-2.28281 -2.50956 -2.70058 -2.96448e-07 5.91177e-07 4.85832e-07 -1.23221 -1.55447 -4.10931 -3.78915e-15 2.514e-16 1.1071e-15
-2.09934 -0.76932 -1.89339 2.01016 -1.04624 0.450229 -2.4002 -0.814453 -2.48539 1.75469 -1.21851 0.402498
-2.86979 -3.24486 -3.28857 -1.51025e-07 -2.03476e-07 -7.97123e-07 -2.07313 -4.70946 -3.83357 9.40025e-16 1.57367e-15 -5.1852e-15
1.41541 2.12594 1.51835 -0.0260285 3.07838 -1.94274 1.19723 2.21456 1.70096 -0.243457 3.24091 -1.98375
-1.53993 -1.53453 0.666292 -3.74911e-07 -8.83135e-07 -5.64588e-07 -1.75203 -2.93236 0.465191 9.02637e-16 5.73567e-16 -4.7376e-15
-1.27611 -1.22356 -1.71403 -0.15053 2.17016 0.367264 -0.815624 -0.847257 -1.97271 -0.18876 1.36071 0.377633
1.91625 0.842939 0.844915 1.5896e-06 -6.81937e-07 3.81913e-08 1.36169 0.844896 0.8462 2.15768e-15 4.82499e-17 3.68267e-15
1.33603 0.80669 0.208759 3.84189 3.149 4.21449 1.25689 0.0138803 -0.411202 4.3482 2.8885 4.52129
-4.09796 -4.11003 -4.09202 -5.95188e-07 -6.48405e-07 -5.851e-07 -5.32851 -5.73377 -5.51032 -5.35309e-15 -7.58294e-16 -1.06824e-15
1.67056 2.66798 2.38818 -0.134447 2.92759 2.94165 1.36997 2.51337 2.34027 0.345889 3.05132 2.89032
-1.358 -0.851534 -0.218367 -3.1642e-07 9.5928e-07 9.90493e-08 -3.44073 -0.382401 -0.0325361 1.4494e-15 -6.04003e-15 6.73007e-16
-2.35384 -2.09394 -1.73613 -0.768207 1.16644 -1.01046 -3.47478 -1.86404 -1.15438 -0.611099 1.17913 -0.967851
-1.95609 -1.8341 -1.20447 2.67235e-06 -6.32141e-07 2.16681e-06 -1.77864 -0.991454 -0.285317 -1.61046e-15 -3.12829e-15 6.52984e-16
-3.26216 -3.3875 -3.36886 1.44679 -0.48616 0.882362 -3.27231 -3.64443 -4.25955 1.68026 -0.36482 0.929884
-3.39639 -1.90488 -1.17739 -1.93659e-06 -4.12468e-09 -1.13357e-08 -3.53282 -2.18408 -4.07057 -2.49933e-16 5.65607e-16 1.87427e-16
4.21604 -2.18543 4.3588 1.29482 0.823275 -2.1665 3.21734 -1.82499 4.40547 1.20494 1.08903 -2.61797
-2.04331 -2.49196 -2.39631 2.14851e-06 3.4672e-08 -1.99466e-08 -1.61393 -2.05039 -2.38031 8.97407e-16 -2.40937e-16 -7.26838e-16
-3.07637 -0.885446 3.51935 1.09328 -3.47562 -1.95086 -2.8725 -0.80662 3.61347 1.18003 -3.58361 -2.01898
-2.46136 -3.41752 -2.34729 -4.19136e-06 -2.91257e-07 3.79935e-07 -2.11565 -3.02427 -2.479 -1.93899e-17 -4.89807e-17 -4.91984e-16
-1.98303 -4.06592 -0.867912 -0.893115 -1.41004 -0.853033 -1.62777 -4.1476 -0.601357 -1.00487 -1.4894 -0.997998
3.86162 -1.01823 1.8722 4.19933e-06 -3.90741e-07 -3.61026e-07 2.98727 -0.923476 1.3848 -3.904e-15 -4.68718e-16 2.23487e-17
-3.83349 -2.24213 -1.27201 1.03 -1.43454 -0.490876 -3.64773 -1.8447 -1.07297 1.21531 -1.11697 -0.166427
3.03012 -0.683154 -1.8867 -1.28279e-06 7.29318e-07 -3.08099e-07 1.94027 -0.39146 -3.5526 -1.11937e-14 1.47048e-16 3.36251e-16
2.87144 5.51985 5.82659 -2.62706 -0.14974 -1.027 3.60425 5.77233 7.42622 -2.22442 -0.209216 -1.07033
2.95186 1.84739 -1.65555 -2.28064e-06 -7.27029e-07 -4.12842e-08 2.27398 1.74139 -4.53534 -6.96003e-15 -1.76494e-15 -7.31083e-16
-2.3985 2.58224 1.10032 0.0851158 1.01289 1.866 -1.97833 2.75108 1.1251 0.23759 0.852489 2.06298
5.51966 3.30067 6.34251 5.99976e-06 -4.99282e-07 1.61345e-06 4.93714 4.00986 8.25414 -3.03262e-15 5.43323e-16 9.71146e-16
-0.0123706 2.87593 6.17473 0.242103 -0.0483411 -2.14628 0.501099 3.4972 7.06298 0.229035 -0.0439558 -2.44023
-1.32902 -1.64924 1.02649 4.81484e-06 7.28658e-07 1.38554e-06 -1.17654 -1.55542 -0.00201092 1.03819e-16 2.04565e-17 -7.68768e-16
-0.940279 1.17216 -1.34216 1.4474 -0.126398 -0.651337 -1.02565 0.969131 -2.78145 1.34769 -0.346264 0.0755957
3.24801 4.85837 0.439011 6.79774e-06 3.47272e-08 -2.84618e-08 2.48899 3.2591 -1.73794 1.49486e-15 1.4038e-15 3.34692e-15
-1.23484 -2.58711 3.89059 -0.78314 -2.38416 0.48996 -0.943373 -2.62244 3.75133 -0.705081 -3.21381 0.401794
-1.78968 -2.44563 -2.83678 5.63649e-07 3.63623e-07 2.92177e-07 -1.1685 -1.84365 -2.02135 -4.14276e-15 -1.17112e-14 -1.44294e-15
4.57792 3.66 1.5945 0.702345 0.620338 -1.47097 3.67124 3.12777 1.49845 0.203564 0.600198 -1.9783
3.26524 -1.34532 2.00851 7.33863e-07 6.48102e-07 -7.74241e-07 2.72188 -1.23481 1.70288 1.28205e-15 1.16061e-15 5.48241e-16
0.423039 1.61608 0.412107 -0.917843 0.651844 0.9221 0.717256 1.70692 -0.191671 -0.703123 0.774572 0.965317
4.38642 5.53443 4.76264 6.24779e-06 8.52862e-07 4.96101e-07 4.13524 4.49637 6.51379 -1.13703e-15 -1.12726e-15 3.39784e-15
4.85196 6.48719 2.43128 -2.07534 -0.217961 1.14876 4.00522 6.44778 2.11858 -1.94079 -0.245865 2.04313
2.67508 -0.629826 4.35123 -9.19574e-07 1.38502e-06 7.6375e-07 3.06897 -0.0234652 5.61197 9.62417e-15 1.34365e-15 -4.41977e-16
3.52329 6.20383 3.41196 2.09162 1.46891 -1.86731 3.83876 6.2769 3.93666 1.89865 1.7279 -2.26926
-1.88497 -2.49208 1.47547 -9.12932e-07 5.8547e-07 -1.06523e-06 -1.58857 -2.27405 1.42421 2.62727e-15 5.58473e-16 -1.12906e-15
1.08253 2.84067 1.02971 -0.984234 -1.51123 1.35453 1.52208 2.77935 1.48104 -0.76397 -1.62145 1.2062
1.33723 -1.43697 -0.0228288 -9.62416e-07 -2.47941e-08 -1.02642e-07 1.19902 -1.86367 -3.25684 1.84472e-15 3.05194e-16 -1.46484e-15
6.97278 2.82852 6.89545 -0.874836 -0.260568 1.32221 6.81446 3.4196 8.81148 -0.557653 -0.314333 1.42225
0.169347 0.390286 0.763435 -1.09674e-06 -2.2793e-06 1.51585e-06 0.325113 0.515936 0.816781 8.34875e-15 -6.94367e-16 -4.29833e-15
-0.923576 -0.253898 -0.264894 -0.148553 -0.22319 -0.51992 -0.869861 -0.446382 -0.590205 -0.219823 -0.343136 -0.648464
1.47629 1.06062 0.789057 -4.02767e-06 -2.46668e-06 -3.04504e-06 1.51555 1.17543 0.91929 3.8096e-15 3.71827e-16 3.42518e-15
1.89111 1.63759 1.70148 -0.979257 0.0465376 -0.987068 1.92211 1.72184 1.78057 -1.00526 0.0483866 -1.01363
-0.0294154 0.546156 -0.297745 -5.80444e-07 1.16584e-06 -2.44841e-06 0.0804873 0.478034 -0.154361 -2.14469e-15 1.48302e-15 -2.66253e-15
0.552702 1.13058 1.31275 0.116881 0.24061 0.81283 0.687548 1.22488 1.36744 0.120548 0.251144 0.848099
0.814253 0.732121 0.633738 5.39316e-06 4.81609e-06 2.3444e-06 0.920773 0.85409 0.771007 6.19531e-15 3.58508e-16 4.45238e-15
-0.0795757 0.147763 -0.305868 0.59478 -0.729543 -0.218608 -0.0386104 -0.0626714 -0.217503 0.682295 -0.836463 -0.204037
1.07642 1.57141 0.788133 -4.33767e-07 -4.45771e-06 -1.14225e-06 1.19062 1.5947 0.913886 1.10192e-14 -1.218e-16 6.24695e-15
0.806985 1.25007 0.644305 0.919633 0.565441 0.37626 0.930071 1.27129 0.786496 0.960595 0.589146 0.383136
-0.49005 -0.958032 -0.631485 3.23584e-06 1.11801e-06 3.3595e-06 -0.709486 -0.908427 -0.6902 5.74507e-15 3.10846e-15 -2.62776e-15
-0.941829 -0.771965 -0.58241 -0.673852 0.425732 -0.487515 -1.05016 -1.09562 -1.06235 -0.782983 0.501057 -0.581919
0.182323 -0.304479 0.104442 1.22594e-07 4.33492e-06 1.31161e-06 0.222687 -0.162411 0.146933 2.53428e-15 1.28271e-15 1.69639e-15
-0.347431 -0.62525 -0.263647 -0.176134 0.112702 -0.0418195 -0.344754 -0.543663 -0.281471 -0.187691 0.12327 -0.0458662
-0.000562883 -0.264997 -0.364226 -1.28921e-06 -3.76136e-06 -2.67381e-06 0.0138596 -0.191393 -0.26308 -3.15038e-15 -1.22658e-15 6.42474e-16
-0.599592 -0.0379249 -0.149662 -0.242114 -0.207749 0.593411 -0.49076 -0.0521066 -0.161497 -0.259293 -0.220375 0.632003
0.476447 -0.135953 0.225942 -1.40558e-06 -6.16434e-06 -3.94869e-06 0.524327 0.0185144 0.316279 -1.26793e-15 5.96401e-15 3.32873e-15
-0.775933 -0.895998 -0.679744 -0.195366 0.198307 -0.429666 -0.929201 -0.928435 -0.929237 -0.204799 0.229304 -0.53341
0.41464 1.03956 0.989551 -3.84062e-06 -1.47754e-06 4.34635e-07 0.5594 1.10897 1.07044 3.25489e-15 6.38923e-15 1.19033e-15
-0.883154 -0.724293 -0.833852 -0.141633 0.201865 -0.251552 -0.947379 -0.870927 -0.922344 -0.156414 0.233584 -0.270249
1.05155 1.041 0.509756 -1.06921e-06 7.7693e-08 -3.78457e-06 1.13278 1.12451 0.654367 -3.18857e-15 1.15077e-15 5.16686e-15
-0.585423 -0.69176 -0.643013 0.297122 0.607327 -0.13619 -0.768559 -0.889016 -0.848469 0.410694 0.74874 -0.239998
-0.190107 0.259778 0.624272 1.19713e-06 -1.28208e-07 -5.45599e-07 -0.0389759 0.352703 0.651051 4.72891e-16 -1.01889e-15 -4.16929e-16
0.157801 -0.555824 -0.162594 0.169747 0.444267 0.0911342 0.0890321 -0.428675 -0.130699 0.194334 0.467526 0.0987395
0.43139 -0.145256 -0.170386 -3.51461e-06 -3.71959e-07 -3.57258e-06 0.427545 -0.0137457 -0.034712 -6.90841e-15 7.76835e-15 6.51212e-15
0.714222 1.00397 1.24735 -0.194893 -0.38621 0.0867534 0.852488 1.11866 1.31165 -0.202719 -0.401861 0.0936164
0.682989 0.896468 1.48365 -2.91485e-06 -4.44224e-06 -1.60559e-06 0.818026 1.023 1.51004 1.33257e-14 -1.38497e-16 -1.13499e-17
0.196724 -0.0961606 0.755829 0.311787 0.493645 0.642086 0.286599 0.0421243 0.656534 0.311517 0.549401 0.718321
0.229167 -0.171778 -0.344611 1.08128e-06 1.1713e-06 -3.52975e-07 0.222989 -0.0767131 -0.212837 5.29853e-15 8.10488e-15 4.86778e-15
1.1662 1.12261 1.05901 0.134129 1.1197 0.0376723 1.28225 1.21697 1.16087 0.13906 1.16548 0.0372207
2.73089 3.37395 3.53342 0.0582506 -0.0786496 0.625182 2.77209 3.31984 3.53744 -0.00349679 0.00905732 0.555158
0.329372 1.55886 0.821791 -0.020067 -0.0490185 -0.854674 -0.0347428 1.45731 0.60699 0.0573256 0.0537503 -0.948413
3.6059 5.1823 5.25976 0.374503 -0.00233124 0.0482562 3.30766 5.19422 5.04501 0.424209 0.0636247 0.0451534
6.0187 6.13121 6.25384 0.217723 0.162466 -0.408806 5.88371 6.05413 6.26788 0.137481 0.132854 -0.405719
1.45446 1.89373 0.357811 -0.092598 -0.588902 0.215955 1.26774 1.6988 0.152781 -0.0899425 -0.557476 0.117604
1.81746 2.27406 1.44294 -0.136562 -0.0323091 0.00218273 1.79161 2.25536 1.3103 -0.124175 -0.0342944 0.00790267
0.513459 0.959781 -0.531311 -0.193552 -0.20965 -0.299459 0.339858 0.875315 -0.830709 -0.219807 -0.196983 -0.29169
0.782415 0.573421 -0.472291 -0.10722 0.151181 -0.0241006 0.674208 0.428975 -0.759454 -0.129659 0.145827 -0.0149796
-0.382528 -0.0734299 -0.794548 -0.122943 -0.067189 0.0179659 -0.549335 -0.259958 -1.01128 -0.174088 -0.0744568 0.0108704
0.979919 1.39624 1.51064 -0.0937885 -0.220101 -0.0477453 0.707183 1.17715 1.4097 -0.0981967 -0.253698 -0.0708021
0.408107 0.86897 0.607981 -0.104999 0.091443 0.0763629 0.139325 0.731476 0.450588 -0.114591 0.0576982 0.0829243
-2.00566 -1.95933 -1.93504 0.00891189 0.248655 -0.175974 -2.42254 -2.34706 -2.33365 0.0128399 0.267382 -0.156539
3.88578 3.19544 3.76904 -0.276738 0.0265787 -0.12883 3.80174 3.04433 3.71059 -0.238174 0.0601556 -0.147801
1.08828 0.439165 0.243273 0.107317 -0.073569 0.0801483 1.07754 0.268202 0.0433793 0.0958833 -0.0641869 0.108769
0.945434 0.663851 0.218685 0.167803 -0.0702729 -0.0510101 0.849746 0.444299 -0.0976865 0.164365 -0.0506707 -0.0517298
6.60298 9.07694 5.44987 0.324613 1.82636 -0.468779 5.80463 8.39913 5.1315 0.437287 1.85216 -0.319234
1.09662 1.56214 0.970852 -0.111262 0.729429 -0.328489 1.12712 1.27766 0.674867 -0.252206 0.824902 -0.353099
1.06636 2.28868 1.81067 -0.493337 0.935879 0.508234 0.75452 1.83008 1.70262 -0.439882 0.91978 0.591757
1.16933 2.86349 0.736882 -0.0319928 0.584605 -0.402883 0.970247 2.49341 0.536532 -0.0473244 0.565047 -0.470908
3.75082 2.81184 3.12671 0.337218 -0.431937 -0.584861 3.53101 2.30053 2.7751 0.347521 -0.32434 -0.524107
5.76943 5.25087 4.66489 -0.102728 0.400895 -0.525024 5.42418 4.93594 4.30614 -0.260752 0.464453 -0.522579
4.70486 6.42437 4.26349 -0.411377 -0.108164 -1.11342 4.34577 6.09893 3.97262 -0.351359 -0.172124 -1.12641
2.64132 2.37816 3.0474 0.443769 0.134857 -0.127188 2.39838 2.13483 2.65157 0.51276 0.18869 -0.115503
-0.371211 -0.758653 -1.40017 -0.159759 -0.157324 0.138262 -0.414663 -0.878058 -1.24949 -0.228992 -0.0931442 0.13401
6.38527 5.82961 5.90157 0.216725 0.159598 0.11638 6.0678 5.52493 5.68253 0.209496 0.113404 0.104265
2.84549 2.38186 3.49429 -0.209254 0.0306416 0.294742 2.63328 2.14279 3.05451 -0.232195 0.045384 0.381874
6.06305 6.17173 5.92949 0.219105 -0.128277 0.470014 5.8176 5.90804 5.74678 0.239668 -0.0673665 0.441436
3.68393 2.78468 2.68066 -0.146025 0.0154185 0.0803121 3.36591 2.56295 2.55353 -0.136504 0.00606022 0.124605
6.43809 6.48203 6.56249 0.436273 0.247895 -0.081017 6.02135 6.12816 6.19137 0.432465 0.214079 -0.0766629
5.31721 6.21585 5.17431 -0.0916112 -0.0653732 -0.0239927 5.0896 6.05217 4.8882 -0.0903067 -0.0531879 -0.0390732
2.35546 5.36461 3.85191 -0.271343 0.0555513 -0.563946 2.5177 5.74263 3.50139 -0.22753 0.075082 -0.370329
3.02241 7.10825 1.92845 -0.0434429 -0.0969503 -0.0361096 3.08733 7.07868 1.84492 -0.042019 -0.174283 0.00682414
5.61126 5.76553 9.81454 -0.786616 0.0260359 1.1954 5.97009 6.05798 9.73102 -0.649868 0.053179 1.16564
4.31228 2.16922 1.79468 -0.0447942 -0.361274 -0.0983057 4.12217 2.1558 1.83138 -0.0039353 -0.336155 -0.0397427
10.5051 5.81533 3.69595 -0.870929 0.0126144 -0.58217 10.0219 6.33951 3.81738 -0.808724 0.02474 -0.65707
5.7936 3.81623 1.38276 0.325646 -0.366271 -0.0679828 5.70788 3.71494 1.33166 0.329924 -0.375013 0.0369001
3.08846 3.58797 7.68254 -1.58604 -0.233467 0.1678 3.12183 3.47676 7.60443 -1.46904 -0.237629 0.175216
3.04125 5.10217 4.53807 0.0669955 0.227447 -0.503717 3.09282 5.06815 4.16022 0.056332 0.285999 -0.468415
0.722905 4.14294 6.15364 -0.653268 0.0296909 -0.0426553 0.734178 3.96811 5.62479 -0.641407 0.0736111 0.0501078
3.42638 6.43645 9.6715 -0.733273 -0.0210897 -0.180483 3.75479 6.53123 9.895 -0.660089 -0.04869 -0.227333
6.82154 7.96053 8.97897 0.154731 0.190759 0.388908 7.11857 8.1871 9.29671 0.129874 0.15194 0.391728
0.941422 4.72402 3.67624 -0.330338 -0.136404 0.178571 0.888934 4.63225 3.49068 -0.321748 -0.11058 0.206594
1.99713 6.80056 9.0103 0.318845 -0.460222 -0.0746742 2.25589 6.67749 9.03949 0.305248 -0.392587 -0.108701
4.87263 3.88656 5.68379 -0.271963 0.0531582 -0.273692 4.85896 3.89513 5.51498 -0.249559 0.0501623 -0.271833
-0.263408 1.53102 2.27384 0.247103 -0.456103 0.0520783 -0.346616 1.47953 2.18819 0.292652 -0.419719 0.0585584
0.424023 0.589657 0.749227 -0.487216 0.203659 0.262885 0.277773 0.403589 0.550638 -0.495119 0.191488 0.287196
0.964846 1.75552 1.15033 0.0789985 -0.286235 0.666307 0.951585 1.6917 1.20848 0.0906925 -0.284413 0.68019
1.5308 1.92127 1.81331 -0.148982 -0.469311 1.42287 1.55545 1.83502 1.77867 -0.141714 -0.478001 1.4668
0.968468 0.303011 0.592296 0.195886 -0.254668 -0.905137 0.79683 0.278307 0.480694 0.189412 -0.248526 -0.929661
0.914727 0.319651 0.570673 -0.485188 -0.168643 0.0120511 0.697912 0.318766 0.552415 -0.499274 -0.165139 0.0236874
0.810421 0.912858 1.30999 -0.238733 0.439433 0.276597 0.754155 0.837571 1.18106 -0.246269 0.446918 0.276775
3.21129 2.48753 2.39821 0.491168 -0.0835404 0.0946638 3.09517 2.48179 2.3654 0.510023 -0.0876803 0.0920351
2.66237 2.97199 3.15479 -0.348143 -0.208191 -0.18838 2.60594 2.9099 3.09221 -0.358296 -0.21872 -0.199883
-0.0770362 -0.14174 0.291967 0.150277 0.00156258 -0.0972393 -0.247251 -0.322037 0.016326 0.158284 -0.00224909 -0.109689
2.78958 3.1969 2.94653 -0.14295 0.272355 -0.422077 2.73361 3.15056 2.89682 -0.152077 0.279873 -0.435337
