0.0793219 0.00144631 -0.0339197 -7.03924e-08 -1.97224e-09 -5.25747e-09 0.0981604 0.0498584 -0.00376041 -2.7214e-16 -5.99349e-17 1.16669e-16
-0.168247 -0.156739 -0.105565 0.000417574 -0.17039 0.0164147 -0.137341 -0.130161 -0.0714285 0.000976659 -0.167446 0.016216
-0.0133296 0.0784588 0.0429951 -9.64369e-09 1.50172e-08 1.29149e-08 0.0189055 0.10309 0.0803909 1.12525e-16 2.75945e-16 7.21043e-17
0.136784 0.0565284 -0.116129 -0.40503 0.0830789 0.220842 0.0997012 0.0267839 -0.138835 -0.354894 0.0923325 0.223629
-0.241099 -0.243289 -0.29564 5.85542e-08 -2.28712e-09 1.17241e-08 -0.195619 -0.199554 -0.284572 -1.9413e-16 -2.65336e-17 3.45705e-16
-0.349169 -0.298279 -0.335796 -0.095403 0.141342 0.017234 -0.337324 -0.258639 -0.322252 -0.0999378 0.148002 0.0224678
-0.355489 -0.302754 -0.352794 -2.74143e-10 -2.29176e-08 1.0538e-09 -0.337655 -0.268923 -0.333566 1.32463e-16 3.37212e-18 -8.23995e-17
0.101116 -0.0618573 0.136115 0.0351711 -0.167536 -0.184975 0.0645197 -0.0617629 0.0945907 0.0344805 -0.164083 -0.114775
-0.480587 -0.488731 -0.504309 1.46387e-09 3.07292e-08 1.68111e-10 -0.475333 -0.486503 -0.508319 -1.75807e-17 -4.56652e-17 -3.71411e-17
-0.167844 -0.171033 -0.157969 0.0117726 -0.0381587 -0.0927737 -0.131833 -0.136648 -0.11435 0.0110977 -0.0378229 -0.0918808
-0.291966 -0.217354 -0.200396 -4.03406e-08 -1.5402e-08 -7.2689e-09 -0.286829 -0.166887 -0.157305 4.06452e-16 -2.14509e-16 -5.5225e-17
0.120837 0.0563034 0.055794 0.0257616 0.0393712 0.241524 0.116505 0.0883528 0.0609725 0.0252251 0.0402729 0.199459
-0.375598 -0.316864 -0.304025 1.27693e-10 -2.68833e-10 1.42663e-09 -0.371001 -0.281167 -0.260169 1.16267e-16 -2.28951e-16 -1.47447e-16
-0.175807 -0.339312 -0.309284 -0.0998683 0.00696846 -0.0919684 -0.179175 -0.325968 -0.278996 -0.107607 0.00271041 -0.0999194
-0.139992 -0.303243 -0.220507 1.02331e-08 1.15186e-08 -3.69933e-08 -0.127746 -0.29797 -0.169762 2.10638e-17 -3.76646e-17 1.25004e-16
-0.119856 -0.163862 -0.155995 0.162725 0.262637 -0.00142471 -0.107388 -0.149153 -0.129444 0.171102 0.253939 -0.0136461
-0.0738809 -0.0395946 -0.152865 1.87398e-07 -9.3525e-08 3.79839e-08 -0.0272561 -0.0103241 -0.140515 -1.19101e-16 -2.70256e-16 2.89174e-16
0.181579 0.176067 0.0152833 0.279606 0.0592296 0.0547346 0.138298 0.135823 0.0391371 0.203614 0.0609247 0.0569663
-0.293371 -0.358481 -0.289576 -2.07437e-08 -2.93254e-10 1.32544e-10 -0.252512 -0.353769 -0.246082 3.59223e-17 6.42243e-17 2.87235e-16
-0.301245 -0.33741 -0.301844 0.0263526 -0.0220607 0.0287285 -0.268972 -0.322955 -0.267792 0.0256515 -0.0214826 0.0299295
-0.0509708 -0.163066 -0.110883 -5.54492e-09 -1.53157e-08 -4.72567e-08 -0.0261762 -0.146792 -0.0606441 -8.24411e-17 8.22268e-17 2.62309e-16
-0.350183 -0.351794 -0.366909 0.0421402 0.0230706 -0.0354314 -0.323508 -0.32832 -0.352306 0.0436782 0.0233983 -0.036264
-0.514271 -0.468276 -0.503735 4.77497e-09 -8.26888e-09 5.42359e-10 -0.521304 -0.457169 -0.506044 5.90874e-17 -2.61046e-17 2.76999e-19
-0.271376 -0.237121 -0.2406 -0.0131056 -0.0672064 -0.147264 -0.25695 -0.197312 -0.202518 -0.0158083 -0.070275 -0.142645
-0.350103 -0.282151 -0.317633 -3.3993e-08 -5.23754e-08 1.08497e-08 -0.338333 -0.246371 -0.288414 -5.72097e-16 6.39005e-18 4.55766e-17
-0.046558 -0.00757011 -0.0778357 0.0884528 0.118625 0.0737516 -0.00363153 0.0235053 -0.0484606 0.0848242 0.115058 0.0702751
-0.325146 -0.357161 -0.317663 -4.84291e-08 7.65991e-09 -1.61591e-08 -0.295329 -0.344915 -0.28321 1.04329e-16 6.87193e-17 -4.53669e-16
-0.528021 -0.518884 -0.512947 -0.0553114 -0.149308 -0.208078 -0.634435 -0.608213 -0.590156 -0.130511 -0.216403 -0.287616
0.0213701 0.0772054 0.131502 -1.55515e-09 7.26442e-09 -9.69141e-10 0.055498 0.112838 0.14885 -4.9222e-16 -3.49019e-16 2.47254e-16
-0.137175 0.106026 0.123296 -0.126509 0.386264 0.156445 -0.165723 0.0711024 0.0995522 -0.138679 0.34176 0.164037
-0.264166 -0.120965 -0.273924 -3.92494e-09 -1.17084e-07 4.73622e-08 -0.429378 -0.0719893 -0.378271 -1.94777e-17 7.69485e-16 -3.41359e-17
0.0627074 0.211135 0.0355871 0.155586 0.220678 -0.0315419 0.0728671 0.181781 0.0023896 0.163252 0.253522 -0.0025349
0.105388 -0.0713127 -0.0873947 -1.09381e-08 2.03185e-09 -9.59568e-08 0.0534601 -0.0530324 -0.330575 -5.82751e-16 8.15213e-16 7.74413e-18
0.0768182 0.0702663 0.117223 -0.301133 -0.105497 0.0330607 0.1371 0.119108 0.168794 -0.290129 -0.116387 0.0532541
0.0152827 0.129219 0.0961857 -7.99263e-08 -6.99687e-08 5.67864e-08 -0.0569362 0.0768824 0.0593872 -8.15903e-17 8.86163e-17 -1.16774e-16
-0.192897 -0.147662 -0.162723 -0.190749 -0.109801 0.149414 -0.228321 -0.0870258 -0.111042 -0.213002 -0.111501 0.155746
-0.270656 -0.291091 -0.286737 -4.92242e-08 -1.01128e-07 3.70152e-08 -0.184026 -0.314067 -0.260576 1.88898e-16 1.18884e-16 3.62957e-16
-0.271997 -0.155313 -0.271741 0.0877241 0.0704791 -0.206396 -0.301614 -0.138288 -0.293886 0.0814042 0.0689362 -0.178135
-0.169389 -0.109639 -0.189362 4.86902e-09 1.69501e-08 2.68351e-09 -0.0814544 -0.0270015 -0.215847 -3.09413e-16 -7.01946e-17 5.59328e-17
-0.20577 -0.226191 -0.141322 0.247146 0.190398 0.114162 -0.240439 -0.229383 -0.0869405 0.285082 0.195476 0.112669
0.163033 0.295339 0.204588 1.79494e-07 1.78097e-08 1.22955e-08 0.191409 0.249992 0.207045 -3.27345e-16 2.16805e-16 5.06634e-16
0.350493 0.248112 0.23428 0.399663 -0.568126 -0.374324 0.317948 0.211455 0.149636 0.4032 -0.541242 -0.36515
-0.266493 -0.304335 -0.30747 -5.02764e-08 -4.24353e-08 5.8067e-08 -0.177068 -0.323136 -0.446048 1.54347e-16 2.16785e-18 -8.39267e-17
0.181772 0.206934 0.197618 0.30397 0.248738 0.192685 0.198586 0.213452 0.201971 0.28734 0.23542 0.227852
-0.387751 -0.378273 -0.369263 -5.9987e-08 -5.89435e-08 5.75325e-08 -0.528488 -0.495718 -0.359943 -2.25337e-16 3.8912e-17 2.46113e-16
0.173044 0.0675599 0.00821563 0.0185822 0.114087 0.31157 0.184383 0.100086 0.00551639 0.0147021 0.14506 0.335325
-0.228411 -0.251098 -0.27021 -2.96615e-08 5.91512e-08 4.86107e-08 -0.123291 -0.155534 -0.411163 -3.79129e-16 2.51543e-17 1.10773e-16
-0.207306 -0.0759691 -0.186969 0.1985 -0.103315 0.0444594 -0.237016 -0.080426 -0.245428 0.173273 -0.120326 0.0397461
-0.292888 -0.331168 -0.335629 -1.54135e-08 -2.07666e-08 -8.13537e-08 -0.211582 -0.480644 -0.391251 9.59382e-17 1.60607e-16 -5.29198e-16
0.130554 0.196091 0.140049 -0.0024008 0.283942 -0.179194 0.11043 0.204265 0.156892 -0.0224559 0.298934 -0.182976
-0.147978 -0.147459 0.0640267 -3.60267e-08 -8.48639e-08 -5.42535e-08 -0.16836 -0.281783 0.0447021 8.6738e-17 5.51163e-17 -4.55255e-16
-0.125091 -0.119939 -0.168017 -0.0147557 0.212729 0.036001 -0.0799515 -0.0830522 -0.193375 -0.0185032 0.133383 0.0370174
0.17651 0.0776448 0.0778268 1.46421e-07 -6.28146e-08 3.51788e-09 0.125428 0.0778251 0.0779452 1.98749e-16 4.44439e-18 3.39218e-16
0.127151 0.0767736 0.0198678 0.365637 0.299694 0.401098 0.11962 0.001321 -0.0391345 0.413823 0.274901 0.430296
-0.435093 -0.436374 -0.434462 -6.31928e-08 -6.88431e-08 -6.21218e-08 -0.565744 -0.608772 -0.585047 -5.68353e-16 -8.05104e-17 -1.13418e-16
0.153098 0.244507 0.218864 -0.0123214 0.268299 0.269587 0.125551 0.230337 0.214474 0.031699 0.279638 0.264883
-0.130446 -0.0817958 -0.0209757 -3.03944e-08 9.21455e-08 9.51438e-09 -0.330506 -0.0367323 -0.00312532 1.39225e-16 -5.80187e-16 6.4647e-17
-0.233253 -0.207499 -0.172041 -0.0761253 0.115589 -0.100131 -0.344332 -0.184717 -0.114393 -0.0605567 0.116846 -0.0959091
-0.190959 -0.17905 -0.117583 2.60882e-07 -6.17111e-08 2.11529e-07 -0.173635 -0.0967882 -0.0278534 -1.57217e-16 -3.05392e-16 6.3746e-17
-0.338094 -0.351085 -0.349153 0.149947 -0.0503862 0.0914491 -0.339146 -0.377713 -0.441465 0.174144 -0.0378104 0.0963742
-0.349185 -0.195842 -0.121049 -1.99103e-07 -4.24061e-10 -1.16543e-09 -0.363212 -0.224546 -0.418498 -2.56958e-17 5.81504e-17 1.92695e-17
0.394327 -0.204403 0.40768 0.121105 0.0770011 -0.202633 0.300918 -0.170692 0.412045 0.112699 0.101857 -0.24486
-0.210766 -0.257043 -0.247177 2.21617e-07 3.57638e-09 -2.05748e-09 -0.166475 -0.211496 -0.245527 9.25668e-17 -2.48525e-17 -7.49727e-17
-0.307391 -0.0884737 0.351654 0.10924 -0.347284 -0.194929 -0.28702 -0.0805974 0.361058 0.117909 -0.358074 -0.201736
-0.257346 -0.357316 -0.24542 -4.38225e-07 -3.04522e-08 3.97239e-08 -0.221201 -0.316201 -0.25919 -2.0273e-18 -5.12115e-18 -5.14391e-17
-0.206856 -0.424127 -0.0905344 -0.0931634 -0.147086 -0.0889823 -0.169798 -0.432647 -0.0627293 -0.104821 -0.155364 -0.104104
0.361584 -0.0953427 0.175305 3.93205e-07 -3.65872e-08 -3.38048e-08 0.279714 -0.08647 0.129667 -3.65552e-16 -4.38886e-17 2.09262e-18
-0.400855 -0.234451 -0.133009 0.107703 -0.150005 -0.0513291 -0.38143 -0.192894 -0.112197 0.127081 -0.116797 -0.0174027
0.294211 -0.0663312 -0.18319 -1.24553e-07 7.08135e-08 -2.99151e-08 0.188391 -0.038009 -0.344942 -1.08686e-15 1.42777e-17 3.26485e-17
0.250317 0.481191 0.507932 -0.229013 -0.0130536 -0.0895285 0.3142 0.503202 0.647379 -0.193914 -0.0182384 -0.0933062
0.27994 0.175198 -0.157005 -2.16285e-07 -6.89479e-08 -3.91519e-09 0.215654 0.165145 -0.43011 -6.60056e-16 -1.67378e-16 -6.93324e-17
-0.232958 0.250803 0.10687 0.008267 0.0983779 0.181238 -0.192148 0.267203 0.109277 0.0230763 0.0827993 0.20037
0.475534 0.284362 0.546424 5.16896e-07 -4.30145e-08 1.39003e-07 0.425348 0.345461 0.711116 -2.61268e-16 4.68088e-17 8.36668e-17
-0.00112492 0.261523 0.561501 0.0220157 -0.00439591 -0.195173 0.0455676 0.318019 0.642274 0.0208274 -0.00399713 -0.221903
-0.131048 -0.162623 0.101217 4.74769e-07 7.18495e-08 1.36622e-07 -0.116013 -0.153373 -0.000198287 1.0237e-17 2.01712e-18 -7.58046e-17
-0.0924322 0.115227 -0.131938 0.142283 -0.0124253 -0.0640283 -0.100825 0.0952684 -0.273425 0.132482 -0.0340388 0.00743127
0.29497 0.441217 0.0398691 6.17342e-07 3.15378e-09 -2.58478e-09 0.22604 0.295977 -0.157832 1.35757e-16 1.27487e-16 3.03953e-16
-0.121649 -0.254866 0.383276 -0.0771501 -0.234873 0.0482678 -0.0929352 -0.258346 0.369557 -0.0694601 -0.316604 0.0395822
-0.184982 -0.252782 -0.293211 5.82591e-08 3.75843e-08 3.01996e-08 -0.120777 -0.190561 -0.208928 -4.28198e-16 -1.21048e-15 -1.49143e-16
0.412075 0.329449 0.143526 0.0632204 0.0558387 -0.132407 0.330461 0.281541 0.134881 0.0183235 0.0540258 -0.178073
0.307584 -0.126729 0.189201 6.91296e-08 6.10509e-08 -7.29331e-08 0.256399 -0.116318 0.160411 1.20768e-16 1.09329e-16 5.1644e-17
0.0402641 0.153816 0.0392236 -0.0873586 0.0620413 0.0877638 0.0682672 0.162462 -0.0182429 -0.066922 0.0737224 0.0918772
0.378829 0.477975 0.411321 5.39584e-07 7.36566e-08 4.28453e-08 0.357136 0.388324 0.562557 -9.81984e-17 -9.73544e-17 2.93451e-16
0.424456 0.567509 0.212692 -0.181554 -0.0190676 0.100495 0.350383 0.564061 0.185337 -0.169783 -0.0215086 0.178736
0.246909 -0.0581327 0.401617 -8.48763e-08 1.27837e-07 7.04938e-08 0.283265 -0.00216583 0.517983 8.88307e-16 1.24018e-16 -4.07943e-17
0.310664 0.547019 0.300848 0.184428 0.12952 -0.164649 0.338481 0.553463 0.347113 0.167413 0.152357 -0.200091
-0.187907 -0.248428 0.147085 -9.10074e-08 5.83637e-08 -1.0619e-07 -0.15836 -0.226693 0.141975 2.61905e-16 5.56725e-17 -1.12552e-16
0.101363 0.265986 0.0964164 -0.0921586 -0.141503 0.126831 0.14252 0.260244 0.138677 -0.0715343 -0.151824 0.112943
0.129899 -0.139587 -0.0022176 -9.34894e-08 -2.4085e-09 -9.97069e-09 0.116474 -0.181037 -0.31637 1.79197e-16 2.96466e-17 -1.42295e-16
0.595775 0.241678 0.589168 -0.0747486 -0.0222637 0.112973 0.582248 0.292181 0.752879 -0.0476476 -0.0268575 0.121521
0.0291879 0.0672682 0.131583 -1.8903e-07 -3.9285e-07 2.61266e-07 0.0560352 0.0889247 0.140777 1.43896e-15 -1.19678e-16 -7.40843e-16
-0.16808 -0.0462066 -0.0482077 -0.0270349 -0.0406181 -0.0946194 -0.158305 -0.0812365 -0.107411 -0.0400053 -0.0624469 -0.118013
0.246537 0.17712 0.13177 -6.7261e-07 -4.1193e-07 -5.08513e-07 0.253092 0.196295 0.153519 6.36194e-16 6.20942e-17 5.71996e-16
0.309978 0.268422 0.278895 -0.160513 0.00762814 -0.161794 0.31506 0.282233 0.291859 -0.164776 0.00793122 -0.166148
-0.00515027 0.0956253 -0.0521315 -1.01629e-07 2.04124e-07 -4.28686e-07 0.0140923 0.0836979 -0.0270268 -3.75508e-16 2.59659e-16 -4.66176e-16
0.0930779 0.190396 0.221075 0.0196834 0.04052 0.136885 0.115787 0.206276 0.230283 0.0203009 0.0422939 0.142824
0.138528 0.124555 0.107817 9.17532e-07 8.19355e-07 3.9885e-07 0.15665 0.145305 0.13117 1.054e-15 6.09925e-17 7.57478e-16
-0.0142264 0.0264169 -0.0546826 0.106334 -0.130426 -0.0390823 -0.0069027 -0.0112043 -0.0388848 0.121979 -0.149541 -0.0364773
0.179422 0.26193 0.13137 -7.23023e-08 -7.43032e-07 -1.90396e-07 0.198457 0.265812 0.152331 1.83673e-15 -2.03022e-17 1.04127e-15
0.136742 0.211822 0.109176 0.15583 0.0958127 0.0637563 0.157598 0.215417 0.13327 0.162771 0.0998294 0.0649214
-0.0904533 -0.176833 -0.116559 5.97271e-07 2.06362e-07 6.20096e-07 -0.130957 -0.167677 -0.127397 1.06042e-15 5.73759e-16 -4.85032e-16
-0.177422 -0.145423 -0.109715 -0.12694 0.0801995 -0.0918383 -0.197829 -0.206393 -0.200126 -0.147499 0.0943893 -0.109622
0.032236 -0.053834 0.0184661 2.16755e-08 7.66446e-07 2.31902e-07 0.0393727 -0.0287155 0.0259789 4.48079e-16 2.26792e-16 2.99933e-16
-0.0630886 -0.113536 -0.0478746 -0.0319835 0.0204651 -0.00759383 -0.0626024 -0.0987214 -0.0511111 -0.034082 0.0223841 -0.00832864
-0.000100769 -0.0474407 -0.065205 -2.30798e-07 -6.73372e-07 -4.78674e-07 0.00248119 -0.0342638 -0.0470975 -5.63992e-16 -2.19587e-16 1.15018e-16
-0.108047 -0.00683409 -0.0269693 -0.0436292 -0.0374365 0.106933 -0.0884354 -0.00938964 -0.0291019 -0.0467248 -0.0397118 0.113888
0.0832034 -0.0237418 0.0394569 -2.45461e-07 -1.0765e-06 -6.89572e-07 0.0915649 0.00323323 0.0552328 -2.21422e-16 1.04151e-15 5.81307e-16
-0.14526 -0.167737 -0.127253 -0.0365738 0.0371245 -0.0804364 -0.173953 -0.173809 -0.173959 -0.0383397 0.0429273 -0.099858
0.070171 0.175928 0.167465 -6.49962e-07 -2.5005e-07 7.35549e-08 0.0946692 0.187675 0.181154 5.50836e-16 1.08127e-15 2.01444e-16
-0.16567 -0.135869 -0.156421 -0.0265687 0.0378677 -0.0471884 -0.177718 -0.163376 -0.173022 -0.0293415 0.0438178 -0.0506958
0.177557 0.175776 0.0860738 -1.80539e-07 1.31187e-08 -6.39035e-07 0.191274 0.189877 0.110492 -5.384e-16 1.9431e-16 8.7244e-16
-0.109226 -0.129066 -0.119971 0.0554359 0.113313 -0.0254098 -0.143395 -0.165869 -0.158304 0.0766259 0.139697 -0.044778
-0.0330487 0.0451603 0.108525 2.08111e-07 -2.22879e-08 -9.48481e-08 -0.00677565 0.0613147 0.11318 8.22084e-17 -1.77125e-16 -7.24797e-17
0.0281745 -0.0992397 -0.0290303 0.0303076 0.0793218 0.0162716 0.0158962 -0.0765378 -0.0233357 0.0346974 0.0834744 0.0176295
0.075834 -0.0255346 -0.0299521 -6.17831e-07 -6.53866e-08 -6.28023e-07 0.075158 -0.00241635 -0.00610202 -1.21443e-15 1.3656e-15 1.14476e-15
0.120078 0.168792 0.20971 -0.0327663 -0.0649312 0.0145853 0.143324 0.188074 0.22052 -0.034082 -0.0675626 0.0157392
0.114425 0.15019 0.248565 -4.8834e-07 -7.44232e-07 -2.68994e-07 0.137048 0.171389 0.252986 2.23252e-15 -2.32031e-17 -1.90151e-18
0.0342478 -0.0167406 0.131582 0.054279 0.0859386 0.111781 0.049894 0.00733343 0.114296 0.0542321 0.0956453 0.125053
0.0406424 -0.0304645 -0.0611162 1.91763e-07 2.07728e-07 -6.25995e-08 0.0395467 -0.0136049 -0.0377463 9.39686e-16 1.43739e-15 8.63293e-16
0.196118 0.188786 0.178091 0.0225561 0.188297 0.00633525 0.215633 0.204655 0.195221 0.0233854 0.195996 0.00625931
0.265593 0.328133 0.343642 0.00566516 -0.00764907 0.0608021 0.2696 0.322871 0.344034 -0.000340081 0.000880869 0.0539918
0.0345779 0.163651 0.0862728 -0.00210666 -0.00514604 -0.0897249 -0.00364734 0.15299 0.0637227 0.00601813 0.00564278 -0.0995658
0.34807 0.500236 0.507713 0.03615 -0.000225029 0.00465807 0.319281 0.501387 0.486984 0.040948 0.00614155 0.00435856
0.559231 0.569685 0.58108 0.0202298 0.0150956 -0.0379844 0.546688 0.562523 0.582384 0.0127741 0.0123442 -0.0376976
0.154892 0.201673 0.0381051 -0.00986124 -0.0627152 0.0229982 0.135008 0.180914 0.0162705 -0.00957844 -0.0593685 0.0125243
0.185749 0.232414 0.147472 -0.013957 -0.00330207 0.000223081 0.183107 0.230503 0.133915 -0.012691 -0.00350497 0.000807671
0.0550502 0.102902 -0.0569643 -0.0207516 -0.0224775 -0.0321064 0.0364377 0.0938464 -0.089064 -0.0235665 -0.0211194 -0.0312734
0.0837287 0.0613636 -0.0505414 -0.0114739 0.0161784 -0.00257908 0.0721492 0.045906 -0.0812716 -0.0138752 0.0156054 -0.00160301
-0.0419024 -0.00804356 -0.0870354 -0.0134673 -0.00735993 0.001968 -0.0601746 -0.028476 -0.110776 -0.0190698 -0.00815605 0.00119075
0.102411 0.145921 0.157877 -0.0098018 -0.0230027 -0.00498984 0.0739074 0.123023 0.147327 -0.0102625 -0.0265139 -0.0073995
0.0436484 0.0929393 0.0650256 -0.01123 0.00978014 0.00816727 0.0149013 0.0782338 0.0481919 -0.0122559 0.00617101 0.00886903
-0.23436 -0.228947 -0.226108 0.00104135 0.0290552 -0.0205624 -0.283072 -0.274253 -0.272686 0.00150033 0.0312434 -0.0182914
0.381552 0.313767 0.370089 -0.0271734 0.00260981 -0.0126501 0.3733 0.298928 0.364349 -0.0233867 0.00590678 -0.0145128
0.115458 0.0465918 0.0258093 0.0113854 -0.00780506 0.00850307 0.114318 0.028454 0.00460218 0.0101724 -0.00680969 0.0115395
0.101221 0.0710741 0.0234131 0.0179656 -0.00752365 -0.00546131 0.0909766 0.0475681 -0.0104586 0.0175975 -0.00542497 -0.00553837
0.610651 0.839445 0.50401 0.0300206 0.168904 -0.0433532 0.536819 0.776761 0.474567 0.0404408 0.171289 -0.0295232
0.108162 0.154077 0.0957574 -0.010974 0.0719453 -0.0323996 0.111171 0.126018 0.0665637 -0.0248756 0.081362 -0.0348269
0.10772 0.231194 0.182907 -0.0498351 0.094539 0.0513398 0.0762187 0.184868 0.171992 -0.0444353 0.0929127 0.059777
0.114806 0.28114 0.0723478 -0.00314108 0.057397 -0.0395554 0.0952597 0.244805 0.0526772 -0.00464635 0.0554768 -0.0462342
0.360152 0.269991 0.300225 0.0323794 -0.0414743 -0.056158 0.339045 0.220896 0.266463 0.0333688 -0.031143 -0.0503244
0.537818 0.489479 0.434854 -0.00957618 0.0373709 -0.048942 0.505634 0.460122 0.401412 -0.0243069 0.0432957 -0.0487141
0.443012 0.604922 0.401453 -0.0387355 -0.0101847 -0.104841 0.4092 0.574278 0.374064 -0.0330841 -0.0162073 -0.106064
0.26243 0.236284 0.302777 0.0440909 0.0133988 -0.0126368 0.238292 0.212107 0.263448 0.0509456 0.0187474 -0.0114758
-0.0400316 -0.0818134 -0.150995 -0.0172285 -0.0169659 0.0149102 -0.0447174 -0.0946901 -0.134746 -0.0246945 -0.0100447 0.0144517
0.593112 0.541498 0.548182 0.020131 0.0148247 0.0108103 0.563623 0.513197 0.527836 0.0194595 0.0105338 0.00968492
0.277274 0.232096 0.340495 -0.0203903 0.00298581 0.0287205 0.256595 0.2088 0.29764 -0.0226258 0.00442235 0.0372109
0.551972 0.561866 0.539813 0.019947 -0.0116782 0.0427894 0.529626 0.537861 0.523179 0.0218191 -0.00613296 0.0401877
0.36079 0.272721 0.262534 -0.0143011 0.00151003 0.00786547 0.329644 0.251006 0.250083 -0.0133687 0.000593515 0.0122033
0.582732 0.586709 0.593992 0.0394885 0.0224377 -0.0073331 0.545012 0.554679 0.5604 0.0391438 0.0193769 -0.006939
0.482352 0.563873 0.46939 -0.00831054 -0.00593036 -0.00217651 0.461705 0.549025 0.443435 -0.00819221 -0.00482496 -0.00354454
0.225075 0.512612 0.368067 -0.025928 0.00530817 -0.0538875 0.240577 0.548733 0.334573 -0.0217415 0.00717441 -0.0353866
0.288874 0.679388 0.184316 -0.00415216 -0.00926626 -0.00345126 0.295079 0.676563 0.176333 -0.00401607 -0.0166575 0.000652234
0.522693 0.537062 0.914231 -0.0732738 0.00242526 0.111352 0.556118 0.564305 0.906451 -0.0605357 0.00495366 0.10858
0.426882 0.214736 0.177659 -0.00443428 -0.0357633 -0.0097315 0.408063 0.213408 0.181293 -0.000389565 -0.0332767 -0.00393422
0.984927 0.545226 0.34652 -0.0816555 0.00118269 -0.0545823 0.93962 0.594371 0.357905 -0.0758233 0.00231954 -0.0616047
0.569344 0.375026 0.135885 0.0320016 -0.0359939 -0.00668076 0.560921 0.365072 0.130864 0.032422 -0.036853 0.00362622
0.293311 0.34075 0.729611 -0.150626 -0.0221724 0.0159359 0.296481 0.330189 0.722193 -0.139515 -0.0225677 0.0166403
0.298122 0.500146 0.44485 0.00656732 0.0222958 -0.0493775 0.303177 0.496812 0.407811 0.00552202 0.0280354 -0.0459169
0.0713127 0.40869 0.60704 -0.0644432 0.00292892 -0.00420783 0.0724247 0.391443 0.55487 -0.0632731 0.00726154 0.004943
0.31427 0.590357 0.887077 -0.0672564 -0.00193436 -0.0165541 0.344393 0.599049 0.907577 -0.0605438 -0.00446588 -0.0208511
0.602301 0.702867 0.792789 0.0136618 0.0168429 0.0343383 0.628527 0.722871 0.820843 0.0114671 0.0134154 0.0345873
0.0933165 0.468259 0.3644 -0.032744 -0.0135208 0.0177005 0.0881138 0.459162 0.346006 -0.0318926 -0.0109611 0.0204782
0.184439 0.628045 0.832119 0.0294459 -0.0425024 -0.00689631 0.208336 0.616679 0.834814 0.0281903 -0.0362562 -0.0100388
0.460608 0.367395 0.537287 -0.0257086 0.00502502 -0.025872 0.459316 0.368205 0.521329 -0.0235907 0.00474183 -0.0256963
-0.0276327 0.160611 0.238537 0.0259223 -0.0478474 0.00546326 -0.0363617 0.15521 0.229552 0.0307006 -0.0440306 0.00614306
0.0771422 0.107276 0.136306 -0.0886389 0.0370515 0.0478265 0.050535 0.0734246 0.100177 -0.0900765 0.0348372 0.0522493
0.165239 0.30065 0.197004 0.0135292 -0.0490204 0.114111 0.162968 0.289719 0.206963 0.0155319 -0.0487085 0.116489
0.261683 0.328431 0.309976 -0.0254677 -0.0802265 0.243232 0.265897 0.313687 0.304054 -0.0242252 -0.0817119 0.250742
0.172207 0.0538795 0.105318 0.0348312 -0.0452834 -0.160946 0.141687 0.0494868 0.0854739 0.03368 -0.0441913 -0.165306
0.162895 0.0569238 0.101626 -0.0864026 -0.0300321 0.00214607 0.124285 0.056766 0.0983746 -0.0889111 -0.029408 0.00421827
0.142906 0.16097 0.230999 -0.0420973 0.0774878 0.048774 0.132985 0.147694 0.208264 -0.0434261 0.0788077 0.0488055
0.520115 0.402892 0.388426 0.0795519 -0.0135306 0.0153322 0.501308 0.401963 0.383111 0.0826057 -0.0142011 0.0149064
0.4267 0.476324 0.50562 -0.0557972 -0.033367 -0.0301917 0.417656 0.466371 0.49559 -0.0574243 -0.0350545 -0.0320354
-0.0143181 -0.026344 0.0542655 0.0279308 0.000290424 -0.0180731 -0.0459545 -0.0598544 0.00303438 0.0294189 -0.000418019 -0.020387
0.443497 0.508253 0.468449 -0.0227266 0.0433 -0.0671033 0.434599 0.500887 0.460546 -0.0241777 0.0444952 -0.0692113
