name: .pkg
run_id: build_wheel
env HOME: /home/andre
env LANG: en_US.UTF-8
env PATH: /home/andre/university/simulator-automatic-warehouse/.pkg/bin:/home/andre/university/simulator-automatic-warehouse/.venv/bin:/usr/local/texlive/2025/bin/x86_64-linux:/home/andre/.nvm/versions/node/v20.19.5/bin:/home/andre/.local/bin:/usr/local/sbin:/usr/local/bin:/usr/sbin:/usr/bin:/sbin:/bin:/usr/games:/usr/local/games:/snap/bin:/home/andre/.local/share/JetBrains/Toolbox/scripts:/opt/nvim-linux-x86_64/bin
env PIP_DISABLE_PIP_VERSION_CHECK: 1
env PYTHONHASHSEED: 3085636936
env PYTHONIOENCODING: utf-8
env SSH_AUTH_SOCK: **************************
env TERM: xterm-256color
env TOX_ENV_DIR: /home/andre/university/simulator-automatic-warehouse/.pkg
env TOX_ENV_NAME: .pkg
env TOX_WORK_DIR: /home/andre/university/simulator-automatic-warehouse
env VIRTUAL_ENV: /home/andre/university/simulator-automatic-warehouse/.pkg
metadata pid: 26172
cwd: /home/andre/university/simulator-automatic-warehouse/tests
allow: /home/andre/university/simulator-automatic-warehouse/.pkg/bin/*
cmd: python /home/andre/university/simulator-automatic-warehouse/.venv/lib/python3.12/site-packages/pyproject_api/_backend.py True setuptools.build_meta __legacy__
exit_code: None
started backend BackendProxy(backend=<setuptools.build_meta._BuildMetaLegacyBackend object at 0x7375f42e7740>)
