Timestamp: 2026-01-27T10:51:02.256185
Method: POST
URL: https://uat-onprem-dmz-hybrid.icici.bank.in/v1/login/banks/v2/oAuth/token
Headers: {
  "apikey": "ncYewmU1JrMsBLRwf79xsdUquLDYSmaeGTzjI1E4vAJ11v5Z",
  "content-type": "application/json"
}
Body: {
  "grant_type": "password",
  "client_id": "cecebd911389e647574c",
  "client_secret": "43e0aa51f687ba1990c271c5597524da2a8929da1b7947bea2778e9c5ba7",
  "bank_id": "ICI",
  "username": "558334427",
  "password": "P1ZAv2p7nDCudGLZHgVLVg==",
  "language_id": "001",
  "channel_id": "M",
  "device_type": "7",
  "ip_address": "127.0.0.4",
  "machine_fingerprint": {
    "VERSION": "1.0",
    "ExternalIP": "125.16.230.18",
    "MESC": {
      "mesc": "mi=2;cd=200;id=50;mesc=162292;ldi=225;mesc=143499;ldi=249"
    },
    "MFP": {
      "System": {
        "Platform": "Win32",
        "Timezone": "-330"
      },
      "Screen": {
        "FullHeight": 768,
        "AvlHeight": 728,
        "FullWidth": 1366,
        "AvlWidth": 1366,
        "BufferDepth": "",
        "ColorDepth": 24,
        "PixelDepth": 24,
        "DeviceXDPI": "",
        "DeviceYDPI": "",
        "FontSmoothing": "",
        "UpdateInterval": ""
      },
      "Browser": {
        "UserAgent": "Mozilla/5.0 (Windows NT 6.3; Win64; x64) AppleWebKit/537.36 (KHTML, like Gecko) Chrome/80.0.3987.122 Safari/537.36",
        "Vendor": "Google Inc.",
        "VendorSubID": "",
        "BuildID": "",
        "CookieEnabled": true
      }
    }
  }
}
Response Status Code: 503
Response Body: {
  "message": "Error while Login",
  "code": 503,
  "error": "server_error",
  "error_description": "server_error"
}
--------------------------------------------------
