# INFO 2026-01-30 13:00:34,255
<WQBSession ['13120480688@163.com']>.locate_field(...) [
    https://api.worldquantbrain.com/data-fields/open
]: 

# INFO 2026-01-30 13:00:34,257
================================================================================

# INFO 2026-01-30 13:00:34,257
[MULTI-SIMULATION MODE] 以下是multi simulation的记录，你的设计是1个multi simulation中有4个alpha，因此需将实际回测数乘以该乘数，才得到实际已完成的Alpha个数。

# INFO 2026-01-30 13:00:34,258
================================================================================

# INFO 2026-01-30 13:00:34,260
<WQBSession ['13120480688@163.com']>.concurrent_simulate(...) [start 387, 4]: 

# INFO 2026-01-30 13:00:52,965
<WQBSession ['13120480688@163.com']>.simulate(...) [
    https://api.worldquantbrain.com/simulations/3qQHys9Ud4Pz9IK1fg7RI3ay
]: 10/387 = 2%

# INFO 2026-01-30 13:01:10,458
<WQBSession ['13120480688@163.com']>.simulate(...) [
    https://api.worldquantbrain.com/simulations/129NjdfdB4sacwX1cgxG7oqi
]: 20/387 = 5%

# INFO 2026-01-30 13:01:23,533
<WQBSession ['13120480688@163.com']>.simulate(...) [
    https://api.worldquantbrain.com/simulations/QSjWpeVb4EOabR14vCr7E2H
]: 30/387 = 7%

# INFO 2026-01-30 13:01:38,451
<WQBSession ['13120480688@163.com']>.simulate(...) [
    https://api.worldquantbrain.com/simulations/1CZ2Pl19r4qYbGnFOYaxkio
]: 40/387 = 10%

# INFO 2026-01-30 13:01:52,691
<WQBSession ['13120480688@163.com']>.simulate(...) [
    https://api.worldquantbrain.com/simulations/4oXTH97pv4jFar0171PuNLXp
]: 50/387 = 12%

# INFO 2026-01-30 13:02:13,374
<WQBSession ['13120480688@163.com']>.simulate(...) [
    https://api.worldquantbrain.com/simulations/1MiAcedUm4H2a8UgYmNV0Ec
]: 60/387 = 15%

# INFO 2026-01-30 13:02:30,304
<WQBSession ['13120480688@163.com']>.simulate(...) [
    https://api.worldquantbrain.com/simulations/4DGXH5eBU4FhbWIHsO45uKn
]: 70/387 = 18%

# INFO 2026-01-30 13:02:48,005
<WQBSession ['13120480688@163.com']>.simulate(...) [
    https://api.worldquantbrain.com/simulations/2IJYxCdMr4NMcc5B6cnkPDJ
]: 80/387 = 20%

# INFO 2026-01-30 13:03:05,091
<WQBSession ['13120480688@163.com']>.simulate(...) [
    https://api.worldquantbrain.com/simulations/2IrnMi7094KHa4z1gRSl6aao
]: 90/387 = 23%

# INFO 2026-01-30 13:03:25,983
<WQBSession ['13120480688@163.com']>.simulate(...) [
    https://api.worldquantbrain.com/simulations/2V4GUz9Fp4tfaAVgf2VEfVQ
]: 100/387 = 25%

# INFO 2026-01-30 13:03:50,645
<WQBSession ['13120480688@163.com']>.simulate(...) [
    https://api.worldquantbrain.com/simulations/UKBKQ9oL51Dczd1a4XTDtP1
]: 110/387 = 28%

# INFO 2026-01-30 13:04:05,125
<WQBSession ['13120480688@163.com']>.simulate(...) [
    https://api.worldquantbrain.com/simulations/2RaUpEdPR4ZWaSMMjsJnYb6
]: 120/387 = 31%

# INFO 2026-01-30 13:04:16,602
<WQBSession ['13120480688@163.com']>.simulate(...) [
    https://api.worldquantbrain.com/simulations/2l058CaJM4xU9P5bwsXa3yJ
]: 130/387 = 33%

# INFO 2026-01-30 13:04:35,360
<WQBSession ['13120480688@163.com']>.simulate(...) [
    https://api.worldquantbrain.com/simulations/1vXx1n1kg4ORcEgKsz1VeMY
]: 140/387 = 36%

# INFO 2026-01-30 13:04:56,106
<WQBSession ['13120480688@163.com']>.simulate(...) [
    https://api.worldquantbrain.com/simulations/1cKkgQ8Nx4MsbIZTDoAhiIU
]: 150/387 = 38%

# INFO 2026-01-30 13:05:12,122
<WQBSession ['13120480688@163.com']>.simulate(...) [
    https://api.worldquantbrain.com/simulations/3m1ikabSU59qcgEiRYAv8sz
]: 160/387 = 41%

# INFO 2026-01-30 13:05:28,525
<WQBSession ['13120480688@163.com']>.simulate(...) [
    https://api.worldquantbrain.com/simulations/2BQqlo9cV50C8BNSkKpJYzV
]: 170/387 = 43%

# INFO 2026-01-30 13:05:50,143
<WQBSession ['13120480688@163.com']>.simulate(...) [
    https://api.worldquantbrain.com/simulations/4mVlT73304xX8FUX8PArrxH
]: 180/387 = 46%

# INFO 2026-01-30 13:06:04,476
<WQBSession ['13120480688@163.com']>.simulate(...) [
    https://api.worldquantbrain.com/simulations/49w5Zt6No4IVctt1eEPsy9Rj
]: 190/387 = 49%

# INFO 2026-01-30 13:06:24,633
<WQBSession ['13120480688@163.com']>.simulate(...) [
    https://api.worldquantbrain.com/simulations/p7zDkdUS58Xbhwd23I5uhJ
]: 200/387 = 51%

# INFO 2026-01-30 13:06:38,285
<WQBSession ['13120480688@163.com']>.simulate(...) [
    https://api.worldquantbrain.com/simulations/2h62J09nD4zRcnY1490028mv
]: 210/387 = 54%

# INFO 2026-01-30 13:06:54,692
<WQBSession ['13120480688@163.com']>.simulate(...) [
    https://api.worldquantbrain.com/simulations/4poyuk2lK5849TC14HIIGEXK
]: 220/387 = 56%

# INFO 2026-01-30 13:07:10,399
<WQBSession ['13120480688@163.com']>.simulate(...) [
    https://api.worldquantbrain.com/simulations/2QuVgwcEG58R99t1gPDNEaMc
]: 230/387 = 59%

# INFO 2026-01-30 13:07:24,374
<WQBSession ['13120480688@163.com']>.simulate(...) [
    https://api.worldquantbrain.com/simulations/2l4d7mb144I7bIcFRsE0SDY
]: 240/387 = 62%

# INFO 2026-01-30 13:07:39,560
<WQBSession ['13120480688@163.com']>.simulate(...) [
    https://api.worldquantbrain.com/simulations/2SPjKa71A4Q0a5J2c87DrRI
]: 250/387 = 64%

# INFO 2026-01-30 13:07:58,132
<WQBSession ['13120480688@163.com']>.simulate(...) [
    https://api.worldquantbrain.com/simulations/42mhR54j44vSbNJ1eTaFnaVj
]: 260/387 = 67%

# INFO 2026-01-30 13:08:15,282
<WQBSession ['13120480688@163.com']>.simulate(...) [
    https://api.worldquantbrain.com/simulations/74Mdx3kf4qSbktFbZwdWNo
]: 270/387 = 69%

# INFO 2026-01-30 13:08:30,656
<WQBSession ['13120480688@163.com']>.simulate(...) [
    https://api.worldquantbrain.com/simulations/VF6Qo76v502b8iMwcJyFJW
]: 280/387 = 72%

# INFO 2026-01-30 13:08:47,605
<WQBSession ['13120480688@163.com']>.simulate(...) [
    https://api.worldquantbrain.com/simulations/2r5MXZfQF4Qr9E214oaf09DK
]: 290/387 = 74%

# INFO 2026-01-30 13:09:01,034
<WQBSession ['13120480688@163.com']>.simulate(...) [
    https://api.worldquantbrain.com/simulations/RDxxQcN258q9ls3kXKq86L
]: 300/387 = 77%

# INFO 2026-01-30 13:09:16,877
<WQBSession ['13120480688@163.com']>.simulate(...) [
    https://api.worldquantbrain.com/simulations/1lDyEWh284Uw9CpgMwYLvtz
]: 310/387 = 80%

# INFO 2026-01-30 13:09:30,630
<WQBSession ['13120480688@163.com']>.simulate(...) [
    https://api.worldquantbrain.com/simulations/2Uplea8Dp4t1anHELxC9IAw
]: 320/387 = 82%

# INFO 2026-01-30 13:09:42,406
<WQBSession ['13120480688@163.com']>.simulate(...) [
    https://api.worldquantbrain.com/simulations/2GcMGJgkS55SaaOHRQXN3an
]: 330/387 = 85%

# INFO 2026-01-30 13:10:03,390
<WQBSession ['13120480688@163.com']>.simulate(...) [
    https://api.worldquantbrain.com/simulations/WVz2e5Xp4k2a9xWcFqHCNk
]: 340/387 = 87%

# INFO 2026-01-30 13:10:25,529
<WQBSession ['13120480688@163.com']>.simulate(...) [
    https://api.worldquantbrain.com/simulations/DRkv7aJ53P8y5rvyOJMXs
]: 350/387 = 90%

# INFO 2026-01-30 13:10:44,726
<WQBSession ['13120480688@163.com']>.simulate(...) [
    https://api.worldquantbrain.com/simulations/26ZCCicrN51tbYg16S0jmiHj
]: 360/387 = 93%

# INFO 2026-01-30 13:10:58,949
<WQBSession ['13120480688@163.com']>.simulate(...) [
    https://api.worldquantbrain.com/simulations/rLP1A2qN4wsacTc3dqeUWz
]: 370/387 = 95%

# INFO 2026-01-30 13:11:13,909
<WQBSession ['13120480688@163.com']>.simulate(...) [
    https://api.worldquantbrain.com/simulations/1kGzhPbOo4pCcI53XdginOX
]: 380/387 = 98%

# INFO 2026-01-30 13:11:24,310
<WQBSession ['13120480688@163.com']>.concurrent_simulate(...) [finish 387, 4]: 

