   Building mi-crow @ file:///mnt/evafs/groups/mi2lab/akaniasty/Mi-Crow
      Built mi-crow @ file:///mnt/evafs/groups/mi2lab/akaniasty/Mi-Crow
Uninstalled 1 package in 46ms
warning: Failed to hardlink files; falling back to full copy. This may lead to degraded performance.
         If the cache and target directories are on different filesystems, hardlinking may not be supported.
         If this is intentional, set `export UV_LINK_MODE=copy` or use `--link-mode=copy` to suppress this warning.
Installed 1 package in 31ms
Traceback (most recent call last):
  File "/mnt/evafs/groups/mi2lab/akaniasty/Mi-Crow/experiments/slurm_sae_pipeline/01_save_activations.py", line 32, in <module>
    from mi_crow.datasets import TextDataset
  File "/mnt/evafs/groups/mi2lab/akaniasty/Mi-Crow/src/mi_crow/datasets/__init__.py", line 1, in <module>
    from mi_crow.datasets.base_dataset import BaseDataset
  File "/mnt/evafs/groups/mi2lab/akaniasty/Mi-Crow/src/mi_crow/datasets/base_dataset.py", line 13, in <module>
    from mi_crow.store.store import Store
  File "/mnt/evafs/groups/mi2lab/akaniasty/Mi-Crow/src/mi_crow/store/__init__.py", line 1, in <module>
    from mi_crow.store.store import Store
  File "/mnt/evafs/groups/mi2lab/akaniasty/Mi-Crow/src/mi_crow/store/store.py", line 10, in <module>
    TensorMetadata = Dict[str, Dict[str, torch.Tensor]]
                                         ^^^^^^^^^^^^
AttributeError: module 'torch' has no attribute 'Tensor'
