downloading uv 0.9.23 x86_64-unknown-linux-gnu
Using CPython 3.12.3 interpreter at: /usr/bin/python3.12
Creating virtual environment at: .venv
Resolved 234 packages in 4ms
   Building mi-crow @ file:///mnt/evafs/groups/mi2lab/akaniasty/Mi-Crow
Downloading setuptools (1.1MiB)
Downloading virtualenv (5.7MiB)
Downloading babel (9.7MiB)
Downloading sympy (6.0MiB)
Downloading nvidia-cufft-cu12 (184.2MiB)
Downloading hf-xet (3.2MiB)
Downloading torchvision (7.7MiB)
Downloading pandas (11.8MiB)
Downloading jedi (1.5MiB)
Downloading aiohttp (1.7MiB)
Downloading torch (858.1MiB)
Downloading triton (162.6MiB)
Downloading nvidia-curand-cu12 (60.7MiB)
Downloading nvidia-cusparselt-cu12 (273.9MiB)
Downloading debugpy (4.1MiB)
Downloading nvidia-cusolver-cu12 (255.1MiB)
Downloading numpy (15.6MiB)
Downloading nvidia-cublas-cu12 (566.8MiB)
Downloading pygments (1.2MiB)
Downloading pillow (6.7MiB)
Downloading jupyterlab (11.8MiB)
Downloading wandb (21.8MiB)
Downloading nvidia-nvshmem-cu12 (118.9MiB)
Downloading matplotlib (8.3MiB)
Downloading tokenizers (3.1MiB)
Downloading transformers (11.4MiB)
Downloading timm (2.4MiB)
Downloading nvidia-cufile-cu12 (1.1MiB)
Downloading nvidia-cuda-nvrtc-cu12 (84.0MiB)
Downloading nvidia-cudnn-cu12 (674.0MiB)
Downloading opencv-python (60.1MiB)
Downloading nvidia-nvjitlink-cu12 (37.4MiB)
Downloading scipy (34.0MiB)
Downloading fonttools (4.7MiB)
Downloading nvidia-cuda-cupti-cu12 (9.8MiB)
Downloading notebook (13.8MiB)
Downloading scikit-image (12.9MiB)
Downloading ruff (13.1MiB)
Downloading nvidia-nccl-cu12 (307.4MiB)
Downloading scikit-learn (8.5MiB)
Downloading networkx (2.0MiB)
Downloading pyarrow (45.5MiB)
Downloading nvidia-cusparse-cu12 (274.9MiB)
Downloading pydantic-core (2.0MiB)
Downloading kiwisolver (1.4MiB)
 Downloaded setuptools
 Downloaded nvidia-cufile-cu12
 Downloaded pygments
 Downloaded kiwisolver
 Downloaded jedi
 Downloaded aiohttp
 Downloaded networkx
 Downloaded pydantic-core
 Downloaded timm
  × Failed to download `scipy==1.16.3`
  ├─▶ Failed to extract archive:
  │   scipy-1.16.3-cp312-cp312-manylinux2014_x86_64.manylinux_2_17_x86_64.whl
  ├─▶ I/O operation failed during extraction
  ╰─▶ Failed to download distribution due to network timeout. Try increasing
      UV_HTTP_TIMEOUT (current value: 30s).
  help: `scipy` (v1.16.3) was included because `mi-crow` depends on
        `overcomplete` (v0.3.0) which depends on `scipy`
