[2026-01-04 09:16:36] Daemon started (interval: 5s, auto-commit: false, auto-push: false)
[2026-01-04 09:16:36] Using database: /Users/maxghenis/opencollective-py/.beads/beads.db
[2026-01-04 09:16:36] Database opened: /Users/maxghenis/opencollective-py/.beads/beads.db
[2026-01-04 09:16:36] Upgrading .beads/.gitignore...
[2026-01-04 09:16:36] Warning: failed to upgrade .gitignore: open .beads/.gitignore: no such file or directory
[2026-01-04 09:16:36] Repository fingerprint validated: 2ae10cdc
[2026-01-04 09:16:36] Starting RPC server: /Users/maxghenis/opencollective-py/.beads/bd.sock
[2026-01-04 09:16:36] RPC server ready (socket listening)
[2026-01-04 09:16:36] Warning: failed to register daemon: failed to parse registry: invalid character '0' after top-level value
[2026-01-04 09:16:36] Starting sync cycle...
[2026-01-04 09:16:36] Exported to JSONL
[2026-01-04 09:16:36] Sync branch pull failed: failed to create worktree: failed to create worktree: exit status 128
Output: Preparing worktree (checking out 'main')
fatal: 'main' is already used by worktree at '/Users/maxghenis/opencollective-py'

[2026-01-04 09:16:36] Monitoring parent process (PID 0)
[2026-01-04 09:16:36] Using event-driven mode
[2026-01-04 09:16:36] Mutation detected: create opencollective-py-chr
[2026-01-04 09:16:36] Export triggered by mutation events
[2026-01-04 09:16:36] Starting export...
[2026-01-04 09:16:36] Exported to JSONL
[2026-01-04 09:16:36] JSONL removed/renamed, re-establishing watch
[2026-01-04 09:16:36] Export complete
[2026-01-04 09:16:37] Successfully re-established JSONL watch after 50ms
[2026-01-04 09:16:37] JSONL file created: /Users/maxghenis/opencollective-py/.beads/issues.jsonl
[2026-01-04 09:16:38] Import triggered by file change
[2026-01-04 09:16:38] Starting auto-import...
[2026-01-04 09:16:38] Skipping import: JSONL content unchanged
[2026-01-04 09:16:44] Mutation detected: update opencollective-py-chr
[2026-01-04 09:16:45] Export triggered by mutation events
[2026-01-04 09:16:45] Starting export...
[2026-01-04 09:16:45] Exported to JSONL
[2026-01-04 09:16:45] JSONL removed/renamed, re-establishing watch
[2026-01-04 09:16:45] Export complete
[2026-01-04 09:16:45] Successfully re-established JSONL watch after 50ms
[2026-01-04 09:16:45] JSONL file created: /Users/maxghenis/opencollective-py/.beads/issues.jsonl
[2026-01-04 09:16:46] Import triggered by file change
[2026-01-04 09:16:46] Starting auto-import...
[2026-01-04 09:16:46] Skipping import: JSONL content unchanged
[2026-01-04 09:26:33] Mutation detected: update opencollective-py-chr
[2026-01-04 09:26:34] Export triggered by mutation events
[2026-01-04 09:26:34] Starting export...
[2026-01-04 09:26:34] Exported to JSONL
[2026-01-04 09:26:34] JSONL removed/renamed, re-establishing watch
[2026-01-04 09:26:34] Export complete
[2026-01-04 09:26:34] Successfully re-established JSONL watch after 50ms
[2026-01-04 09:26:34] JSONL file created: /Users/maxghenis/opencollective-py/.beads/issues.jsonl
[2026-01-04 09:26:35] Import triggered by file change
[2026-01-04 09:26:35] Starting auto-import...
[2026-01-04 09:26:35] Skipping import: JSONL content unchanged
[2026-01-04 09:27:03] Mutation detected: create opencollective-py-964
[2026-01-04 09:27:03] Export triggered by mutation events
[2026-01-04 09:27:03] Starting export...
[2026-01-04 09:27:03] Exported to JSONL
[2026-01-04 09:27:03] JSONL removed/renamed, re-establishing watch
[2026-01-04 09:27:03] Export complete
[2026-01-04 09:27:03] Successfully re-established JSONL watch after 50ms
[2026-01-04 09:27:03] JSONL file created: /Users/maxghenis/opencollective-py/.beads/issues.jsonl
[2026-01-04 09:27:04] Import triggered by file change
[2026-01-04 09:27:04] Starting auto-import...
[2026-01-04 09:27:04] Skipping import: JSONL content unchanged
[2026-01-04 09:28:02] Mutation detected: update opencollective-py-964
[2026-01-04 09:28:02] Export triggered by mutation events
[2026-01-04 09:28:02] Starting export...
[2026-01-04 09:28:02] Exported to JSONL
[2026-01-04 09:28:02] JSONL removed/renamed, re-establishing watch
[2026-01-04 09:28:02] Export complete
[2026-01-04 09:28:02] Successfully re-established JSONL watch after 50ms
[2026-01-04 09:28:02] JSONL file created: /Users/maxghenis/opencollective-py/.beads/issues.jsonl
[2026-01-04 09:28:03] Import triggered by file change
[2026-01-04 09:28:03] Starting auto-import...
[2026-01-04 09:28:03] Skipping import: JSONL content unchanged
[2026-01-04 09:28:44] JSONL removed/renamed, re-establishing watch
[2026-01-04 09:28:44] Successfully re-established JSONL watch after 50ms
[2026-01-04 09:28:44] JSONL file created: /Users/maxghenis/opencollective-py/.beads/issues.jsonl
[2026-01-04 09:28:45] Import triggered by file change
[2026-01-04 09:28:45] Starting auto-import...
[2026-01-04 09:28:45] Skipping import: JSONL content unchanged
[2026-01-04 10:19:40] JSONL removed/renamed, re-establishing watch
[2026-01-04 10:19:40] Successfully re-established JSONL watch after 50ms
[2026-01-04 10:19:40] JSONL file created: /Users/maxghenis/opencollective-py/.beads/issues.jsonl
[2026-01-04 10:19:41] Import triggered by file change
[2026-01-04 10:19:41] Starting auto-import...
[2026-01-04 10:19:41] Skipping import: JSONL content unchanged
[2026-01-07 20:32:40] Received signal terminated, shutting down...
[2026-01-07 20:32:40] Warning: failed to unregister daemon: failed to parse registry: invalid character '0' after top-level value
[2026-01-23 16:11:22] Daemon started (interval: 5s, auto-commit: false, auto-push: false)
[2026-01-23 16:11:22] Using database: /Users/maxghenis/opencollective-py/.beads/beads.db
[2026-01-23 16:11:22] Database opened: /Users/maxghenis/opencollective-py/.beads/beads.db
[2026-01-23 16:11:22] Upgrading .beads/.gitignore...
[2026-01-23 16:11:22] Warning: failed to upgrade .gitignore: open .beads/.gitignore: no such file or directory
[2026-01-23 16:11:22] Repository fingerprint validated: 2ae10cdc
[2026-01-23 16:11:22] Starting RPC server: /Users/maxghenis/opencollective-py/.beads/bd.sock
[2026-01-23 16:11:22] RPC server ready (socket listening)
[2026-01-23 16:11:22] Warning: failed to register daemon: failed to parse registry: invalid character '0' after top-level value
[2026-01-23 16:11:22] Starting sync cycle...
[2026-01-23 16:11:22] Exported to JSONL
[2026-01-23 16:11:22] Sync branch pull failed: failed to create worktree: failed to create worktree: exit status 128
Output: Preparing worktree (checking out 'main')
fatal: 'main' is already used by worktree at '/Users/maxghenis/opencollective-py'

[2026-01-23 16:11:22] Monitoring parent process (PID 0)
[2026-01-23 16:11:22] Using event-driven mode
[2026-01-23 16:15:03] JSONL removed/renamed, re-establishing watch
[2026-01-23 16:15:03] Successfully re-established JSONL watch after 50ms
[2026-01-23 16:15:03] JSONL file created: /Users/maxghenis/opencollective-py/.beads/issues.jsonl
[2026-01-23 16:15:04] Import triggered by file change
[2026-01-23 16:15:04] Starting auto-import...
[2026-01-23 16:15:04] Skipping import: JSONL content unchanged
[2026-01-23 16:21:58] JSONL removed/renamed, re-establishing watch
[2026-01-23 16:21:58] Successfully re-established JSONL watch after 50ms
[2026-01-23 16:21:58] JSONL file created: /Users/maxghenis/opencollective-py/.beads/issues.jsonl
[2026-01-23 16:21:59] Import triggered by file change
[2026-01-23 16:21:59] Starting auto-import...
[2026-01-23 16:21:59] Skipping import: JSONL content unchanged
[2026-01-23 16:47:53] JSONL removed/renamed, re-establishing watch
[2026-01-23 16:47:53] Successfully re-established JSONL watch after 50ms
[2026-01-23 16:47:53] JSONL file created: /Users/maxghenis/opencollective-py/.beads/issues.jsonl
[2026-01-23 16:47:54] Import triggered by file change
[2026-01-23 16:47:54] Starting auto-import...
[2026-01-23 16:47:54] Skipping import: JSONL content unchanged
