Adding Task action: Assistant Volume...validate the arguments!acmegerge: New Action Codes dictionary save as 'newdict.py'.Successfully wrote refactored dictionary to '/maptasker/assets/json/arg_dict.py'Tasker's FINGERPRINT_GESTURE Event code 2087 not found in actionc table!  Needs to be added.Note: Codes '6s' and '37s' are for older versions of Tasker (Prior to version 6)Our action codes (actionc) not found in Tasker's Event table: 1133159835e, 1150542767e, 1344888481e, 1520257414e, 1645272907e, 1664218170e, 1668911626e, 1691829355e, 1788518030e, 1825107102e, 1861978578e, 186700340e, 18927444e, 1957681000e, 2102e, 2103e, 2123721228e, 34829087e, 41628340e, 5683503e, 580953799e, 702624035e, 906686306eTasker Code ... vs ... Our actionc CodeAssist                != Assistance Request    <<< Tasker's name mismatch for actionc table code:201e. 
Time Set              != Time/Date Set         <<< Tasker's name mismatch for actionc table code:302e. 
Alarm Alert           != Alarm Clock           <<< Tasker's name mismatch for actionc table code:305e. 
Steps                 != Steps Taken           <<< Tasker's name mismatch for actionc table code:309e. 
Screen On             != Display On            <<< Tasker's name mismatch for actionc table code:208e. 
Screen Off            != Display Off           <<< Tasker's name mismatch for actionc table code:210e. 
File Attrib Change    != File Attribute Change <<< Tasker's name mismatch for actionc table code:230e. 
Media Mounted         != Card Mounted          <<< Tasker's name mismatch for actionc table code:134e. 
Media Unmounted       != Card Unmounted        <<< Tasker's name mismatch for actionc table code:135e. 
Media Removed         != Card Removed          <<< Tasker's name mismatch for actionc table code:136e. 
Button Camera         != Button: Camera        <<< Tasker's name mismatch for actionc table code:215e. 
Button Search Long    != Button: Long Search   <<< Tasker's name mismatch for actionc table code:216e. 
User Present          != Display Unlocked      <<< Tasker's name mismatch for actionc table code:1000e.
Notification Clicked  != Notification Click    <<< Tasker's name mismatch for actionc table code:2000e.
Accelerometer Gesture != Gesture               <<< Tasker's name mismatch for actionc table code:3000e.
Screebl               != Screebl / TSC         <<< Tasker's name mismatch for actionc table code:424e. 
Email Received        != K9 Email Received     <<< Tasker's name mismatch for actionc table code:425e. 
Widgetlocker          != Widget Locker         <<< Tasker's name mismatch for actionc table code:426e. 
Openwatch             != OpenWatch             <<< Tasker's name mismatch for actionc table code:427e. 
Gentlealarm           != Gentle Alarm          <<< Tasker's name mismatch for actionc table code:446e. 
Redditnotify          != Reddit Notify         <<< Tasker's name mismatch for actionc table code:447e. 
Notifymyandroid       != Notify My Android     <<< Tasker's name mismatch for actionc table code:448e. 
Received Message      != Received Text         <<< Tasker's name mismatch for actionc table code:7e.   
Received Data Message != Received Data SMS     <<< Tasker's name mismatch for actionc table code:8e.   
Sms Success           != SMS Success           <<< Tasker's name mismatch for actionc table code:2005e.
Sms Failure           != SMS Failure           <<< Tasker's name mismatch for actionc table code:2010e.
Boot Completed        != Device Boot           <<< Tasker's name mismatch for actionc table code:411e. 
Shutdown              != Device Shutdown       <<< Tasker's name mismatch for actionc table code:413e. 
New Notification      != Notification          <<< Tasker's name mismatch for actionc table code:461e. 
Notification Removed  != Notification Removal  <<< Tasker's name mismatch for actionc table code:464e. 
Button View Clicked   != Button Widget Clicked <<< Tasker's name mismatch for actionc table code:462e. 
Nfc Tag               != NFC Tag               <<< Tasker's name mismatch for actionc table code:2076e.
Bt Connect            != BT Connected          <<< Tasker's name mismatch for actionc table code:2080e.
Log Cat Entry         != Logcat Entry          <<< Tasker's name mismatch for actionc table code:2085e.
Http Request          != HTTP Request          <<< Tasker's name mismatch for actionc table code:2089e.
Note: Codes '6s' and '37s' are for older versions of Tasker (Prior to version 6)Our action codes (actionc) not found in Tasker's State table: 1138194991s, 198s, 37s, 40830242s, 6sTasker Code ... vs ... Our actionc CodeAuto Sync      != Auto-Sync                   <<< Tasker's name mismatch for actionc table code:135s.
Vpn Connect    != VPN Connected               <<< Tasker's name mismatch for actionc table code:136s.
Nfc Status     != NFC Status                  <<< Tasker's name mismatch for actionc table code:195s.
Bt Status      != BT Status                   <<< Tasker's name mismatch for actionc table code:2s.  
Bt Connect     != BT Connected                <<< Tasker's name mismatch for actionc table code:3s.  
Bt Near        != BT Near                     <<< Tasker's name mismatch for actionc table code:4s.  
Cells Near     != Cell Near                   <<< Tasker's name mismatch for actionc table code:7s.  
Hdmi Plugged   != HDMI Plugged                <<< Tasker's name mismatch for actionc table code:12s. 
Headset        != Headset Plugged             <<< Tasker's name mismatch for actionc table code:30s. 
Mobile Connect != Mobile Network              <<< Tasker's name mismatch for actionc table code:110s.
Proximity      != Proximity Sensor            <<< Tasker's name mismatch for actionc table code:125s.
Unread Message != Unread Text                 <<< Tasker's name mismatch for actionc table code:147s.
Usb Connect    != USB Connected               <<< Tasker's name mismatch for actionc table code:150s.
Wifi Connect   != Wifi Connected              <<< Tasker's name mismatch for actionc table code:160s.
Sleeping       != Matter Light (Experimental) <<< Tasker's name mismatch for actionc table code:192s.
