2025-05-29 16:33:14,401 - INFO - Registering Custom Widgets
2025-05-29 16:33:14,440 - INFO - Registering QCustomQMainWindow
2025-05-29 16:33:14,473 - INFO - Registering QAvatarWidget
2025-05-29 16:33:14,511 - INFO - Registering QBadgeWidget
2025-05-29 16:33:14,543 - INFO - Registering AnalogGaugeWidget
2025-05-29 16:33:14,576 - INFO - Registering QCustomThemeList
2025-05-29 16:33:14,605 - INFO - Registering QCustomThemeDarkLightToggle
2025-05-29 16:33:14,606 - INFO - Registering QCustomCheckBox
2025-05-29 16:33:14,607 - INFO - Registering QCustomSidebar
2025-05-29 16:33:14,640 - INFO - Registering QCustomHorizontalSeparator
2025-05-29 16:33:14,653 - INFO - Registering QCustomVerticalSeparator
2025-05-29 16:33:14,655 - INFO - Registering QCustomSidebarLabel
2025-05-29 16:33:14,657 - INFO - Registering QCustomSidebarButton
2025-05-29 16:33:14,710 - INFO - Registering QCustomRoundProgressBar
2025-05-29 16:33:14,742 - INFO - Registering QCustomComponent
2025-05-29 16:33:14,806 - INFO - Registering QCustomComponentContainer
2025-05-29 16:33:14,843 - INFO - Registering QCustomQStackedWidget
2025-05-29 16:33:15,413 - INFO - Registering QCustomQProgressBar
2025-05-29 16:33:15,569 - ERROR - Error loading your JSON files: 'C:\Users\kibet\AppData\Local\Programs\Python\Python313\Lib\site-packages\Custom_Widgets\components\uis\json-styles\style.json' does not exist
2025-05-29 16:33:15,570 - INFO - Should live compile stylesheet?: False
2025-05-29 16:33:15,571 - INFO - Should paint Qt Designer UI?: False
2025-05-29 16:33:15,606 - INFO - QSS file monitor started
