This file contains any messages produced by compilers while
running configure, to aid debugging if configure makes a mistake.

It was created by dtach configure 0.9, which was
generated by GNU Autoconf 2.69.  Invocation command line was

  $ ./configure 

## --------- ##
## Platform. ##
## --------- ##

hostname = 91bf3dec90aa
uname -m = x86_64
uname -r = 6.11.0-1018-azure
uname -s = Linux
uname -v = #18~24.04.1-Ubuntu SMP Sat Jun 28 04:46:03 UTC 2025

/usr/bin/uname -p = x86_64
/bin/uname -X     = unknown

/bin/arch              = x86_64
/usr/bin/arch -k       = unknown
/usr/convex/getsysinfo = unknown
/usr/bin/hostinfo      = unknown
/bin/machine           = unknown
/usr/bin/oslevel       = unknown
/bin/universe          = unknown

PATH: /opt/python/pp310-pypy310_pp73/bin
PATH: /opt/rh/devtoolset-10/root/usr/bin
PATH: /usr/local/sbin
PATH: /usr/local/bin
PATH: /usr/sbin
PATH: /usr/bin
PATH: /sbin
PATH: /bin


## ----------- ##
## Core tests. ##
## ----------- ##

configure:2194: checking for gcc
configure:2210: found /opt/rh/devtoolset-10/root/usr/bin/gcc
configure:2221: result: gcc
configure:2450: checking for C compiler version
configure:2459: gcc --version >&5
gcc (GCC) 10.2.1 20210130 (Red Hat 10.2.1-11)
Copyright (C) 2020 Free Software Foundation, Inc.
This is free software; see the source for copying conditions.  There is NO
warranty; not even for MERCHANTABILITY or FITNESS FOR A PARTICULAR PURPOSE.

configure:2470: $? = 0
configure:2459: gcc -v >&5
Using built-in specs.
COLLECT_GCC=gcc
COLLECT_LTO_WRAPPER=/opt/rh/devtoolset-10/root/usr/libexec/gcc/x86_64-redhat-linux/10/lto-wrapper
Target: x86_64-redhat-linux
Configured with: ../configure --enable-bootstrap --enable-languages=c,c++,fortran,lto --prefix=/opt/rh/devtoolset-10/root/usr --mandir=/opt/rh/devtoolset-10/root/usr/share/man --infodir=/opt/rh/devtoolset-10/root/usr/share/info --with-bugurl=http://bugzilla.redhat.com/bugzilla --enable-shared --enable-threads=posix --enable-checking=release --enable-multilib --with-system-zlib --enable-__cxa_atexit --disable-libunwind-exceptions --enable-gnu-unique-object --enable-linker-build-id --with-gcc-major-version-only --with-linker-hash-style=gnu --with-default-libstdcxx-abi=gcc4-compatible --enable-plugin --enable-initfini-array --with-isl=/builddir/build/BUILD/gcc-10.2.1-20210130/obj-x86_64-redhat-linux/isl-install --disable-libmpx --enable-gnu-indirect-function --with-tune=generic --with-arch_32=x86-64 --build=x86_64-redhat-linux
Thread model: posix
Supported LTO compression algorithms: zlib
gcc version 10.2.1 20210130 (Red Hat 10.2.1-11) (GCC) 
configure:2470: $? = 0
configure:2459: gcc -V >&5
gcc: error: unrecognized command-line option '-V'
gcc: fatal error: no input files
compilation terminated.
configure:2470: $? = 1
configure:2459: gcc -qversion >&5
gcc: error: unrecognized command-line option '-qversion'; did you mean '--version'?
gcc: fatal error: no input files
compilation terminated.
configure:2470: $? = 1
configure:2490: checking whether the C compiler works
configure:2512: gcc    conftest.c  >&5
configure:2516: $? = 0
configure:2564: result: yes
configure:2567: checking for C compiler default output file name
configure:2569: result: a.out
configure:2575: checking for suffix of executables
configure:2582: gcc -o conftest    conftest.c  >&5
configure:2586: $? = 0
configure:2608: result: 
configure:2630: checking whether we are cross compiling
configure:2638: gcc -o conftest    conftest.c  >&5
configure:2642: $? = 0
configure:2649: ./conftest
configure:2653: $? = 0
configure:2668: result: no
configure:2673: checking for suffix of object files
configure:2695: gcc -c   conftest.c >&5
configure:2699: $? = 0
configure:2720: result: o
configure:2724: checking whether we are using the GNU C compiler
configure:2743: gcc -c   conftest.c >&5
configure:2743: $? = 0
configure:2752: result: yes
configure:2761: checking whether gcc accepts -g
configure:2781: gcc -c -g  conftest.c >&5
configure:2781: $? = 0
configure:2822: result: yes
configure:2839: checking for gcc option to accept ISO C89
configure:2902: gcc  -c -g -O2  conftest.c >&5
configure:2902: $? = 0
configure:2915: result: none needed
configure:2941: checking how to run the C preprocessor
configure:2972: gcc -E  conftest.c
configure:2972: $? = 0
configure:2986: gcc -E  conftest.c
conftest.c:9:10: fatal error: ac_nonexistent.h: No such file or directory
    9 | #include <ac_nonexistent.h>
      |          ^~~~~~~~~~~~~~~~~~
compilation terminated.
configure:2986: $? = 1
configure: failed program was:
| /* confdefs.h */
| #define PACKAGE_NAME "dtach"
| #define PACKAGE_TARNAME "dtach"
| #define PACKAGE_VERSION "0.9"
| #define PACKAGE_STRING "dtach 0.9"
| #define PACKAGE_BUGREPORT "crigler@gmail.com"
| #define PACKAGE_URL ""
| /* end confdefs.h.  */
| #include <ac_nonexistent.h>
configure:3011: result: gcc -E
configure:3031: gcc -E  conftest.c
configure:3031: $? = 0
configure:3045: gcc -E  conftest.c
conftest.c:9:10: fatal error: ac_nonexistent.h: No such file or directory
    9 | #include <ac_nonexistent.h>
      |          ^~~~~~~~~~~~~~~~~~
compilation terminated.
configure:3045: $? = 1
configure: failed program was:
| /* confdefs.h */
| #define PACKAGE_NAME "dtach"
| #define PACKAGE_TARNAME "dtach"
| #define PACKAGE_VERSION "0.9"
| #define PACKAGE_STRING "dtach 0.9"
| #define PACKAGE_BUGREPORT "crigler@gmail.com"
| #define PACKAGE_URL ""
| /* end confdefs.h.  */
| #include <ac_nonexistent.h>
configure:3074: checking for grep that handles long lines and -e
configure:3132: result: /usr/bin/grep
configure:3137: checking for egrep
configure:3199: result: /usr/bin/grep -E
configure:3205: checking whether gcc needs -traditional
configure:3239: result: no
configure:3252: checking for openpty in -lutil
configure:3277: gcc -o conftest -g -O2 -W -Wall   conftest.c -lutil   >&5
configure:3277: $? = 0
configure:3286: result: yes
configure:3297: checking for socket in -lsocket
configure:3322: gcc -o conftest -g -O2 -W -Wall   conftest.c -lsocket  -lutil  >&5
/opt/rh/devtoolset-10/root/usr/libexec/gcc/x86_64-redhat-linux/10/ld: cannot find -lsocket
collect2: error: ld returned 1 exit status
configure:3322: $? = 1
configure: failed program was:
| /* confdefs.h */
| #define PACKAGE_NAME "dtach"
| #define PACKAGE_TARNAME "dtach"
| #define PACKAGE_VERSION "0.9"
| #define PACKAGE_STRING "dtach 0.9"
| #define PACKAGE_BUGREPORT "crigler@gmail.com"
| #define PACKAGE_URL ""
| #define HAVE_LIBUTIL 1
| /* end confdefs.h.  */
| 
| /* Override any GCC internal prototype to avoid an error.
|    Use char because int might match the return type of a GCC
|    builtin and then its argument prototype would still apply.  */
| #ifdef __cplusplus
| extern "C"
| #endif
| char socket ();
| int
| main ()
| {
| return socket ();
|   ;
|   return 0;
| }
configure:3331: result: no
configure:3344: checking for ANSI C header files
configure:3364: gcc -c -g -O2 -W -Wall  conftest.c >&5
configure:3364: $? = 0
configure:3437: gcc -o conftest -g -O2 -W -Wall   conftest.c -lutil  >&5
configure:3437: $? = 0
configure:3437: ./conftest
configure:3437: $? = 0
configure:3448: result: yes
configure:3461: checking for sys/types.h
configure:3461: gcc -c -g -O2 -W -Wall  conftest.c >&5
configure:3461: $? = 0
configure:3461: result: yes
configure:3461: checking for sys/stat.h
configure:3461: gcc -c -g -O2 -W -Wall  conftest.c >&5
configure:3461: $? = 0
configure:3461: result: yes
configure:3461: checking for stdlib.h
configure:3461: gcc -c -g -O2 -W -Wall  conftest.c >&5
configure:3461: $? = 0
configure:3461: result: yes
configure:3461: checking for string.h
configure:3461: gcc -c -g -O2 -W -Wall  conftest.c >&5
configure:3461: $? = 0
configure:3461: result: yes
configure:3461: checking for memory.h
configure:3461: gcc -c -g -O2 -W -Wall  conftest.c >&5
configure:3461: $? = 0
configure:3461: result: yes
configure:3461: checking for strings.h
configure:3461: gcc -c -g -O2 -W -Wall  conftest.c >&5
configure:3461: $? = 0
configure:3461: result: yes
configure:3461: checking for inttypes.h
configure:3461: gcc -c -g -O2 -W -Wall  conftest.c >&5
configure:3461: $? = 0
configure:3461: result: yes
configure:3461: checking for stdint.h
configure:3461: gcc -c -g -O2 -W -Wall  conftest.c >&5
configure:3461: $? = 0
configure:3461: result: yes
configure:3461: checking for unistd.h
configure:3461: gcc -c -g -O2 -W -Wall  conftest.c >&5
configure:3461: $? = 0
configure:3461: result: yes
configure:3476: checking fcntl.h usability
configure:3476: gcc -c -g -O2 -W -Wall  conftest.c >&5
configure:3476: $? = 0
configure:3476: result: yes
configure:3476: checking fcntl.h presence
configure:3476: gcc -E  conftest.c
configure:3476: $? = 0
configure:3476: result: yes
configure:3476: checking for fcntl.h
configure:3476: result: yes
configure:3476: checking sys/select.h usability
configure:3476: gcc -c -g -O2 -W -Wall  conftest.c >&5
configure:3476: $? = 0
configure:3476: result: yes
configure:3476: checking sys/select.h presence
configure:3476: gcc -E  conftest.c
configure:3476: $? = 0
configure:3476: result: yes
configure:3476: checking for sys/select.h
configure:3476: result: yes
configure:3476: checking sys/socket.h usability
configure:3476: gcc -c -g -O2 -W -Wall  conftest.c >&5
configure:3476: $? = 0
configure:3476: result: yes
configure:3476: checking sys/socket.h presence
configure:3476: gcc -E  conftest.c
configure:3476: $? = 0
configure:3476: result: yes
configure:3476: checking for sys/socket.h
configure:3476: result: yes
configure:3476: checking sys/time.h usability
configure:3476: gcc -c -g -O2 -W -Wall  conftest.c >&5
configure:3476: $? = 0
configure:3476: result: yes
configure:3476: checking sys/time.h presence
configure:3476: gcc -E  conftest.c
configure:3476: $? = 0
configure:3476: result: yes
configure:3476: checking for sys/time.h
configure:3476: result: yes
configure:3489: checking sys/ioctl.h usability
configure:3489: gcc -c -g -O2 -W -Wall  conftest.c >&5
configure:3489: $? = 0
configure:3489: result: yes
configure:3489: checking sys/ioctl.h presence
configure:3489: gcc -E  conftest.c
configure:3489: $? = 0
configure:3489: result: yes
configure:3489: checking for sys/ioctl.h
configure:3489: result: yes
configure:3489: checking sys/resource.h usability
configure:3489: gcc -c -g -O2 -W -Wall  conftest.c >&5
configure:3489: $? = 0
configure:3489: result: yes
configure:3489: checking sys/resource.h presence
configure:3489: gcc -E  conftest.c
configure:3489: $? = 0
configure:3489: result: yes
configure:3489: checking for sys/resource.h
configure:3489: result: yes
configure:3489: checking pty.h usability
configure:3489: gcc -c -g -O2 -W -Wall  conftest.c >&5
configure:3489: $? = 0
configure:3489: result: yes
configure:3489: checking pty.h presence
configure:3489: gcc -E  conftest.c
configure:3489: $? = 0
configure:3489: result: yes
configure:3489: checking for pty.h
configure:3489: result: yes
configure:3489: checking termios.h usability
configure:3489: gcc -c -g -O2 -W -Wall  conftest.c >&5
configure:3489: $? = 0
configure:3489: result: yes
configure:3489: checking termios.h presence
configure:3489: gcc -E  conftest.c
configure:3489: $? = 0
configure:3489: result: yes
configure:3489: checking for termios.h
configure:3489: result: yes
configure:3489: checking util.h usability
configure:3489: gcc -c -g -O2 -W -Wall  conftest.c >&5
conftest.c:61:10: fatal error: util.h: No such file or directory
   61 | #include <util.h>
      |          ^~~~~~~~
compilation terminated.
configure:3489: $? = 1
configure: failed program was:
| /* confdefs.h */
| #define PACKAGE_NAME "dtach"
| #define PACKAGE_TARNAME "dtach"
| #define PACKAGE_VERSION "0.9"
| #define PACKAGE_STRING "dtach 0.9"
| #define PACKAGE_BUGREPORT "crigler@gmail.com"
| #define PACKAGE_URL ""
| #define HAVE_LIBUTIL 1
| #define STDC_HEADERS 1
| #define HAVE_SYS_TYPES_H 1
| #define HAVE_SYS_STAT_H 1
| #define HAVE_STDLIB_H 1
| #define HAVE_STRING_H 1
| #define HAVE_MEMORY_H 1
| #define HAVE_STRINGS_H 1
| #define HAVE_INTTYPES_H 1
| #define HAVE_STDINT_H 1
| #define HAVE_UNISTD_H 1
| #define HAVE_FCNTL_H 1
| #define HAVE_SYS_SELECT_H 1
| #define HAVE_SYS_SOCKET_H 1
| #define HAVE_SYS_TIME_H 1
| #define HAVE_SYS_IOCTL_H 1
| #define HAVE_SYS_RESOURCE_H 1
| #define HAVE_PTY_H 1
| #define HAVE_TERMIOS_H 1
| /* end confdefs.h.  */
| #include <stdio.h>
| #ifdef HAVE_SYS_TYPES_H
| # include <sys/types.h>
| #endif
| #ifdef HAVE_SYS_STAT_H
| # include <sys/stat.h>
| #endif
| #ifdef STDC_HEADERS
| # include <stdlib.h>
| # include <stddef.h>
| #else
| # ifdef HAVE_STDLIB_H
| #  include <stdlib.h>
| # endif
| #endif
| #ifdef HAVE_STRING_H
| # if !defined STDC_HEADERS && defined HAVE_MEMORY_H
| #  include <memory.h>
| # endif
| # include <string.h>
| #endif
| #ifdef HAVE_STRINGS_H
| # include <strings.h>
| #endif
| #ifdef HAVE_INTTYPES_H
| # include <inttypes.h>
| #endif
| #ifdef HAVE_STDINT_H
| # include <stdint.h>
| #endif
| #ifdef HAVE_UNISTD_H
| # include <unistd.h>
| #endif
| #include <util.h>
configure:3489: result: no
configure:3489: checking util.h presence
configure:3489: gcc -E  conftest.c
conftest.c:28:10: fatal error: util.h: No such file or directory
   28 | #include <util.h>
      |          ^~~~~~~~
compilation terminated.
configure:3489: $? = 1
configure: failed program was:
| /* confdefs.h */
| #define PACKAGE_NAME "dtach"
| #define PACKAGE_TARNAME "dtach"
| #define PACKAGE_VERSION "0.9"
| #define PACKAGE_STRING "dtach 0.9"
| #define PACKAGE_BUGREPORT "crigler@gmail.com"
| #define PACKAGE_URL ""
| #define HAVE_LIBUTIL 1
| #define STDC_HEADERS 1
| #define HAVE_SYS_TYPES_H 1
| #define HAVE_SYS_STAT_H 1
| #define HAVE_STDLIB_H 1
| #define HAVE_STRING_H 1
| #define HAVE_MEMORY_H 1
| #define HAVE_STRINGS_H 1
| #define HAVE_INTTYPES_H 1
| #define HAVE_STDINT_H 1
| #define HAVE_UNISTD_H 1
| #define HAVE_FCNTL_H 1
| #define HAVE_SYS_SELECT_H 1
| #define HAVE_SYS_SOCKET_H 1
| #define HAVE_SYS_TIME_H 1
| #define HAVE_SYS_IOCTL_H 1
| #define HAVE_SYS_RESOURCE_H 1
| #define HAVE_PTY_H 1
| #define HAVE_TERMIOS_H 1
| /* end confdefs.h.  */
| #include <util.h>
configure:3489: result: no
configure:3489: checking for util.h
configure:3489: result: no
configure:3502: checking libutil.h usability
configure:3502: gcc -c -g -O2 -W -Wall  conftest.c >&5
conftest.c:61:10: fatal error: libutil.h: No such file or directory
   61 | #include <libutil.h>
      |          ^~~~~~~~~~~
compilation terminated.
configure:3502: $? = 1
configure: failed program was:
| /* confdefs.h */
| #define PACKAGE_NAME "dtach"
| #define PACKAGE_TARNAME "dtach"
| #define PACKAGE_VERSION "0.9"
| #define PACKAGE_STRING "dtach 0.9"
| #define PACKAGE_BUGREPORT "crigler@gmail.com"
| #define PACKAGE_URL ""
| #define HAVE_LIBUTIL 1
| #define STDC_HEADERS 1
| #define HAVE_SYS_TYPES_H 1
| #define HAVE_SYS_STAT_H 1
| #define HAVE_STDLIB_H 1
| #define HAVE_STRING_H 1
| #define HAVE_MEMORY_H 1
| #define HAVE_STRINGS_H 1
| #define HAVE_INTTYPES_H 1
| #define HAVE_STDINT_H 1
| #define HAVE_UNISTD_H 1
| #define HAVE_FCNTL_H 1
| #define HAVE_SYS_SELECT_H 1
| #define HAVE_SYS_SOCKET_H 1
| #define HAVE_SYS_TIME_H 1
| #define HAVE_SYS_IOCTL_H 1
| #define HAVE_SYS_RESOURCE_H 1
| #define HAVE_PTY_H 1
| #define HAVE_TERMIOS_H 1
| /* end confdefs.h.  */
| #include <stdio.h>
| #ifdef HAVE_SYS_TYPES_H
| # include <sys/types.h>
| #endif
| #ifdef HAVE_SYS_STAT_H
| # include <sys/stat.h>
| #endif
| #ifdef STDC_HEADERS
| # include <stdlib.h>
| # include <stddef.h>
| #else
| # ifdef HAVE_STDLIB_H
| #  include <stdlib.h>
| # endif
| #endif
| #ifdef HAVE_STRING_H
| # if !defined STDC_HEADERS && defined HAVE_MEMORY_H
| #  include <memory.h>
| # endif
| # include <string.h>
| #endif
| #ifdef HAVE_STRINGS_H
| # include <strings.h>
| #endif
| #ifdef HAVE_INTTYPES_H
| # include <inttypes.h>
| #endif
| #ifdef HAVE_STDINT_H
| # include <stdint.h>
| #endif
| #ifdef HAVE_UNISTD_H
| # include <unistd.h>
| #endif
| #include <libutil.h>
configure:3502: result: no
configure:3502: checking libutil.h presence
configure:3502: gcc -E  conftest.c
conftest.c:28:10: fatal error: libutil.h: No such file or directory
   28 | #include <libutil.h>
      |          ^~~~~~~~~~~
compilation terminated.
configure:3502: $? = 1
configure: failed program was:
| /* confdefs.h */
| #define PACKAGE_NAME "dtach"
| #define PACKAGE_TARNAME "dtach"
| #define PACKAGE_VERSION "0.9"
| #define PACKAGE_STRING "dtach 0.9"
| #define PACKAGE_BUGREPORT "crigler@gmail.com"
| #define PACKAGE_URL ""
| #define HAVE_LIBUTIL 1
| #define STDC_HEADERS 1
| #define HAVE_SYS_TYPES_H 1
| #define HAVE_SYS_STAT_H 1
| #define HAVE_STDLIB_H 1
| #define HAVE_STRING_H 1
| #define HAVE_MEMORY_H 1
| #define HAVE_STRINGS_H 1
| #define HAVE_INTTYPES_H 1
| #define HAVE_STDINT_H 1
| #define HAVE_UNISTD_H 1
| #define HAVE_FCNTL_H 1
| #define HAVE_SYS_SELECT_H 1
| #define HAVE_SYS_SOCKET_H 1
| #define HAVE_SYS_TIME_H 1
| #define HAVE_SYS_IOCTL_H 1
| #define HAVE_SYS_RESOURCE_H 1
| #define HAVE_PTY_H 1
| #define HAVE_TERMIOS_H 1
| /* end confdefs.h.  */
| #include <libutil.h>
configure:3502: result: no
configure:3502: checking for libutil.h
configure:3502: result: no
configure:3502: checking stropts.h usability
configure:3502: gcc -c -g -O2 -W -Wall  conftest.c >&5
conftest.c:61:10: fatal error: stropts.h: No such file or directory
   61 | #include <stropts.h>
      |          ^~~~~~~~~~~
compilation terminated.
configure:3502: $? = 1
configure: failed program was:
| /* confdefs.h */
| #define PACKAGE_NAME "dtach"
| #define PACKAGE_TARNAME "dtach"
| #define PACKAGE_VERSION "0.9"
| #define PACKAGE_STRING "dtach 0.9"
| #define PACKAGE_BUGREPORT "crigler@gmail.com"
| #define PACKAGE_URL ""
| #define HAVE_LIBUTIL 1
| #define STDC_HEADERS 1
| #define HAVE_SYS_TYPES_H 1
| #define HAVE_SYS_STAT_H 1
| #define HAVE_STDLIB_H 1
| #define HAVE_STRING_H 1
| #define HAVE_MEMORY_H 1
| #define HAVE_STRINGS_H 1
| #define HAVE_INTTYPES_H 1
| #define HAVE_STDINT_H 1
| #define HAVE_UNISTD_H 1
| #define HAVE_FCNTL_H 1
| #define HAVE_SYS_SELECT_H 1
| #define HAVE_SYS_SOCKET_H 1
| #define HAVE_SYS_TIME_H 1
| #define HAVE_SYS_IOCTL_H 1
| #define HAVE_SYS_RESOURCE_H 1
| #define HAVE_PTY_H 1
| #define HAVE_TERMIOS_H 1
| /* end confdefs.h.  */
| #include <stdio.h>
| #ifdef HAVE_SYS_TYPES_H
| # include <sys/types.h>
| #endif
| #ifdef HAVE_SYS_STAT_H
| # include <sys/stat.h>
| #endif
| #ifdef STDC_HEADERS
| # include <stdlib.h>
| # include <stddef.h>
| #else
| # ifdef HAVE_STDLIB_H
| #  include <stdlib.h>
| # endif
| #endif
| #ifdef HAVE_STRING_H
| # if !defined STDC_HEADERS && defined HAVE_MEMORY_H
| #  include <memory.h>
| # endif
| # include <string.h>
| #endif
| #ifdef HAVE_STRINGS_H
| # include <strings.h>
| #endif
| #ifdef HAVE_INTTYPES_H
| # include <inttypes.h>
| #endif
| #ifdef HAVE_STDINT_H
| # include <stdint.h>
| #endif
| #ifdef HAVE_UNISTD_H
| # include <unistd.h>
| #endif
| #include <stropts.h>
configure:3502: result: no
configure:3502: checking stropts.h presence
configure:3502: gcc -E  conftest.c
conftest.c:28:10: fatal error: stropts.h: No such file or directory
   28 | #include <stropts.h>
      |          ^~~~~~~~~~~
compilation terminated.
configure:3502: $? = 1
configure: failed program was:
| /* confdefs.h */
| #define PACKAGE_NAME "dtach"
| #define PACKAGE_TARNAME "dtach"
| #define PACKAGE_VERSION "0.9"
| #define PACKAGE_STRING "dtach 0.9"
| #define PACKAGE_BUGREPORT "crigler@gmail.com"
| #define PACKAGE_URL ""
| #define HAVE_LIBUTIL 1
| #define STDC_HEADERS 1
| #define HAVE_SYS_TYPES_H 1
| #define HAVE_SYS_STAT_H 1
| #define HAVE_STDLIB_H 1
| #define HAVE_STRING_H 1
| #define HAVE_MEMORY_H 1
| #define HAVE_STRINGS_H 1
| #define HAVE_INTTYPES_H 1
| #define HAVE_STDINT_H 1
| #define HAVE_UNISTD_H 1
| #define HAVE_FCNTL_H 1
| #define HAVE_SYS_SELECT_H 1
| #define HAVE_SYS_SOCKET_H 1
| #define HAVE_SYS_TIME_H 1
| #define HAVE_SYS_IOCTL_H 1
| #define HAVE_SYS_RESOURCE_H 1
| #define HAVE_PTY_H 1
| #define HAVE_TERMIOS_H 1
| /* end confdefs.h.  */
| #include <stropts.h>
configure:3502: result: no
configure:3502: checking for stropts.h
configure:3502: result: no
configure:3512: checking whether time.h and sys/time.h may both be included
configure:3532: gcc -c -g -O2 -W -Wall  conftest.c >&5
configure:3532: $? = 0
configure:3539: result: yes
configure:3549: checking for an ANSI C-conforming const
configure:3615: gcc -c -g -O2 -W -Wall  conftest.c >&5
configure:3615: $? = 0
configure:3622: result: yes
configure:3630: checking for pid_t
configure:3630: gcc -c -g -O2 -W -Wall  conftest.c >&5
configure:3630: $? = 0
configure:3630: gcc -c -g -O2 -W -Wall  conftest.c >&5
conftest.c: In function 'main':
conftest.c:65:20: error: expected expression before ')' token
   65 | if (sizeof ((pid_t)))
      |                    ^
configure:3630: $? = 1
configure: failed program was:
| /* confdefs.h */
| #define PACKAGE_NAME "dtach"
| #define PACKAGE_TARNAME "dtach"
| #define PACKAGE_VERSION "0.9"
| #define PACKAGE_STRING "dtach 0.9"
| #define PACKAGE_BUGREPORT "crigler@gmail.com"
| #define PACKAGE_URL ""
| #define HAVE_LIBUTIL 1
| #define STDC_HEADERS 1
| #define HAVE_SYS_TYPES_H 1
| #define HAVE_SYS_STAT_H 1
| #define HAVE_STDLIB_H 1
| #define HAVE_STRING_H 1
| #define HAVE_MEMORY_H 1
| #define HAVE_STRINGS_H 1
| #define HAVE_INTTYPES_H 1
| #define HAVE_STDINT_H 1
| #define HAVE_UNISTD_H 1
| #define HAVE_FCNTL_H 1
| #define HAVE_SYS_SELECT_H 1
| #define HAVE_SYS_SOCKET_H 1
| #define HAVE_SYS_TIME_H 1
| #define HAVE_SYS_IOCTL_H 1
| #define HAVE_SYS_RESOURCE_H 1
| #define HAVE_PTY_H 1
| #define HAVE_TERMIOS_H 1
| #define TIME_WITH_SYS_TIME 1
| /* end confdefs.h.  */
| #include <stdio.h>
| #ifdef HAVE_SYS_TYPES_H
| # include <sys/types.h>
| #endif
| #ifdef HAVE_SYS_STAT_H
| # include <sys/stat.h>
| #endif
| #ifdef STDC_HEADERS
| # include <stdlib.h>
| # include <stddef.h>
| #else
| # ifdef HAVE_STDLIB_H
| #  include <stdlib.h>
| # endif
| #endif
| #ifdef HAVE_STRING_H
| # if !defined STDC_HEADERS && defined HAVE_MEMORY_H
| #  include <memory.h>
| # endif
| # include <string.h>
| #endif
| #ifdef HAVE_STRINGS_H
| # include <strings.h>
| #endif
| #ifdef HAVE_INTTYPES_H
| # include <inttypes.h>
| #endif
| #ifdef HAVE_STDINT_H
| # include <stdint.h>
| #endif
| #ifdef HAVE_UNISTD_H
| # include <unistd.h>
| #endif
| int
| main ()
| {
| if (sizeof ((pid_t)))
| 	    return 0;
|   ;
|   return 0;
| }
configure:3630: result: yes
configure:3641: checking for ssize_t
configure:3641: gcc -c -g -O2 -W -Wall  conftest.c >&5
configure:3641: $? = 0
configure:3641: gcc -c -g -O2 -W -Wall  conftest.c >&5
conftest.c: In function 'main':
conftest.c:65:22: error: expected expression before ')' token
   65 | if (sizeof ((ssize_t)))
      |                      ^
configure:3641: $? = 1
configure: failed program was:
| /* confdefs.h */
| #define PACKAGE_NAME "dtach"
| #define PACKAGE_TARNAME "dtach"
| #define PACKAGE_VERSION "0.9"
| #define PACKAGE_STRING "dtach 0.9"
| #define PACKAGE_BUGREPORT "crigler@gmail.com"
| #define PACKAGE_URL ""
| #define HAVE_LIBUTIL 1
| #define STDC_HEADERS 1
| #define HAVE_SYS_TYPES_H 1
| #define HAVE_SYS_STAT_H 1
| #define HAVE_STDLIB_H 1
| #define HAVE_STRING_H 1
| #define HAVE_MEMORY_H 1
| #define HAVE_STRINGS_H 1
| #define HAVE_INTTYPES_H 1
| #define HAVE_STDINT_H 1
| #define HAVE_UNISTD_H 1
| #define HAVE_FCNTL_H 1
| #define HAVE_SYS_SELECT_H 1
| #define HAVE_SYS_SOCKET_H 1
| #define HAVE_SYS_TIME_H 1
| #define HAVE_SYS_IOCTL_H 1
| #define HAVE_SYS_RESOURCE_H 1
| #define HAVE_PTY_H 1
| #define HAVE_TERMIOS_H 1
| #define TIME_WITH_SYS_TIME 1
| /* end confdefs.h.  */
| #include <stdio.h>
| #ifdef HAVE_SYS_TYPES_H
| # include <sys/types.h>
| #endif
| #ifdef HAVE_SYS_STAT_H
| # include <sys/stat.h>
| #endif
| #ifdef STDC_HEADERS
| # include <stdlib.h>
| # include <stddef.h>
| #else
| # ifdef HAVE_STDLIB_H
| #  include <stdlib.h>
| # endif
| #endif
| #ifdef HAVE_STRING_H
| # if !defined STDC_HEADERS && defined HAVE_MEMORY_H
| #  include <memory.h>
| # endif
| # include <string.h>
| #endif
| #ifdef HAVE_STRINGS_H
| # include <strings.h>
| #endif
| #ifdef HAVE_INTTYPES_H
| # include <inttypes.h>
| #endif
| #ifdef HAVE_STDINT_H
| # include <stdint.h>
| #endif
| #ifdef HAVE_UNISTD_H
| # include <unistd.h>
| #endif
| int
| main ()
| {
| if (sizeof ((ssize_t)))
| 	    return 0;
|   ;
|   return 0;
| }
configure:3641: result: yes
configure:3654: checking return type of signal handlers
configure:3672: gcc -c -g -O2 -W -Wall  conftest.c >&5
conftest.c: In function 'main':
conftest.c:35:10: error: void value not ignored as it ought to be
   35 | return *(signal (0, 0)) (0) == 1;
      |         ~^~~~~~~~~~~~~~~~~~
configure:3672: $? = 1
configure: failed program was:
| /* confdefs.h */
| #define PACKAGE_NAME "dtach"
| #define PACKAGE_TARNAME "dtach"
| #define PACKAGE_VERSION "0.9"
| #define PACKAGE_STRING "dtach 0.9"
| #define PACKAGE_BUGREPORT "crigler@gmail.com"
| #define PACKAGE_URL ""
| #define HAVE_LIBUTIL 1
| #define STDC_HEADERS 1
| #define HAVE_SYS_TYPES_H 1
| #define HAVE_SYS_STAT_H 1
| #define HAVE_STDLIB_H 1
| #define HAVE_STRING_H 1
| #define HAVE_MEMORY_H 1
| #define HAVE_STRINGS_H 1
| #define HAVE_INTTYPES_H 1
| #define HAVE_STDINT_H 1
| #define HAVE_UNISTD_H 1
| #define HAVE_FCNTL_H 1
| #define HAVE_SYS_SELECT_H 1
| #define HAVE_SYS_SOCKET_H 1
| #define HAVE_SYS_TIME_H 1
| #define HAVE_SYS_IOCTL_H 1
| #define HAVE_SYS_RESOURCE_H 1
| #define HAVE_PTY_H 1
| #define HAVE_TERMIOS_H 1
| #define TIME_WITH_SYS_TIME 1
| /* end confdefs.h.  */
| #include <sys/types.h>
| #include <signal.h>
| 
| int
| main ()
| {
| return *(signal (0, 0)) (0) == 1;
|   ;
|   return 0;
| }
configure:3679: result: void
configure:3690: checking for atexit
configure:3690: gcc -o conftest -g -O2 -W -Wall   conftest.c -lutil  >&5
configure:3690: $? = 0
configure:3690: result: yes
configure:3690: checking for dup2
configure:3690: gcc -o conftest -g -O2 -W -Wall   conftest.c -lutil  >&5
configure:3690: $? = 0
configure:3690: result: yes
configure:3690: checking for memset
configure:3690: gcc -o conftest -g -O2 -W -Wall   conftest.c -lutil  >&5
conftest.c:55:6: warning: conflicting types for built-in function 'memset'; expected 'void *(void *, int,  long unsigned int)' [-Wbuiltin-declaration-mismatch]
   55 | char memset ();
      |      ^~~~~~
conftest.c:43:1: note: 'memset' is declared in header '<string.h>'
   42 | # include <limits.h>
   43 | #else
configure:3690: $? = 0
configure:3690: result: yes
configure:3702: checking for select
configure:3702: gcc -o conftest -g -O2 -W -Wall   conftest.c -lutil  >&5
configure:3702: $? = 0
configure:3702: result: yes
configure:3702: checking for socket
configure:3702: gcc -o conftest -g -O2 -W -Wall   conftest.c -lutil  >&5
configure:3702: $? = 0
configure:3702: result: yes
configure:3702: checking for strerror
configure:3702: gcc -o conftest -g -O2 -W -Wall   conftest.c -lutil  >&5
configure:3702: $? = 0
configure:3702: result: yes
configure:3714: checking for openpty
configure:3714: gcc -o conftest -g -O2 -W -Wall   conftest.c -lutil  >&5
configure:3714: $? = 0
configure:3714: result: yes
configure:3714: checking for forkpty
configure:3714: gcc -o conftest -g -O2 -W -Wall   conftest.c -lutil  >&5
configure:3714: $? = 0
configure:3714: result: yes
configure:3714: checking for ptsname
configure:3714: gcc -o conftest -g -O2 -W -Wall   conftest.c -lutil  >&5
configure:3714: $? = 0
configure:3714: result: yes
configure:3714: checking for grantpt
configure:3714: gcc -o conftest -g -O2 -W -Wall   conftest.c -lutil  >&5
configure:3714: $? = 0
configure:3714: result: yes
configure:3714: checking for unlockpt
configure:3714: gcc -o conftest -g -O2 -W -Wall   conftest.c -lutil  >&5
configure:3714: $? = 0
configure:3714: result: yes
configure:3840: creating ./config.status

## ---------------------- ##
## Running config.status. ##
## ---------------------- ##

This file was extended by dtach config.status 0.9, which was
generated by GNU Autoconf 2.69.  Invocation command line was

  CONFIG_FILES    = 
  CONFIG_HEADERS  = 
  CONFIG_LINKS    = 
  CONFIG_COMMANDS = 
  $ ./config.status 

on 91bf3dec90aa

config.status:819: creating Makefile
config.status:819: creating config.h

## ---------------- ##
## Cache variables. ##
## ---------------- ##

ac_cv_c_compiler_gnu=yes
ac_cv_c_const=yes
ac_cv_env_CC_set=
ac_cv_env_CC_value=
ac_cv_env_CFLAGS_set=
ac_cv_env_CFLAGS_value=
ac_cv_env_CPPFLAGS_set=
ac_cv_env_CPPFLAGS_value=
ac_cv_env_CPP_set=
ac_cv_env_CPP_value=
ac_cv_env_LDFLAGS_set=
ac_cv_env_LDFLAGS_value=
ac_cv_env_LIBS_set=
ac_cv_env_LIBS_value=
ac_cv_env_build_alias_set=
ac_cv_env_build_alias_value=
ac_cv_env_host_alias_set=
ac_cv_env_host_alias_value=
ac_cv_env_target_alias_set=
ac_cv_env_target_alias_value=
ac_cv_func_atexit=yes
ac_cv_func_dup2=yes
ac_cv_func_forkpty=yes
ac_cv_func_grantpt=yes
ac_cv_func_memset=yes
ac_cv_func_openpty=yes
ac_cv_func_ptsname=yes
ac_cv_func_select=yes
ac_cv_func_socket=yes
ac_cv_func_strerror=yes
ac_cv_func_unlockpt=yes
ac_cv_header_fcntl_h=yes
ac_cv_header_inttypes_h=yes
ac_cv_header_libutil_h=no
ac_cv_header_memory_h=yes
ac_cv_header_pty_h=yes
ac_cv_header_stdc=yes
ac_cv_header_stdint_h=yes
ac_cv_header_stdlib_h=yes
ac_cv_header_string_h=yes
ac_cv_header_strings_h=yes
ac_cv_header_stropts_h=no
ac_cv_header_sys_ioctl_h=yes
ac_cv_header_sys_resource_h=yes
ac_cv_header_sys_select_h=yes
ac_cv_header_sys_socket_h=yes
ac_cv_header_sys_stat_h=yes
ac_cv_header_sys_time_h=yes
ac_cv_header_sys_types_h=yes
ac_cv_header_termios_h=yes
ac_cv_header_time=yes
ac_cv_header_unistd_h=yes
ac_cv_header_util_h=no
ac_cv_lib_socket_socket=no
ac_cv_lib_util_openpty=yes
ac_cv_objext=o
ac_cv_path_EGREP='/usr/bin/grep -E'
ac_cv_path_GREP=/usr/bin/grep
ac_cv_prog_CPP='gcc -E'
ac_cv_prog_ac_ct_CC=gcc
ac_cv_prog_cc_c89=
ac_cv_prog_cc_g=yes
ac_cv_prog_gcc_traditional=no
ac_cv_type_pid_t=yes
ac_cv_type_signal=void
ac_cv_type_ssize_t=yes

## ----------------- ##
## Output variables. ##
## ----------------- ##

CC='gcc'
CFLAGS='-g -O2 -W -Wall'
CPP='gcc -E'
CPPFLAGS=''
DEFS='-DHAVE_CONFIG_H'
ECHO_C=''
ECHO_N='-n'
ECHO_T=''
EGREP='/usr/bin/grep -E'
EXEEXT=''
GREP='/usr/bin/grep'
LDFLAGS=''
LIBOBJS=''
LIBS='-lutil '
LTLIBOBJS=''
OBJEXT='o'
PACKAGE_BUGREPORT='crigler@gmail.com'
PACKAGE_NAME='dtach'
PACKAGE_STRING='dtach 0.9'
PACKAGE_TARNAME='dtach'
PACKAGE_URL=''
PACKAGE_VERSION='0.9'
PATH_SEPARATOR=':'
SHELL='/bin/sh'
ac_ct_CC='gcc'
bindir='${exec_prefix}/bin'
build_alias=''
datadir='${datarootdir}'
datarootdir='${prefix}/share'
docdir='${datarootdir}/doc/${PACKAGE_TARNAME}'
dvidir='${docdir}'
exec_prefix='${prefix}'
host_alias=''
htmldir='${docdir}'
includedir='${prefix}/include'
infodir='${datarootdir}/info'
libdir='${exec_prefix}/lib'
libexecdir='${exec_prefix}/libexec'
localedir='${datarootdir}/locale'
localstatedir='${prefix}/var'
mandir='${datarootdir}/man'
oldincludedir='/usr/include'
pdfdir='${docdir}'
prefix='/usr/local'
program_transform_name='s,x,x,'
psdir='${docdir}'
sbindir='${exec_prefix}/sbin'
sharedstatedir='${prefix}/com'
sysconfdir='${prefix}/etc'
target_alias=''

## ----------- ##
## confdefs.h. ##
## ----------- ##

/* confdefs.h */
#define PACKAGE_NAME "dtach"
#define PACKAGE_TARNAME "dtach"
#define PACKAGE_VERSION "0.9"
#define PACKAGE_STRING "dtach 0.9"
#define PACKAGE_BUGREPORT "crigler@gmail.com"
#define PACKAGE_URL ""
#define HAVE_LIBUTIL 1
#define STDC_HEADERS 1
#define HAVE_SYS_TYPES_H 1
#define HAVE_SYS_STAT_H 1
#define HAVE_STDLIB_H 1
#define HAVE_STRING_H 1
#define HAVE_MEMORY_H 1
#define HAVE_STRINGS_H 1
#define HAVE_INTTYPES_H 1
#define HAVE_STDINT_H 1
#define HAVE_UNISTD_H 1
#define HAVE_FCNTL_H 1
#define HAVE_SYS_SELECT_H 1
#define HAVE_SYS_SOCKET_H 1
#define HAVE_SYS_TIME_H 1
#define HAVE_SYS_IOCTL_H 1
#define HAVE_SYS_RESOURCE_H 1
#define HAVE_PTY_H 1
#define HAVE_TERMIOS_H 1
#define TIME_WITH_SYS_TIME 1
#define RETSIGTYPE void
#define HAVE_ATEXIT 1
#define HAVE_DUP2 1
#define HAVE_MEMSET 1
#define HAVE_SELECT 1
#define HAVE_SOCKET 1
#define HAVE_STRERROR 1
#define HAVE_OPENPTY 1
#define HAVE_FORKPTY 1
#define HAVE_PTSNAME 1
#define HAVE_GRANTPT 1
#define HAVE_UNLOCKPT 1

configure: exit 0
