# INFO 2026-01-30 17:22:49,713
<WQBSession ['13120480688@163.com']>.locate_field(...) [
    https://api.worldquantbrain.com/data-fields/open
]: 

# INFO 2026-01-30 17:22:49,714
================================================================================

# INFO 2026-01-30 17:22:49,714
[MULTI-SIMULATION MODE] 以下是multi simulation的记录，你的设计是1个multi simulation中有4个alpha，因此需将实际回测数乘以该乘数，才得到实际已完成的Alpha个数。

# INFO 2026-01-30 17:22:49,715
================================================================================

# INFO 2026-01-30 17:22:49,718
<WQBSession ['13120480688@163.com']>.concurrent_simulate(...) [start 76, 4]: 

# INFO 2026-01-30 17:44:24,855
<WQBSession ['13120480688@163.com']>.simulate(...) [
    https://api.worldquantbrain.com/simulations/15YZBcbcE4B1aMxjD3jpcu3
]: 20/76 = 26%

# INFO 2026-01-30 17:46:52,895
<WQBSession ['13120480688@163.com']>.simulate(...) [
    https://api.worldquantbrain.com/simulations/PzoO99Bf4wfbzEhUeekwvL
]: 30/76 = 39%

# INFO 2026-01-30 17:48:49,853
<WQBSession ['13120480688@163.com']>.simulate(...) [
    https://api.worldquantbrain.com/simulations/6vdWicr54SU9OJ1dYHYSfg3
]: 10/76 = 13%

# INFO 2026-01-30 17:54:37,062
<WQBSession ['13120480688@163.com']>.simulate(...) [
    https://api.worldquantbrain.com/simulations/1F3drgbNN5hL8M5bZELyk1C
]: 40/76 = 52%

# INFO 2026-01-30 17:56:56,396
<WQBSession ['13120480688@163.com']>.simulate(...) [
    https://api.worldquantbrain.com/simulations/15rtOTbkp4OrcgPcWQ1rJcK
]: 50/76 = 65%

# INFO 2026-01-30 17:59:36,465
<WQBSession ['13120480688@163.com']>.simulate(...) [
    https://api.worldquantbrain.com/simulations/3SVbLF3Zx4OacvckFgIfheV
]: 60/76 = 78%

# INFO 2026-01-30 18:02:46,857
<WQBSession ['13120480688@163.com']>.simulate(...) [
    https://api.worldquantbrain.com/simulations/ukTG32x752c8MW17tijgsFQ
]: 70/76 = 92%

# WARNING 2026-01-30 18:51:11,588
<WQBSession ['13120480688@163.com']>.retry(...) [max 600 tries ran out]
self.request(method, url, *args, **kwargs):
    method: GET
    url: https://api.worldquantbrain.com/simulations/3kUMOidgT4vF9EakLKTDgzK
    args: ()
    kwargs: {}
<Response [200]>:
    status_code: 200
    reason: OK
    url: https://api.worldquantbrain.com/simulations/3kUMOidgT4vF9EakLKTDgzK
    elapsed: 0:00:00.344926
    headers: {'Date': 'Fri, 30 Jan 2026 10:51:13 GMT', 'Content-Type': 'application/json', 'Content-Length': '16', 'Connection': 'keep-alive', 'Retry-After': '5.0', 'Allow': 'GET, DELETE, HEAD, OPTIONS', 'X-Request-Id': 'f0b2b42879734ca383d94bd3bf29f02d', 'X-Frame-Options': 'SAMEORIGIN', 'Vary': 'Accept-Language, Cookie, Origin', 'Content-Language': 'en', 'Access-Control-Allow-Origin': 'https://platform.worldquantbrain.com', 'Access-Control-Allow-Credentials': 'true', 'Access-Control-Expose-Headers': 'Location,Retry-After', 'Strict-Transport-Security': 'max-age=31536000; includeSubDomains'}
    text: {"progress":0.1}

# INFO 2026-01-30 18:51:11,589
<WQBSession ['13120480688@163.com']>.concurrent_simulate(...) [finish 76, 4]: 

