# INFO 2026-01-30 13:18:01,929
<WQBSession ['13120480688@163.com']>.locate_field(...) [
    https://api.worldquantbrain.com/data-fields/open
]: 

# INFO 2026-01-30 13:18:01,933
================================================================================

# INFO 2026-01-30 13:18:01,933
[MULTI-SIMULATION MODE] 以下是multi simulation的记录，你的设计是1个multi simulation中有4个alpha，因此需将实际回测数乘以该乘数，才得到实际已完成的Alpha个数。

# INFO 2026-01-30 13:18:01,933
================================================================================

# INFO 2026-01-30 13:18:01,937
<WQBSession ['13120480688@163.com']>.concurrent_simulate(...) [start 156, 4]: 

# INFO 2026-01-30 13:42:24,271
<WQBSession ['13120480688@163.com']>.simulate(...) [
    https://api.worldquantbrain.com/simulations/3Zl41Z7H25bOaRagc8ECw7z
]: 10/156 = 6%

# WARNING 2026-01-30 13:52:40,882
<WQBSession ['13120480688@163.com']>.auth_request(...) [max 3 tries ran out]
super().request(method, url, *args, **kwargs):
    method: POST
    url: https://api.worldquantbrain.com/authentication
    args: ()
    kwargs: {'auth': <requests.auth.HTTPBasicAuth object at 0x000001F2B4545E80>}
<Response [429]>:
    status_code: 429
    reason: Too Many Requests
    url: https://api.worldquantbrain.com/authentication
    elapsed: 0:00:00.292531
    headers: {'Date': 'Fri, 30 Jan 2026 05:52:45 GMT', 'Content-Type': 'application/json; charset=utf-8', 'Content-Length': '41', 'Connection': 'keep-alive', 'RateLimit-Reset': '15', 'Retry-After': '15', 'X-RateLimit-Remaining-Minute': '0', 'X-RateLimit-Limit-Minute': '5', 'RateLimit-Remaining': '0', 'RateLimit-Limit': '5', 'vary': 'Origin', 'Access-Control-Allow-Origin': 'https://platform.worldquantbrain.com', 'Access-Control-Allow-Credentials': 'true', 'Access-Control-Expose-Headers': 'Location,Retry-After', 'Strict-Transport-Security': 'max-age=31536000; includeSubDomains'}
    text: {
  "message":"API rate limit exceeded"
}

# INFO 2026-01-30 14:25:17,213
<WQBSession ['13120480688@163.com']>.simulate(...) [
    https://api.worldquantbrain.com/simulations/2qhadP5Db4O2b2L1gKuMhb6B
]: 20/156 = 12%

# WARNING 2026-01-30 14:48:06,222
<WQBSession ['13120480688@163.com']>.retry(...) [max 600 tries ran out]
self.request(method, url, *args, **kwargs):
    method: GET
    url: https://api.worldquantbrain.com/simulations/1LcpkMb1Q5aMaGqtfLk6DDR
    args: ()
    kwargs: {}
<Response [200]>:
    status_code: 200
    reason: OK
    url: https://api.worldquantbrain.com/simulations/1LcpkMb1Q5aMaGqtfLk6DDR
    elapsed: 0:00:00.265590
    headers: {'Date': 'Fri, 30 Jan 2026 06:48:07 GMT', 'Content-Type': 'application/json', 'Content-Length': '16', 'Connection': 'keep-alive', 'Retry-After': '5.0', 'Allow': 'GET, DELETE, HEAD, OPTIONS', 'X-Request-Id': 'baf763a7552f41c99d4efc77c69b13c2', 'X-Frame-Options': 'SAMEORIGIN', 'Vary': 'Accept-Language, Cookie, Origin', 'Content-Language': 'en', 'Access-Control-Allow-Origin': 'https://platform.worldquantbrain.com', 'Access-Control-Allow-Credentials': 'true', 'Access-Control-Expose-Headers': 'Location,Retry-After', 'Strict-Transport-Security': 'max-age=31536000; includeSubDomains'}
    text: {"progress":0.9}

# INFO 2026-01-30 14:55:39,576
<WQBSession ['13120480688@163.com']>.simulate(...) [
    https://api.worldquantbrain.com/simulations/1Lu9MteCp4waaKJ1ifzVvDf
]: 30/156 = 19%

# WARNING 2026-01-30 15:14:54,541
<WQBSession ['13120480688@163.com']>.retry(...) [max 600 tries ran out]
self.request(method, url, *args, **kwargs):
    method: GET
    url: https://api.worldquantbrain.com/simulations/1l98fybUX4qP9KD1cnT5wj1F
    args: ()
    kwargs: {}
<Response [200]>:
    status_code: 200
    reason: OK
    url: https://api.worldquantbrain.com/simulations/1l98fybUX4qP9KD1cnT5wj1F
    elapsed: 0:00:00.283744
    headers: {'Date': 'Fri, 30 Jan 2026 07:14:56 GMT', 'Content-Type': 'application/json', 'Content-Length': '16', 'Connection': 'keep-alive', 'Retry-After': '5.0', 'Allow': 'GET, DELETE, HEAD, OPTIONS', 'X-Request-Id': 'bf0d37535aea4f0fa8a0e6cd975101d8', 'X-Frame-Options': 'SAMEORIGIN', 'Vary': 'Accept-Language, Cookie, Origin', 'Content-Language': 'en', 'Access-Control-Allow-Origin': 'https://platform.worldquantbrain.com', 'Access-Control-Allow-Credentials': 'true', 'Access-Control-Expose-Headers': 'Location,Retry-After', 'Strict-Transport-Security': 'max-age=31536000; includeSubDomains'}
    text: {"progress":0.9}

# INFO 2026-01-30 15:27:39,659
<WQBSession ['13120480688@163.com']>.simulate(...) [
    https://api.worldquantbrain.com/simulations/4A2UwJ1Z14RBaHtS63nrbFi
]: 40/156 = 25%

# INFO 2026-01-30 15:34:58,317
<WQBSession ['13120480688@163.com']>.simulate(...) [
    https://api.worldquantbrain.com/simulations/2Zma1U2Jg4WxaCfL9ESR7hu
]: 50/156 = 32%

# INFO 2026-01-30 16:01:09,225
<WQBSession ['13120480688@163.com']>.simulate(...) [
    https://api.worldquantbrain.com/simulations/1geAGJb4p4NT8Nm1cypkzIpF
]: 60/156 = 38%

# INFO 2026-01-30 16:17:53,823
<WQBSession ['13120480688@163.com']>.simulate(...) [
    https://api.worldquantbrain.com/simulations/4oRaBjOb4TLcFVbXrxjkKe
]: 70/156 = 44%

# INFO 2026-01-30 16:47:22,392
<WQBSession ['13120480688@163.com']>.simulate(...) [
    https://api.worldquantbrain.com/simulations/1mCZKJ2iW4M3bP9ocBjOJtg
]: 80/156 = 51%

